#
# There is insufficient memory for the Java Runtime Environment to continue.
# Native memory allocation (malloc) failed to allocate 1149296 bytes for Chunk::new
# Possible reasons:
#   The system is out of physical RAM or swap space
#   In 32 bit mode, the process size limit was hit
# Possible solutions:
#   Reduce memory load on the system
#   Increase physical memory or swap space
#   Check if swap backing store is full
#   Use 64 bit Java on a 64 bit OS
#   Decrease Java heap size (-Xmx/-Xms)
#   Decrease number of Java threads
#   Decrease Java thread stack sizes (-Xss)
#   Set larger code cache with -XX:ReservedCodeCacheSize=
# This output file may be truncated or incomplete.
#
#  Out of Memory Error (allocation.cpp:390), pid=2776, tid=13080
#
# JRE version: Java(TM) SE Runtime Environment (8.0_60-b27) (build 1.8.0_60-b27)
# Java VM: Java HotSpot(TM) 64-Bit Server VM (25.60-b23 mixed mode windows-amd64 compressed oops)
# Failed to write core dump. Minidumps are not enabled by default on client versions of Windows
#

---------------  T H R E A D  ---------------

Current thread (0x0000000016e0e000):  JavaThread "C2 CompilerThread1" daemon [_thread_in_native, id=13080, stack(0x0000000018530000,0x0000000018630000)]

Stack: [0x0000000018530000,0x0000000018630000]
[error occurred during error reporting (printing stack bounds), id 0xc0000005]

Native frames: (J=compiled Java code, j=interpreted, Vv=VM code, C=native code)


Current CompileTask:
C2:  16995 2189       4       edu.purdue.simulation.blockstorage.Scheduler::validateWithClassifier (660 bytes)


---------------  P R O C E S S  ---------------

Java Threads: ( => current thread )
  0x00000000188c0000 JavaThread "Abandoned connection cleanup thread" daemon [_thread_blocked, id=2068, stack(0x0000000018d30000,0x0000000018e30000)]
  0x0000000016e5e000 JavaThread "Service Thread" daemon [_thread_blocked, id=13032, stack(0x0000000018b30000,0x0000000018c30000)]
  0x0000000016e02800 JavaThread "C1 CompilerThread2" daemon [_thread_blocked, id=11944, stack(0x0000000018630000,0x0000000018730000)]
=>0x0000000016e0e000 JavaThread "C2 CompilerThread1" daemon [_thread_in_native, id=13080, stack(0x0000000018530000,0x0000000018630000)]
  0x0000000016e0b000 JavaThread "C2 CompilerThread0" daemon [_thread_in_native, id=13068, stack(0x0000000018430000,0x0000000018530000)]
  0x0000000016e08800 JavaThread "Attach Listener" daemon [_thread_blocked, id=10752, stack(0x0000000018330000,0x0000000018430000)]
  0x0000000016e07000 JavaThread "Signal Dispatcher" daemon [_thread_blocked, id=6852, stack(0x0000000018230000,0x0000000018330000)]
  0x00000000022a7800 JavaThread "Finalizer" daemon [_thread_blocked, id=12972, stack(0x0000000018050000,0x0000000018150000)]
  0x0000000016dc9000 JavaThread "Reference Handler" daemon [_thread_blocked, id=3000, stack(0x0000000017f50000,0x0000000018050000)]
  0x00000000021b2800 JavaThread "main" [_thread_in_native, id=10352, stack(0x0000000002080000,0x0000000002180000)]

Other Threads:
  0x0000000016dc7000 VMThread [stack: 0x0000000017e50000,0x0000000017f50000] [id=13024]
  0x0000000018776800 WatcherThread [stack: 0x0000000018c30000,0x0000000018d30000] [id=8000]

VM state:not at safepoint (normal execution)

VM Mutex/Monitor currently owned by a thread: None

Heap:
 PSYoungGen      total 122368K, used 33646K [0x00000000d5f80000, 0x00000000ddd80000, 0x0000000100000000)
  eden space 116736K, 27% used [0x00000000d5f80000,0x00000000d7f63898,0x00000000dd180000)
  from space 5632K, 17% used [0x00000000dd800000,0x00000000dd8f8000,0x00000000ddd80000)
  to   space 6144K, 0% used [0x00000000dd180000,0x00000000dd180000,0x00000000dd780000)
 ParOldGen       total 87552K, used 65587K [0x0000000081e00000, 0x0000000087380000, 0x00000000d5f80000)
  object space 87552K, 74% used [0x0000000081e00000,0x0000000085e0ce08,0x0000000087380000)
 Metaspace       used 9622K, capacity 9814K, committed 9984K, reserved 1058816K
  class space    used 888K, capacity 941K, committed 1024K, reserved 1048576K

Card table byte_map: [0x0000000011670000,0x0000000011a70000] byte_map_base: 0x0000000011261000

Marking Bits: (ParMarkBitMap*) 0x00000000714aa5b0
 Begin Bits: [0x0000000012120000, 0x00000000140a8000)
 End Bits:   [0x00000000140a8000, 0x0000000016030000)

Polling page: 0x0000000000910000

CodeCache: size=245760Kb used=7073Kb max_used=9254Kb free=238686Kb
 bounds [0x00000000022b0000, 0x0000000002bd0000, 0x00000000112b0000]
 total_blobs=2092 nmethods=1718 adapters=287
 compilation: enabled

Compilation events (10 events):
Event: 16.358 Thread 0x0000000016e0b000 2184   !   4       com.mysql.jdbc.StatementImpl::closeAllOpenResults (99 bytes)
Event: 16.366 Thread 0x0000000016e0b000 nmethod 2184 0x00000000026710d0 code [0x0000000002671260, 0x0000000002671878]
Event: 16.539 Thread 0x0000000016e0e000 2185       4       java.util.Formatter$FormatSpecifier::print (243 bytes)
Event: 16.555 Thread 0x0000000016e0e000 nmethod 2185 0x00000000026b4b90 code [0x00000000026b5120, 0x00000000026b58a8]
Event: 16.887 Thread 0x0000000016e0b000 2186       4       com.mysql.jdbc.MysqlIO::checkTransactionState (65 bytes)
Event: 16.888 Thread 0x0000000016e0b000 nmethod 2186 0x00000000025bb4d0 code [0x00000000025bb600, 0x00000000025bb698]
Event: 16.933 Thread 0x0000000016e0e000 2187       4       weka.core.Instances::setClassIndex (41 bytes)
Event: 16.934 Thread 0x0000000016e0e000 nmethod 2187 0x0000000002789710 code [0x0000000002789840, 0x00000000027898d8]
Event: 16.943 Thread 0x0000000016e0b000 2188       4       edu.purdue.simulation.Experiment::createWekaDataset (219 bytes)
Event: 16.961 Thread 0x0000000016e0e000 2189       4       edu.purdue.simulation.blockstorage.Scheduler::validateWithClassifier (660 bytes)

GC Heap History (10 events):
Event: 15.571 GC heap before
{Heap before GC invocations=56 (full 0):
 PSYoungGen      total 122880K, used 116973K [0x00000000d5f80000, 0x00000000ddd80000, 0x0000000100000000)
  eden space 116736K, 99% used [0x00000000d5f80000,0x00000000dd15ef88,0x00000000dd180000)
  from space 6144K, 6% used [0x00000000dd180000,0x00000000dd1dc558,0x00000000dd780000)
  to   space 5632K, 0% used [0x00000000dd800000,0x00000000dd800000,0x00000000ddd80000)
 ParOldGen       total 87552K, used 65587K [0x0000000081e00000, 0x0000000087380000, 0x00000000d5f80000)
  object space 87552K, 74% used [0x0000000081e00000,0x0000000085e0ce08,0x0000000087380000)
 Metaspace       used 9600K, capacity 9750K, committed 9984K, reserved 1058816K
  class space    used 888K, capacity 941K, committed 1024K, reserved 1048576K
Event: 15.572 GC heap after
Heap after GC invocations=56 (full 0):
 PSYoungGen      total 122368K, used 213K [0x00000000d5f80000, 0x00000000ddd80000, 0x0000000100000000)
  eden space 116736K, 0% used [0x00000000d5f80000,0x00000000d5f80000,0x00000000dd180000)
  from space 5632K, 3% used [0x00000000dd800000,0x00000000dd835678,0x00000000ddd80000)
  to   space 6144K, 0% used [0x00000000dd180000,0x00000000dd180000,0x00000000dd780000)
 ParOldGen       total 87552K, used 65587K [0x0000000081e00000, 0x0000000087380000, 0x00000000d5f80000)
  object space 87552K, 74% used [0x0000000081e00000,0x0000000085e0ce08,0x0000000087380000)
 Metaspace       used 9600K, capacity 9750K, committed 9984K, reserved 1058816K
  class space    used 888K, capacity 941K, committed 1024K, reserved 1048576K
}
Event: 15.600 GC heap before
{Heap before GC invocations=57 (full 0):
 PSYoungGen      total 122368K, used 116905K [0x00000000d5f80000, 0x00000000ddd80000, 0x0000000100000000)
  eden space 116736K, 99% used [0x00000000d5f80000,0x00000000dd175178,0x00000000dd180000)
  from space 5632K, 3% used [0x00000000dd800000,0x00000000dd835678,0x00000000ddd80000)
  to   space 6144K, 0% used [0x00000000dd180000,0x00000000dd180000,0x00000000dd780000)
 ParOldGen       total 87552K, used 65587K [0x0000000081e00000, 0x0000000087380000, 0x00000000d5f80000)
  object space 87552K, 74% used [0x0000000081e00000,0x0000000085e0ce08,0x0000000087380000)
 Metaspace       used 9600K, capacity 9750K, committed 9984K, reserved 1058816K
  class space    used 888K, capacity 941K, committed 1024K, reserved 1048576K
Event: 15.601 GC heap after
Heap after GC invocations=57 (full 0):
 PSYoungGen      total 122880K, used 451K [0x00000000d5f80000, 0x00000000ddd80000, 0x0000000100000000)
  eden space 116736K, 0% used [0x00000000d5f80000,0x00000000d5f80000,0x00000000dd180000)
  from space 6144K, 7% used [0x00000000dd180000,0x00000000dd1f0db0,0x00000000dd780000)
  to   space 5632K, 0% used [0x00000000dd800000,0x00000000dd800000,0x00000000ddd80000)
 ParOldGen       total 87552K, used 65587K [0x0000000081e00000, 0x0000000087380000, 0x00000000d5f80000)
  object space 87552K, 74% used [0x0000000081e00000,0x0000000085e0ce08,0x0000000087380000)
 Metaspace       used 9600K, capacity 9750K, committed 9984K, reserved 1058816K
  class space    used 888K, capacity 941K, committed 1024K, reserved 1048576K
}
Event: 15.628 GC heap before
{Heap before GC invocations=58 (full 0):
 PSYoungGen      total 122880K, used 117048K [0x00000000d5f80000, 0x00000000ddd80000, 0x0000000100000000)
  eden space 116736K, 99% used [0x00000000d5f80000,0x00000000dd15d540,0x00000000dd180000)
  from space 6144K, 7% used [0x00000000dd180000,0x00000000dd1f0db0,0x00000000dd780000)
  to   space 5632K, 0% used [0x00000000dd800000,0x00000000dd800000,0x00000000ddd80000)
 ParOldGen       total 87552K, used 65587K [0x0000000081e00000, 0x0000000087380000, 0x00000000d5f80000)
  object space 87552K, 74% used [0x0000000081e00000,0x0000000085e0ce08,0x0000000087380000)
 Metaspace       used 9600K, capacity 9750K, committed 9984K, reserved 1058816K
  class space    used 888K, capacity 941K, committed 1024K, reserved 1048576K
Event: 15.629 GC heap after
Heap after GC invocations=58 (full 0):
 PSYoungGen      total 122368K, used 236K [0x00000000d5f80000, 0x00000000ddd80000, 0x0000000100000000)
  eden space 116736K, 0% used [0x00000000d5f80000,0x00000000d5f80000,0x00000000dd180000)
  from space 5632K, 4% used [0x00000000dd800000,0x00000000dd83b3b8,0x00000000ddd80000)
  to   space 6144K, 0% used [0x00000000dd180000,0x00000000dd180000,0x00000000dd780000)
 ParOldGen       total 87552K, used 65587K [0x0000000081e00000, 0x0000000087380000, 0x00000000d5f80000)
  object space 87552K, 74% used [0x0000000081e00000,0x0000000085e0ce08,0x0000000087380000)
 Metaspace       used 9600K, capacity 9750K, committed 9984K, reserved 1058816K
  class space    used 888K, capacity 941K, committed 1024K, reserved 1048576K
}
Event: 15.655 GC heap before
{Heap before GC invocations=59 (full 0):
 PSYoungGen      total 122368K, used 116789K [0x00000000d5f80000, 0x00000000ddd80000, 0x0000000100000000)
  eden space 116736K, 99% used [0x00000000d5f80000,0x00000000dd152218,0x00000000dd180000)
  from space 5632K, 4% used [0x00000000dd800000,0x00000000dd83b3b8,0x00000000ddd80000)
  to   space 6144K, 0% used [0x00000000dd180000,0x00000000dd180000,0x00000000dd780000)
 ParOldGen       total 87552K, used 65587K [0x0000000081e00000, 0x0000000087380000, 0x00000000d5f80000)
  object space 87552K, 74% used [0x0000000081e00000,0x0000000085e0ce08,0x0000000087380000)
 Metaspace       used 9600K, capacity 9750K, committed 9984K, reserved 1058816K
  class space    used 888K, capacity 941K, committed 1024K, reserved 1048576K
Event: 15.656 GC heap after
Heap after GC invocations=59 (full 0):
 PSYoungGen      total 122880K, used 463K [0x00000000d5f80000, 0x00000000ddd80000, 0x0000000100000000)
  eden space 116736K, 0% used [0x00000000d5f80000,0x00000000d5f80000,0x00000000dd180000)
  from space 6144K, 7% used [0x00000000dd180000,0x00000000dd1f3c78,0x00000000dd780000)
  to   space 5632K, 0% used [0x00000000dd800000,0x00000000dd800000,0x00000000ddd80000)
 ParOldGen       total 87552K, used 65587K [0x0000000081e00000, 0x0000000087380000, 0x00000000d5f80000)
  object space 87552K, 74% used [0x0000000081e00000,0x0000000085e0ce08,0x0000000087380000)
 Metaspace       used 9600K, capacity 9750K, committed 9984K, reserved 1058816K
  class space    used 888K, capacity 941K, committed 1024K, reserved 1048576K
}
Event: 16.241 GC heap before
{Heap before GC invocations=60 (full 0):
 PSYoungGen      total 122880K, used 117199K [0x00000000d5f80000, 0x00000000ddd80000, 0x0000000100000000)
  eden space 116736K, 100% used [0x00000000d5f80000,0x00000000dd180000,0x00000000dd180000)
  from space 6144K, 7% used [0x00000000dd180000,0x00000000dd1f3c78,0x00000000dd780000)
  to   space 5632K, 0% used [0x00000000dd800000,0x00000000dd800000,0x00000000ddd80000)
 ParOldGen       total 87552K, used 65587K [0x0000000081e00000, 0x0000000087380000, 0x00000000d5f80000)
  object space 87552K, 74% used [0x0000000081e00000,0x0000000085e0ce08,0x0000000087380000)
 Metaspace       used 9620K, capacity 9814K, committed 9984K, reserved 1058816K
  class space    used 888K, capacity 941K, committed 1024K, reserved 1048576K
Event: 16.244 GC heap after
Heap after GC invocations=60 (full 0):
 PSYoungGen      total 122368K, used 992K [0x00000000d5f80000, 0x00000000ddd80000, 0x0000000100000000)
  eden space 116736K, 0% used [0x00000000d5f80000,0x00000000d5f80000,0x00000000dd180000)
  from space 5632K, 17% used [0x00000000dd800000,0x00000000dd8f8000,0x00000000ddd80000)
  to   space 6144K, 0% used [0x00000000dd180000,0x00000000dd180000,0x00000000dd780000)
 ParOldGen       total 87552K, used 65587K [0x0000000081e00000, 0x0000000087380000, 0x00000000d5f80000)
  object space 87552K, 74% used [0x0000000081e00000,0x0000000085e0ce08,0x0000000087380000)
 Metaspace       used 9620K, capacity 9814K, committed 9984K, reserved 1058816K
  class space    used 888K, capacity 941K, committed 1024K, reserved 1048576K
}

Deoptimization events (10 events):
Event: 12.895 Thread 0x00000000021b2800 Uncommon trap: reason=class_check action=maybe_recompile pc=0x000000000258b008 method=weka.core.WekaEnumeration.nextElement()Ljava/lang/Object; @ 8
Event: 12.895 Thread 0x00000000021b2800 Uncommon trap: reason=class_check action=maybe_recompile pc=0x00000000027ce388 method=weka.core.WekaEnumeration.hasMoreElements()Z @ 8
Event: 12.895 Thread 0x00000000021b2800 Uncommon trap: reason=class_check action=maybe_recompile pc=0x000000000258b008 method=weka.core.WekaEnumeration.nextElement()Ljava/lang/Object; @ 8
Event: 12.895 Thread 0x00000000021b2800 Uncommon trap: reason=class_check action=maybe_recompile pc=0x00000000025968cc method=weka.core.WekaEnumeration.hasMoreElements()Z @ 8
Event: 12.897 Thread 0x00000000021b2800 Uncommon trap: reason=null_check action=make_not_entrant pc=0x00000000027906e8 method=java.io.ObjectStreamClass.lookup(Ljava/lang/Class;Z)Ljava/io/ObjectStreamClass; @ 45
Event: 15.766 Thread 0x00000000021b2800 Uncommon trap: reason=class_check action=maybe_recompile pc=0x0000000002b13b80 method=com.mysql.jdbc.PreparedStatement.initializeFromParseInfo()V @ 1
Event: 15.766 Thread 0x00000000021b2800 Uncommon trap: reason=class_check action=maybe_recompile pc=0x0000000002afb438 method=com.mysql.jdbc.PreparedStatement.clearParameters()V @ 1
Event: 15.771 Thread 0x00000000021b2800 Uncommon trap: reason=speculate_class_check action=maybe_recompile pc=0x0000000002aae4d0 method=com.mysql.jdbc.PreparedStatement.setBigDecimal(ILjava/math/BigDecimal;)V @ 33
Event: 16.049 Thread 0x00000000021b2800 Uncommon trap: reason=unstable_if action=reinterpret pc=0x000000000280ee94 method=weka.classifiers.evaluation.TwoClassStats.getTruePositiveRate()D @ 11
Event: 16.050 Thread 0x00000000021b2800 Uncommon trap: reason=unstable_if action=reinterpret pc=0x0000000002787520 method=weka.classifiers.evaluation.TwoClassStats.getTruePositiveRate()D @ 11

Internal exceptions (10 events):
Event: 0.147 Thread 0x00000000021b2800 Exception <a 'java/security/PrivilegedActionException'> (0x00000000d6188df8) thrown at [C:\re\workspace\8-2-build-windows-amd64-cygwin\jdk8u60\4407\hotspot\src\share\vm\prims\jvm.cpp, line 1386]
Event: 0.147 Thread 0x00000000021b2800 Exception <a 'java/security/PrivilegedActionException'> (0x00000000d6189008) thrown at [C:\re\workspace\8-2-build-windows-amd64-cygwin\jdk8u60\4407\hotspot\src\share\vm\prims\jvm.cpp, line 1386]
Event: 0.195 Thread 0x00000000021b2800 Exception <a 'java/security/PrivilegedActionException'> (0x00000000d6212bc8) thrown at [C:\re\workspace\8-2-build-windows-amd64-cygwin\jdk8u60\4407\hotspot\src\share\vm\prims\jvm.cpp, line 1386]
Event: 0.195 Thread 0x00000000021b2800 Exception <a 'java/security/PrivilegedActionException'> (0x00000000d6212fc0) thrown at [C:\re\workspace\8-2-build-windows-amd64-cygwin\jdk8u60\4407\hotspot\src\share\vm\prims\jvm.cpp, line 1386]
Event: 0.195 Thread 0x00000000021b2800 Exception <a 'java/security/PrivilegedActionException'> (0x00000000d6216ff0) thrown at [C:\re\workspace\8-2-build-windows-amd64-cygwin\jdk8u60\4407\hotspot\src\share\vm\prims\jvm.cpp, line 1386]
Event: 0.195 Thread 0x00000000021b2800 Exception <a 'java/security/PrivilegedActionException'> (0x00000000d62173e8) thrown at [C:\re\workspace\8-2-build-windows-amd64-cygwin\jdk8u60\4407\hotspot\src\share\vm\prims\jvm.cpp, line 1386]
Event: 1.401 Thread 0x00000000021b2800 Exception <a 'java/lang/NoSuchMethodError': <clinit>> (0x00000000d61d9ad8) thrown at [C:\re\workspace\8-2-build-windows-amd64-cygwin\jdk8u60\4407\hotspot\src\share\vm\prims\jni.cpp, line 1591]
Event: 1.402 Thread 0x00000000021b2800 Exception <a 'java/lang/NoSuchMethodError': <clinit>> (0x00000000d61da848) thrown at [C:\re\workspace\8-2-build-windows-amd64-cygwin\jdk8u60\4407\hotspot\src\share\vm\prims\jni.cpp, line 1591]
Event: 1.402 Thread 0x00000000021b2800 Exception <a 'java/lang/NoSuchMethodError': <clinit>> (0x00000000d61db4f0) thrown at [C:\re\workspace\8-2-build-windows-amd64-cygwin\jdk8u60\4407\hotspot\src\share\vm\prims\jni.cpp, line 1591]
Event: 12.897 Thread 0x00000000021b2800 Implicit null exception at 0x00000000027905ae to 0x00000000027906d6

Events (10 events):
Event: 16.078 Thread 0x0000000016e02800 flushing nmethod 0x0000000002976050
Event: 16.078 Thread 0x0000000016e02800 flushing nmethod 0x000000000297c1d0
Event: 16.078 Thread 0x0000000016e02800 flushing nmethod 0x0000000002992710
Event: 16.079 Thread 0x0000000016e02800 flushing nmethod 0x0000000002996d90
Event: 16.079 Thread 0x0000000016e02800 flushing nmethod 0x000000000299f510
Event: 16.079 Thread 0x0000000016e02800 flushing nmethod 0x00000000029bba10
Event: 16.079 Thread 0x0000000016e02800 flushing nmethod 0x00000000029be850
Event: 16.079 Thread 0x0000000016e02800 flushing nmethod 0x00000000029c8790
Event: 16.241 Executing VM operation: ParallelGCFailedAllocation
Event: 16.244 Executing VM operation: ParallelGCFailedAllocation done


Dynamic libraries:
0x00007ff62a8d0000 - 0x00007ff62a907000 	C:\Program Files\Java\jdk1.8.0_60\bin\java.exe
0x00007ff97bb80000 - 0x00007ff97bd41000 	C:\WINDOWS\SYSTEM32\ntdll.dll
0x00007ff97ba90000 - 0x00007ff97bb3d000 	C:\WINDOWS\system32\KERNEL32.DLL
0x00007ff978ab0000 - 0x00007ff978c98000 	C:\WINDOWS\system32\KERNELBASE.dll
0x00007ff976990000 - 0x00007ff976a09000 	C:\WINDOWS\system32\apphelp.dll
0x00007ff97b8a0000 - 0x00007ff97b947000 	C:\WINDOWS\system32\ADVAPI32.dll
0x00007ff9790d0000 - 0x00007ff97916d000 	C:\WINDOWS\system32\msvcrt.dll
0x00007ff97a270000 - 0x00007ff97a2cb000 	C:\WINDOWS\system32\sechost.dll
0x00007ff979880000 - 0x00007ff97999c000 	C:\WINDOWS\system32\RPCRT4.dll
0x00007ff979bb0000 - 0x00007ff979d06000 	C:\WINDOWS\system32\USER32.dll
0x00007ff9796f0000 - 0x00007ff979876000 	C:\WINDOWS\system32\GDI32.dll
0x00007ff96bef0000 - 0x00007ff96c164000 	C:\WINDOWS\WinSxS\amd64_microsoft.windows.common-controls_6595b64144ccf1df_6.0.10586.0_none_8c15ae12515e1c22\COMCTL32.dll
0x00007ff979d10000 - 0x00007ff979f8d000 	C:\WINDOWS\system32\combase.dll
0x00007ff978340000 - 0x00007ff9783aa000 	C:\WINDOWS\system32\bcryptPrimitives.dll
0x00007ff979090000 - 0x00007ff9790cb000 	C:\WINDOWS\system32\IMM32.DLL
0x0000000071530000 - 0x0000000071602000 	C:\Program Files\Java\jdk1.8.0_60\jre\bin\msvcr100.dll
0x0000000070ca0000 - 0x0000000071529000 	C:\Program Files\Java\jdk1.8.0_60\jre\bin\server\jvm.dll
0x00007ff979ff0000 - 0x00007ff979ff8000 	C:\WINDOWS\system32\PSAPI.DLL
0x00007ff971860000 - 0x00007ff971869000 	C:\WINDOWS\SYSTEM32\WSOCK32.dll
0x00007ff9768a0000 - 0x00007ff9768c3000 	C:\WINDOWS\SYSTEM32\WINMM.dll
0x00007ff96f1b0000 - 0x00007ff96f1ba000 	C:\WINDOWS\SYSTEM32\VERSION.dll
0x00007ff97b830000 - 0x00007ff97b89b000 	C:\WINDOWS\system32\WS2_32.dll
0x00007ff976870000 - 0x00007ff97689c000 	C:\WINDOWS\SYSTEM32\WINMMBASE.dll
0x00007ff978230000 - 0x00007ff978273000 	C:\WINDOWS\system32\cfgmgr32.dll
0x00000000720c0000 - 0x00000000720cf000 	C:\Program Files\Java\jdk1.8.0_60\jre\bin\verify.dll
0x0000000072090000 - 0x00000000720b9000 	C:\Program Files\Java\jdk1.8.0_60\jre\bin\java.dll
0x0000000072070000 - 0x0000000072086000 	C:\Program Files\Java\jdk1.8.0_60\jre\bin\zip.dll
0x00007ff97a2d0000 - 0x00007ff97b82f000 	C:\WINDOWS\system32\SHELL32.dll
0x00007ff9783b0000 - 0x00007ff9789f4000 	C:\WINDOWS\system32\windows.storage.dll
0x00007ff978f80000 - 0x00007ff978fd2000 	C:\WINDOWS\system32\shlwapi.dll
0x00007ff978210000 - 0x00007ff97821f000 	C:\WINDOWS\system32\kernel.appcore.dll
0x00007ff978280000 - 0x00007ff978335000 	C:\WINDOWS\system32\shcore.dll
0x00007ff9781c0000 - 0x00007ff97820b000 	C:\WINDOWS\system32\powrprof.dll
0x00007ff9781a0000 - 0x00007ff9781b4000 	C:\WINDOWS\system32\profapi.dll
0x0000000072050000 - 0x000000007206a000 	C:\Program Files\Java\jdk1.8.0_60\jre\bin\net.dll
0x00007ff977a70000 - 0x00007ff977acc000 	C:\WINDOWS\system32\mswsock.dll
0x00007ff976b20000 - 0x00007ff976bca000 	C:\WINDOWS\SYSTEM32\DNSAPI.dll
0x00007ff97bb40000 - 0x00007ff97bb48000 	C:\WINDOWS\system32\NSI.dll
0x00007ff96db40000 - 0x00007ff96db4a000 	C:\Windows\System32\rasadhlp.dll
0x00007ff9704c0000 - 0x00007ff970527000 	C:\WINDOWS\System32\fwpuclnt.dll
0x00007ff9780d0000 - 0x00007ff9780f9000 	C:\WINDOWS\SYSTEM32\bcrypt.dll

VM Arguments:
java_command: edu.purdue.simulation.BlockStorageSimulator -isTraining false -trainingExperimentID 167 -assessmentPolicy EfficiencyFirst -machineLearningAlgorithm J48 -feedBackLearning true -feedbackLearningInterval 180 -modClockBy 300 -StochasticEventGenerator.clockGapProbability 140 -workloadID 161 -devideDeleteFactorBy 2.5 -maxRequest 10000 -startTestDatasetFromRecordRank 10000
java_class_path (initial): D:\Dropbox\WorkSpaceLuna\MLBlockStorage\target\classes;D:\Dropbox\Research\MLScheduler\jar\libs\ant-1.8.2.jar;D:\Dropbox\Research\MLScheduler\jar\libs\ant-launcher-1.8.2.jar;D:\Dropbox\Research\MLScheduler\jar\libs\commons-csv-1.2.jar;D:\Dropbox\Research\MLScheduler\jar\libs\commons-lang3-3.0.jar;D:\Dropbox\Research\MLScheduler\jar\libs\commons-math3-3.2.jar;D:\Dropbox\Research\MLScheduler\jar\libs\java-cup-0.11a.jar;D:\Dropbox\Research\MLScheduler\jar\libs\joda-time-2.9.jar;D:\Dropbox\Research\MLScheduler\jar\libs\mysql-connector-java-5.1.35.jar;D:\Dropbox\Research\MLScheduler\jar\libs\pentaho-package-manager-1.0.8.jar;D:\Dropbox\Research\MLScheduler\jar\libs\weka-dev-3.7.10.jar
Launcher Type: SUN_STANDARD

Environment Variables:
JAVA_HOME=C:\Program Files\Java\jdk1.7.0_11
CLASSPATH=C:\Program Files\libsvm-3.20\java\libsvm.jar;D:\Tools\ML\liblinear.jar
PATH=C:/Program Files/Java/jdk1.7.0_11/bin/../jre/bin/server;C:/Program Files/Java/jdk1.7.0_11/bin/../jre/bin;C:/Program Files/Java/jdk1.7.0_11/bin/../jre/lib/amd64;D:\Python 3.5\Scripts\;D:\Python 3.5\;C:\ProgramData\Oracle\Java\javapath;C:\Program Files (x86)\iis express\PHP\v5.4;C:\Program Files (x86)\Intel\iCLS Client\;C:\Program Files\Intel\iCLS Client\;C:\WINDOWS\system32;C:\WINDOWS;C:\WINDOWS\System32\Wbem;C:\WINDOWS\System32\WindowsPowerShell\v1.0\;C:\Program Files\Intel\Intel(R) Management Engine Components\DAL;C:\Program Files\Intel\Intel(R) Management Engine Components\IPT;C:\Program Files (x86)\Intel\Intel(R) Management Engine Components\DAL;C:\Program Files (x86)\Intel\Intel(R) Management Engine Components\IPT;C:\Program Files (x86)\Intel\OpenCL SDK\2.0\bin\x86;C:\Program Files (x86)\Intel\OpenCL SDK\2.0\bin\x64;C:\Program Files (x86)\Microsoft ASP.NET\ASP.NET Web Pages\v1.0\;C:\Program Files (x86)\Windows Kits\8.0\Windows Performance Toolkit\;C:\Program Files\Microsoft SQL Server\110\Tools\Binn\;C:\Program Files (x86)\Microsoft SQL Server\100\Tools\Binn\;C:\Program Files\Microsoft SQL Server\100\Tools\Binn\;C:\Program Files\Microsoft SQL Server\1;C:\Program Files\MySQL\MySQL Server 5.5\bin;;C:\Program Files (x86)\Windows Kits\8.1\Windows Performance Toolkit\;C:\Program Files (x86)\Windows Live\Shared;C:\Program Files\Microsoft SQL Server\100\DTS\Binn\;C:\Program Files (x86)\Git\cmd;C:\Program Files (x86)\nodejs\;C:\Program Files\Java\jdk1.7.0_11\bin;C:\Users\babak\.dnx\bin;C:\Program Files\Microsoft DNX\Dnvm\;C:\Program Files (x86)\MiKTeX 2.9\miktex\bin\;C:\Program Files (x86)\Skype\Phone\;C:\Program Files (x86)\MySQL\MySQL Fabric 1.5 & MySQL Utilities 1.5\;C:\Program Files (x86)\MySQL\MySQL Fabric 1.5 & MySQL Utilities 1.5\Doctrine extensions for PHP\;C:\Program Files\Microsoft SQL Server\120\Tools\Binn\;C:\WINDOWS\system32;C:\WINDOWS;C:\WINDOWS\System32\Wbem;C:\WINDOWS\System32\WindowsPowerShell\v1.0\;C:\Users\babak\AppData\Roaming\npm;D:\Tools\eclipse;
USERNAME=babak
OS=Windows_NT
PROCESSOR_IDENTIFIER=Intel64 Family 6 Model 58 Stepping 9, GenuineIntel



---------------  S Y S T E M  ---------------

OS: Windows 10.0 , 64 bit Build 10586 (10.0.10586.0)

CPU:total 4 (2 cores per cpu, 2 threads per core) family 6 model 58 stepping 9, cmov, cx8, fxsr, mmx, sse, sse2, sse3, ssse3, sse4.1, sse4.2, popcnt, avx, aes, clmul, erms, ht, tsc, tscinvbit, tscinv

Memory: 4k page, physical 8264984k(787264k free), swap 23418644k(4752k free)

vm_info: Java HotSpot(TM) 64-Bit Server VM (25.60-b23) for windows-amd64 JRE (1.8.0_60-b27), built on Aug  4 2015 11:06:27 by "java_re" with MS VC++ 10.0 (VS2010)

time: Sun Jan 24 07:15:49 2016
elapsed time: 16 seconds (0d 0h 0m 16s)

