#
# There is insufficient memory for the Java Runtime Environment to continue.
# Native memory allocation (malloc) failed to allocate 145504 bytes for Chunk::new
# Possible reasons:
#   The system is out of physical RAM or swap space
#   In 32 bit mode, the process size limit was hit
# Possible solutions:
#   Reduce memory load on the system
#   Increase physical memory or swap space
#   Check if swap backing store is full
#   Use 64 bit Java on a 64 bit OS
#   Decrease Java heap size (-Xmx/-Xms)
#   Decrease number of Java threads
#   Decrease Java thread stack sizes (-Xss)
#   Set larger code cache with -XX:ReservedCodeCacheSize=
# This output file may be truncated or incomplete.
#
#  Out of Memory Error (allocation.cpp:390), pid=12124, tid=12328
#
# JRE version: Java(TM) SE Runtime Environment (8.0_60-b27) (build 1.8.0_60-b27)
# Java VM: Java HotSpot(TM) 64-Bit Server VM (25.60-b23 mixed mode windows-amd64 compressed oops)
# Failed to write core dump. Minidumps are not enabled by default on client versions of Windows
#

---------------  T H R E A D  ---------------

Current thread (0x0000000016f00800):  JavaThread "C2 CompilerThread0" daemon [_thread_in_native, id=12328, stack(0x0000000018540000,0x0000000018640000)]

Stack: [0x0000000018540000,0x0000000018640000]
[error occurred during error reporting (printing stack bounds), id 0xc0000005]

Native frames: (J=compiled Java code, j=interpreted, Vv=VM code, C=native code)


Current CompileTask:
C2:  12446 2064   !   4       com.mysql.jdbc.PreparedStatement::setInternal (91 bytes)


---------------  P R O C E S S  ---------------

Java Threads: ( => current thread )
  0x00000000189d3800 JavaThread "Abandoned connection cleanup thread" daemon [_thread_blocked, id=12004, stack(0x0000000018e40000,0x0000000018f40000)]
  0x0000000016f5d800 JavaThread "Service Thread" daemon [_thread_blocked, id=6772, stack(0x0000000018c40000,0x0000000018d40000)]
  0x0000000016f0a000 JavaThread "C1 CompilerThread2" daemon [_thread_in_native, id=5368, stack(0x0000000018740000,0x0000000018840000)]
  0x0000000016f03000 JavaThread "C2 CompilerThread1" daemon [_thread_in_native, id=12392, stack(0x0000000018640000,0x0000000018740000)]
=>0x0000000016f00800 JavaThread "C2 CompilerThread0" daemon [_thread_in_native, id=12328, stack(0x0000000018540000,0x0000000018640000)]
  0x0000000016efd800 JavaThread "Attach Listener" daemon [_thread_blocked, id=12528, stack(0x0000000018440000,0x0000000018540000)]
  0x0000000016efc800 JavaThread "Signal Dispatcher" daemon [_thread_blocked, id=12924, stack(0x0000000018340000,0x0000000018440000)]
  0x00000000023d7800 JavaThread "Finalizer" daemon [_thread_blocked, id=13104, stack(0x0000000018160000,0x0000000018260000)]
  0x0000000016ec9000 JavaThread "Reference Handler" daemon [_thread_blocked, id=12348, stack(0x0000000018060000,0x0000000018160000)]
  0x00000000022e2800 JavaThread "main" [_thread_in_Java, id=11980, stack(0x0000000002110000,0x0000000002210000)]

Other Threads:
  0x0000000016ec7000 VMThread [stack: 0x0000000017f60000,0x0000000018060000] [id=10964]
  0x000000001888a800 WatcherThread [stack: 0x0000000018d40000,0x0000000018e40000] [id=9488]

VM state:not at safepoint (normal execution)

VM Mutex/Monitor currently owned by a thread: None

Heap:
 PSYoungGen      total 118272K, used 56261K [0x00000000d5f80000, 0x00000000dde80000, 0x0000000100000000)
  eden space 106496K, 52% used [0x00000000d5f80000,0x00000000d95fd318,0x00000000dc780000)
  from space 11776K, 3% used [0x00000000dc780000,0x00000000dc7f42f0,0x00000000dd300000)
  to   space 11264K, 0% used [0x00000000dd380000,0x00000000dd380000,0x00000000dde80000)
 ParOldGen       total 87552K, used 49059K [0x0000000081e00000, 0x0000000087380000, 0x00000000d5f80000)
  object space 87552K, 56% used [0x0000000081e00000,0x0000000084de8f58,0x0000000087380000)
 Metaspace       used 9587K, capacity 9750K, committed 9984K, reserved 1058816K
  class space    used 888K, capacity 941K, committed 1024K, reserved 1048576K

Card table byte_map: [0x00000000117a0000,0x0000000011ba0000] byte_map_base: 0x0000000011391000

Marking Bits: (ParMarkBitMap*) 0x00000000714aa5b0
 Begin Bits: [0x0000000012250000, 0x00000000141d8000)
 End Bits:   [0x00000000141d8000, 0x0000000016160000)

Polling page: 0x0000000000510000

CodeCache: size=245760Kb used=9361Kb max_used=9361Kb free=236398Kb
 bounds [0x00000000023e0000, 0x0000000002d20000, 0x00000000113e0000]
 total_blobs=2417 nmethods=2043 adapters=287
 compilation: enabled

Compilation events (10 events):
Event: 12.405 Thread 0x0000000016f0a000 nmethod 2063 0x00000000025238d0 code [0x0000000002523a60, 0x0000000002523c90]
Event: 12.405 Thread 0x0000000016f0a000 2062       3       java.util.Formatter$FormatSpecifier::print (168 bytes)
Event: 12.407 Thread 0x0000000016f0a000 nmethod 2062 0x0000000002ce9b90 code [0x0000000002ce9e80, 0x0000000002ceb188]
Event: 12.415 Thread 0x0000000016f00800 2064   !   4       com.mysql.jdbc.PreparedStatement::setInternal (91 bytes)
Event: 12.416 Thread 0x0000000016f0a000 2066       2       com.mysql.jdbc.PreparedStatement::setInt (24 bytes)
Event: 12.416 Thread 0x0000000016f0a000 nmethod 2066 0x000000000250a850 code [0x000000000250a9e0, 0x000000000250ac08]
Event: 12.421 Thread 0x0000000016f0a000 2067   !   3       com.mysql.jdbc.PreparedStatement::setDouble (125 bytes)
Event: 12.422 Thread 0x0000000016f0a000 nmethod 2067 0x0000000002d0e7d0 code [0x0000000002d0eb00, 0x0000000002d103b8]
Event: 12.422 Thread 0x0000000016f0a000 2068       3       com.mysql.jdbc.ConnectionPropertiesImpl::getAllowNanAndInf (8 bytes)
Event: 12.423 Thread 0x0000000016f0a000 nmethod 2068 0x000000000250a250 code [0x000000000250a3c0, 0x000000000250a710]

GC Heap History (10 events):
Event: 11.924 GC heap before
{Heap before GC invocations=29 (full 0):
 PSYoungGen      total 117760K, used 106738K [0x00000000d5f80000, 0x00000000dde80000, 0x0000000100000000)
  eden space 106496K, 99% used [0x00000000d5f80000,0x00000000dc76f140,0x00000000dc780000)
  from space 11264K, 2% used [0x00000000dd380000,0x00000000dd3cd8f0,0x00000000dde80000)
  to   space 11776K, 0% used [0x00000000dc780000,0x00000000dc780000,0x00000000dd300000)
 ParOldGen       total 87552K, used 49059K [0x0000000081e00000, 0x0000000087380000, 0x00000000d5f80000)
  object space 87552K, 56% used [0x0000000081e00000,0x0000000084de8f58,0x0000000087380000)
 Metaspace       used 9572K, capacity 9744K, committed 9984K, reserved 1058816K
  class space    used 887K, capacity 940K, committed 1024K, reserved 1048576K
Event: 11.925 GC heap after
Heap after GC invocations=29 (full 0):
 PSYoungGen      total 118272K, used 185K [0x00000000d5f80000, 0x00000000dde80000, 0x0000000100000000)
  eden space 106496K, 0% used [0x00000000d5f80000,0x00000000d5f80000,0x00000000dc780000)
  from space 11776K, 1% used [0x00000000dc780000,0x00000000dc7ae548,0x00000000dd300000)
  to   space 11264K, 0% used [0x00000000dd380000,0x00000000dd380000,0x00000000dde80000)
 ParOldGen       total 87552K, used 49059K [0x0000000081e00000, 0x0000000087380000, 0x00000000d5f80000)
  object space 87552K, 56% used [0x0000000081e00000,0x0000000084de8f58,0x0000000087380000)
 Metaspace       used 9572K, capacity 9744K, committed 9984K, reserved 1058816K
  class space    used 887K, capacity 940K, committed 1024K, reserved 1048576K
}
Event: 11.953 GC heap before
{Heap before GC invocations=30 (full 0):
 PSYoungGen      total 118272K, used 106446K [0x00000000d5f80000, 0x00000000dde80000, 0x0000000100000000)
  eden space 106496K, 99% used [0x00000000d5f80000,0x00000000dc7453b8,0x00000000dc780000)
  from space 11776K, 1% used [0x00000000dc780000,0x00000000dc7ae548,0x00000000dd300000)
  to   space 11264K, 0% used [0x00000000dd380000,0x00000000dd380000,0x00000000dde80000)
 ParOldGen       total 87552K, used 49059K [0x0000000081e00000, 0x0000000087380000, 0x00000000d5f80000)
  object space 87552K, 56% used [0x0000000081e00000,0x0000000084de8f58,0x0000000087380000)
 Metaspace       used 9572K, capacity 9744K, committed 9984K, reserved 1058816K
  class space    used 887K, capacity 940K, committed 1024K, reserved 1048576K
Event: 11.955 GC heap after
Heap after GC invocations=30 (full 0):
 PSYoungGen      total 117760K, used 198K [0x00000000d5f80000, 0x00000000dde80000, 0x0000000100000000)
  eden space 106496K, 0% used [0x00000000d5f80000,0x00000000d5f80000,0x00000000dc780000)
  from space 11264K, 1% used [0x00000000dd380000,0x00000000dd3b1978,0x00000000dde80000)
  to   space 11776K, 0% used [0x00000000dc780000,0x00000000dc780000,0x00000000dd300000)
 ParOldGen       total 87552K, used 49059K [0x0000000081e00000, 0x0000000087380000, 0x00000000d5f80000)
  object space 87552K, 56% used [0x0000000081e00000,0x0000000084de8f58,0x0000000087380000)
 Metaspace       used 9572K, capacity 9744K, committed 9984K, reserved 1058816K
  class space    used 887K, capacity 940K, committed 1024K, reserved 1048576K
}
Event: 11.984 GC heap before
{Heap before GC invocations=31 (full 0):
 PSYoungGen      total 117760K, used 106514K [0x00000000d5f80000, 0x00000000dde80000, 0x0000000100000000)
  eden space 106496K, 99% used [0x00000000d5f80000,0x00000000dc7531a8,0x00000000dc780000)
  from space 11264K, 1% used [0x00000000dd380000,0x00000000dd3b1978,0x00000000dde80000)
  to   space 11776K, 0% used [0x00000000dc780000,0x00000000dc780000,0x00000000dd300000)
 ParOldGen       total 87552K, used 49059K [0x0000000081e00000, 0x0000000087380000, 0x00000000d5f80000)
  object space 87552K, 56% used [0x0000000081e00000,0x0000000084de8f58,0x0000000087380000)
 Metaspace       used 9572K, capacity 9744K, committed 9984K, reserved 1058816K
  class space    used 887K, capacity 940K, committed 1024K, reserved 1048576K
Event: 11.986 GC heap after
Heap after GC invocations=31 (full 0):
 PSYoungGen      total 118272K, used 210K [0x00000000d5f80000, 0x00000000dde80000, 0x0000000100000000)
  eden space 106496K, 0% used [0x00000000d5f80000,0x00000000d5f80000,0x00000000dc780000)
  from space 11776K, 1% used [0x00000000dc780000,0x00000000dc7b49b0,0x00000000dd300000)
  to   space 11264K, 0% used [0x00000000dd380000,0x00000000dd380000,0x00000000dde80000)
 ParOldGen       total 87552K, used 49059K [0x0000000081e00000, 0x0000000087380000, 0x00000000d5f80000)
  object space 87552K, 56% used [0x0000000081e00000,0x0000000084de8f58,0x0000000087380000)
 Metaspace       used 9572K, capacity 9744K, committed 9984K, reserved 1058816K
  class space    used 887K, capacity 940K, committed 1024K, reserved 1048576K
}
Event: 12.032 GC heap before
{Heap before GC invocations=32 (full 0):
 PSYoungGen      total 118272K, used 106388K [0x00000000d5f80000, 0x00000000dde80000, 0x0000000100000000)
  eden space 106496K, 99% used [0x00000000d5f80000,0x00000000dc730950,0x00000000dc780000)
  from space 11776K, 1% used [0x00000000dc780000,0x00000000dc7b49b0,0x00000000dd300000)
  to   space 11264K, 0% used [0x00000000dd380000,0x00000000dd380000,0x00000000dde80000)
 ParOldGen       total 87552K, used 49059K [0x0000000081e00000, 0x0000000087380000, 0x00000000d5f80000)
  object space 87552K, 56% used [0x0000000081e00000,0x0000000084de8f58,0x0000000087380000)
 Metaspace       used 9572K, capacity 9744K, committed 9984K, reserved 1058816K
  class space    used 887K, capacity 940K, committed 1024K, reserved 1048576K
Event: 12.034 GC heap after
Heap after GC invocations=32 (full 0):
 PSYoungGen      total 117760K, used 443K [0x00000000d5f80000, 0x00000000dde80000, 0x0000000100000000)
  eden space 106496K, 0% used [0x00000000d5f80000,0x00000000d5f80000,0x00000000dc780000)
  from space 11264K, 3% used [0x00000000dd380000,0x00000000dd3eedb0,0x00000000dde80000)
  to   space 11776K, 0% used [0x00000000dc780000,0x00000000dc780000,0x00000000dd300000)
 ParOldGen       total 87552K, used 49059K [0x0000000081e00000, 0x0000000087380000, 0x00000000d5f80000)
  object space 87552K, 56% used [0x0000000081e00000,0x0000000084de8f58,0x0000000087380000)
 Metaspace       used 9572K, capacity 9744K, committed 9984K, reserved 1058816K
  class space    used 887K, capacity 940K, committed 1024K, reserved 1048576K
}
Event: 12.064 GC heap before
{Heap before GC invocations=33 (full 0):
 PSYoungGen      total 117760K, used 106855K [0x00000000d5f80000, 0x00000000dde80000, 0x0000000100000000)
  eden space 106496K, 99% used [0x00000000d5f80000,0x00000000dc76b050,0x00000000dc780000)
  from space 11264K, 3% used [0x00000000dd380000,0x00000000dd3eedb0,0x00000000dde80000)
  to   space 11776K, 0% used [0x00000000dc780000,0x00000000dc780000,0x00000000dd300000)
 ParOldGen       total 87552K, used 49059K [0x0000000081e00000, 0x0000000087380000, 0x00000000d5f80000)
  object space 87552K, 56% used [0x0000000081e00000,0x0000000084de8f58,0x0000000087380000)
 Metaspace       used 9572K, capacity 9744K, committed 9984K, reserved 1058816K
  class space    used 887K, capacity 940K, committed 1024K, reserved 1048576K
Event: 12.065 GC heap after
Heap after GC invocations=33 (full 0):
 PSYoungGen      total 118272K, used 464K [0x00000000d5f80000, 0x00000000dde80000, 0x0000000100000000)
  eden space 106496K, 0% used [0x00000000d5f80000,0x00000000d5f80000,0x00000000dc780000)
  from space 11776K, 3% used [0x00000000dc780000,0x00000000dc7f42f0,0x00000000dd300000)
  to   space 11264K, 0% used [0x00000000dd380000,0x00000000dd380000,0x00000000dde80000)
 ParOldGen       total 87552K, used 49059K [0x0000000081e00000, 0x0000000087380000, 0x00000000d5f80000)
  object space 87552K, 56% used [0x0000000081e00000,0x0000000084de8f58,0x0000000087380000)
 Metaspace       used 9572K, capacity 9744K, committed 9984K, reserved 1058816K
  class space    used 887K, capacity 940K, committed 1024K, reserved 1048576K
}

Deoptimization events (10 events):
Event: 12.365 Thread 0x00000000022e2800 Uncommon trap: reason=class_check action=maybe_recompile pc=0x00000000026b1b88 method=weka.core.WekaEnumeration.nextElement()Ljava/lang/Object; @ 8
Event: 12.365 Thread 0x00000000022e2800 Uncommon trap: reason=class_check action=maybe_recompile pc=0x0000000002906758 method=weka.core.WekaEnumeration.hasMoreElements()Z @ 8
Event: 12.365 Thread 0x00000000022e2800 Uncommon trap: reason=class_check action=maybe_recompile pc=0x00000000026b1b88 method=weka.core.WekaEnumeration.nextElement()Ljava/lang/Object; @ 8
Event: 12.365 Thread 0x00000000022e2800 Uncommon trap: reason=class_check action=maybe_recompile pc=0x0000000002906758 method=weka.core.WekaEnumeration.hasMoreElements()Z @ 8
Event: 12.365 Thread 0x00000000022e2800 Uncommon trap: reason=class_check action=maybe_recompile pc=0x00000000026b1b88 method=weka.core.WekaEnumeration.nextElement()Ljava/lang/Object; @ 8
Event: 12.366 Thread 0x00000000022e2800 Uncommon trap: reason=class_check action=maybe_recompile pc=0x0000000002906758 method=weka.core.WekaEnumeration.hasMoreElements()Z @ 8
Event: 12.366 Thread 0x00000000022e2800 Uncommon trap: reason=class_check action=maybe_recompile pc=0x00000000026b1b88 method=weka.core.WekaEnumeration.nextElement()Ljava/lang/Object; @ 8
Event: 12.366 Thread 0x00000000022e2800 Uncommon trap: reason=class_check action=maybe_recompile pc=0x00000000026c040c method=weka.core.WekaEnumeration.hasMoreElements()Z @ 8
Event: 12.368 Thread 0x00000000022e2800 Uncommon trap: reason=unstable_if action=reinterpret pc=0x0000000002819ee8 method=java.util.concurrent.ConcurrentHashMap.get(Ljava/lang/Object;)Ljava/lang/Object; @ 127
Event: 12.370 Thread 0x00000000022e2800 Uncommon trap: reason=unstable_if action=reinterpret pc=0x00000000029a3cf4 method=java.util.concurrent.ConcurrentHashMap.get(Ljava/lang/Object;)Ljava/lang/Object; @ 127

Internal exceptions (10 events):
Event: 0.039 Thread 0x00000000022e2800 Exception <a 'java/lang/NoSuchMethodError': Method sun.misc.Unsafe.prefetchRead(Ljava/lang/Object;J)V name or signature does not match> (0x00000000d5f8e7d8) thrown at [C:\re\workspace\8-2-build-windows-amd64-cygwin\jdk8u60\4407\hotspot\src\share\vm\prims\j#q.¼nø¾?
Event: 0.121 Thread 0x00000000022e2800 Exception <a 'java/security/PrivilegedActionException'> (0x00000000d6188c10) thrown at [C:\re\workspace\8-2-build-windows-amd64-cygwin\jdk8u60\4407\hotspot\src\share\vm\prims\jvm.cpp, line 1386]
Event: 0.121 Thread 0x00000000022e2800 Exception <a 'java/security/PrivilegedActionException'> (0x00000000d6188e20) thrown at [C:\re\workspace\8-2-build-windows-amd64-cygwin\jdk8u60\4407\hotspot\src\share\vm\prims\jvm.cpp, line 1386]
Event: 0.162 Thread 0x00000000022e2800 Exception <a 'java/security/PrivilegedActionException'> (0x00000000d62129e0) thrown at [C:\re\workspace\8-2-build-windows-amd64-cygwin\jdk8u60\4407\hotspot\src\share\vm\prims\jvm.cpp, line 1386]
Event: 0.162 Thread 0x00000000022e2800 Exception <a 'java/security/PrivilegedActionException'> (0x00000000d6212dd8) thrown at [C:\re\workspace\8-2-build-windows-amd64-cygwin\jdk8u60\4407\hotspot\src\share\vm\prims\jvm.cpp, line 1386]
Event: 0.163 Thread 0x00000000022e2800 Exception <a 'java/security/PrivilegedActionException'> (0x00000000d6216e08) thrown at [C:\re\workspace\8-2-build-windows-amd64-cygwin\jdk8u60\4407\hotspot\src\share\vm\prims\jvm.cpp, line 1386]
Event: 0.163 Thread 0x00000000022e2800 Exception <a 'java/security/PrivilegedActionException'> (0x00000000d6217200) thrown at [C:\re\workspace\8-2-build-windows-amd64-cygwin\jdk8u60\4407\hotspot\src\share\vm\prims\jvm.cpp, line 1386]
Event: 1.369 Thread 0x00000000022e2800 Exception <a 'java/lang/NoSuchMethodError': <clinit>> (0x00000000d6206610) thrown at [C:\re\workspace\8-2-build-windows-amd64-cygwin\jdk8u60\4407\hotspot\src\share\vm\prims\jni.cpp, line 1591]
Event: 1.369 Thread 0x00000000022e2800 Exception <a 'java/lang/NoSuchMethodError': <clinit>> (0x00000000d6207380) thrown at [C:\re\workspace\8-2-build-windows-amd64-cygwin\jdk8u60\4407\hotspot\src\share\vm\prims\jni.cpp, line 1591]
Event: 1.370 Thread 0x00000000022e2800 Exception <a 'java/lang/NoSuchMethodError': <clinit>> (0x00000000d6208028) thrown at [C:\re\workspace\8-2-build-windows-amd64-cygwin\jdk8u60\4407\hotspot\src\share\vm\prims\jni.cpp, line 1591]

Events (10 events):
Event: 12.366 Thread 0x00000000022e2800 DEOPT UNPACKING pc=0x000000000242582a sp=0x000000000220ef18 mode 2
Event: 12.366 Thread 0x00000000022e2800 Uncommon trap: trap_request=0xffffffde fr.pc=0x00000000026c040c
Event: 12.366 Thread 0x00000000022e2800 DEOPT PACKING pc=0x00000000026c040c sp=0x000000000220eef0
Event: 12.366 Thread 0x00000000022e2800 DEOPT UNPACKING pc=0x000000000242582a sp=0x000000000220ee90 mode 2
Event: 12.368 Thread 0x00000000022e2800 Uncommon trap: trap_request=0xffffff65 fr.pc=0x0000000002819ee8
Event: 12.368 Thread 0x00000000022e2800 DEOPT PACKING pc=0x0000000002819ee8 sp=0x000000000220e540
Event: 12.368 Thread 0x00000000022e2800 DEOPT UNPACKING pc=0x000000000242582a sp=0x000000000220e448 mode 2
Event: 12.370 Thread 0x00000000022e2800 Uncommon trap: trap_request=0xffffff65 fr.pc=0x00000000029a3cf4
Event: 12.370 Thread 0x00000000022e2800 DEOPT PACKING pc=0x00000000029a3cf4 sp=0x000000000220ddb0
Event: 12.370 Thread 0x00000000022e2800 DEOPT UNPACKING pc=0x000000000242582a sp=0x000000000220dd28 mode 2


Dynamic libraries:
0x00007ff62a8d0000 - 0x00007ff62a907000 	C:\Program Files\Java\jdk1.8.0_60\bin\java.exe
0x00007ff97bb80000 - 0x00007ff97bd41000 	C:\WINDOWS\SYSTEM32\ntdll.dll
0x00007ff97ba90000 - 0x00007ff97bb3d000 	C:\WINDOWS\system32\KERNEL32.DLL
0x00007ff978ab0000 - 0x00007ff978c98000 	C:\WINDOWS\system32\KERNELBASE.dll
0x00007ff976990000 - 0x00007ff976a09000 	C:\WINDOWS\system32\apphelp.dll
0x00007ff97b8a0000 - 0x00007ff97b947000 	C:\WINDOWS\system32\ADVAPI32.dll
0x00007ff9790d0000 - 0x00007ff97916d000 	C:\WINDOWS\system32\msvcrt.dll
0x00007ff97a270000 - 0x00007ff97a2cb000 	C:\WINDOWS\system32\sechost.dll
0x00007ff979880000 - 0x00007ff97999c000 	C:\WINDOWS\system32\RPCRT4.dll
0x00007ff979bb0000 - 0x00007ff979d06000 	C:\WINDOWS\system32\USER32.dll
0x00007ff9796f0000 - 0x00007ff979876000 	C:\WINDOWS\system32\GDI32.dll
0x00007ff96bef0000 - 0x00007ff96c164000 	C:\WINDOWS\WinSxS\amd64_microsoft.windows.common-controls_6595b64144ccf1df_6.0.10586.0_none_8c15ae12515e1c22\COMCTL32.dll
0x00007ff979d10000 - 0x00007ff979f8d000 	C:\WINDOWS\system32\combase.dll
0x00007ff978340000 - 0x00007ff9783aa000 	C:\WINDOWS\system32\bcryptPrimitives.dll
0x00007ff979090000 - 0x00007ff9790cb000 	C:\WINDOWS\system32\IMM32.DLL
0x0000000071530000 - 0x0000000071602000 	C:\Program Files\Java\jdk1.8.0_60\jre\bin\msvcr100.dll
0x0000000070ca0000 - 0x0000000071529000 	C:\Program Files\Java\jdk1.8.0_60\jre\bin\server\jvm.dll
0x00007ff979ff0000 - 0x00007ff979ff8000 	C:\WINDOWS\system32\PSAPI.DLL
0x00007ff9768a0000 - 0x00007ff9768c3000 	C:\WINDOWS\SYSTEM32\WINMM.dll
0x00007ff96f1b0000 - 0x00007ff96f1ba000 	C:\WINDOWS\SYSTEM32\VERSION.dll
0x00007ff971860000 - 0x00007ff971869000 	C:\WINDOWS\SYSTEM32\WSOCK32.dll
0x00007ff97b830000 - 0x00007ff97b89b000 	C:\WINDOWS\system32\WS2_32.dll
0x00007ff976870000 - 0x00007ff97689c000 	C:\WINDOWS\SYSTEM32\WINMMBASE.dll
0x00007ff978230000 - 0x00007ff978273000 	C:\WINDOWS\system32\cfgmgr32.dll
0x00000000720c0000 - 0x00000000720cf000 	C:\Program Files\Java\jdk1.8.0_60\jre\bin\verify.dll
0x0000000072090000 - 0x00000000720b9000 	C:\Program Files\Java\jdk1.8.0_60\jre\bin\java.dll
0x0000000072070000 - 0x0000000072086000 	C:\Program Files\Java\jdk1.8.0_60\jre\bin\zip.dll
0x00007ff97a2d0000 - 0x00007ff97b82f000 	C:\WINDOWS\system32\SHELL32.dll
0x00007ff9783b0000 - 0x00007ff9789f4000 	C:\WINDOWS\system32\windows.storage.dll
0x00007ff978f80000 - 0x00007ff978fd2000 	C:\WINDOWS\system32\shlwapi.dll
0x00007ff978210000 - 0x00007ff97821f000 	C:\WINDOWS\system32\kernel.appcore.dll
0x00007ff978280000 - 0x00007ff978335000 	C:\WINDOWS\system32\shcore.dll
0x00007ff9781c0000 - 0x00007ff97820b000 	C:\WINDOWS\system32\powrprof.dll
0x00007ff9781a0000 - 0x00007ff9781b4000 	C:\WINDOWS\system32\profapi.dll
0x0000000072050000 - 0x000000007206a000 	C:\Program Files\Java\jdk1.8.0_60\jre\bin\net.dll
0x00007ff977a70000 - 0x00007ff977acc000 	C:\WINDOWS\system32\mswsock.dll
0x00007ff976b20000 - 0x00007ff976bca000 	C:\WINDOWS\SYSTEM32\DNSAPI.dll
0x00007ff97bb40000 - 0x00007ff97bb48000 	C:\WINDOWS\system32\NSI.dll
0x00007ff96db40000 - 0x00007ff96db4a000 	C:\Windows\System32\rasadhlp.dll
0x00007ff9704c0000 - 0x00007ff970527000 	C:\WINDOWS\System32\fwpuclnt.dll
0x00007ff9780d0000 - 0x00007ff9780f9000 	C:\WINDOWS\SYSTEM32\bcrypt.dll

VM Arguments:
java_command: edu.purdue.simulation.BlockStorageSimulator -isTraining false -trainingExperimentID 167 -assessmentPolicy QoSFirst -machineLearningAlgorithm J48 -feedBackLearning true -feedbackLearningInterval 180 -modClockBy 300 -StochasticEventGenerator.clockGapProbability 140 -workloadID 161 -devideDeleteFactorBy 2.5 -maxRequest 10000 -startTestDatasetFromRecordRank 10000
java_class_path (initial): D:\Dropbox\WorkSpaceLuna\MLBlockStorage\target\classes;D:\Dropbox\Research\MLScheduler\jar\libs\ant-1.8.2.jar;D:\Dropbox\Research\MLScheduler\jar\libs\ant-launcher-1.8.2.jar;D:\Dropbox\Research\MLScheduler\jar\libs\commons-csv-1.2.jar;D:\Dropbox\Research\MLScheduler\jar\libs\commons-lang3-3.0.jar;D:\Dropbox\Research\MLScheduler\jar\libs\commons-math3-3.2.jar;D:\Dropbox\Research\MLScheduler\jar\libs\java-cup-0.11a.jar;D:\Dropbox\Research\MLScheduler\jar\libs\joda-time-2.9.jar;D:\Dropbox\Research\MLScheduler\jar\libs\mysql-connector-java-5.1.35.jar;D:\Dropbox\Research\MLScheduler\jar\libs\pentaho-package-manager-1.0.8.jar;D:\Dropbox\Research\MLScheduler\jar\libs\weka-dev-3.7.10.jar
Launcher Type: SUN_STANDARD

Environment Variables:
JAVA_HOME=C:\Program Files\Java\jdk1.7.0_11
CLASSPATH=C:\Program Files\libsvm-3.20\java\libsvm.jar;D:\Tools\ML\liblinear.jar
PATH=C:/Program Files/Java/jdk1.7.0_11/bin/../jre/bin/server;C:/Program Files/Java/jdk1.7.0_11/bin/../jre/bin;C:/Program Files/Java/jdk1.7.0_11/bin/../jre/lib/amd64;D:\Python 3.5\Scripts\;D:\Python 3.5\;C:\ProgramData\Oracle\Java\javapath;C:\Program Files (x86)\iis express\PHP\v5.4;C:\Program Files (x86)\Intel\iCLS Client\;C:\Program Files\Intel\iCLS Client\;C:\WINDOWS\system32;C:\WINDOWS;C:\WINDOWS\System32\Wbem;C:\WINDOWS\System32\WindowsPowerShell\v1.0\;C:\Program Files\Intel\Intel(R) Management Engine Components\DAL;C:\Program Files\Intel\Intel(R) Management Engine Components\IPT;C:\Program Files (x86)\Intel\Intel(R) Management Engine Components\DAL;C:\Program Files (x86)\Intel\Intel(R) Management Engine Components\IPT;C:\Program Files (x86)\Intel\OpenCL SDK\2.0\bin\x86;C:\Program Files (x86)\Intel\OpenCL SDK\2.0\bin\x64;C:\Program Files (x86)\Microsoft ASP.NET\ASP.NET Web Pages\v1.0\;C:\Program Files (x86)\Windows Kits\8.0\Windows Performance Toolkit\;C:\Program Files\Microsoft SQL Server\110\Tools\Binn\;C:\Program Files (x86)\Microsoft SQL Server\100\Tools\Binn\;C:\Program Files\Microsoft SQL Server\100\Tools\Binn\;C:\Program Files\Microsoft SQL Server\1;C:\Program Files\MySQL\MySQL Server 5.5\bin;;C:\Program Files (x86)\Windows Kits\8.1\Windows Performance Toolkit\;C:\Program Files (x86)\Windows Live\Shared;C:\Program Files\Microsoft SQL Server\100\DTS\Binn\;C:\Program Files (x86)\Git\cmd;C:\Program Files (x86)\nodejs\;C:\Program Files\Java\jdk1.7.0_11\bin;C:\Users\babak\.dnx\bin;C:\Program Files\Microsoft DNX\Dnvm\;C:\Program Files (x86)\MiKTeX 2.9\miktex\bin\;C:\Program Files (x86)\Skype\Phone\;C:\Program Files (x86)\MySQL\MySQL Fabric 1.5 & MySQL Utilities 1.5\;C:\Program Files (x86)\MySQL\MySQL Fabric 1.5 & MySQL Utilities 1.5\Doctrine extensions for PHP\;C:\Program Files\Microsoft SQL Server\120\Tools\Binn\;C:\WINDOWS\system32;C:\WINDOWS;C:\WINDOWS\System32\Wbem;C:\WINDOWS\System32\WindowsPowerShell\v1.0\;C:\Users\babak\AppData\Roaming\npm;D:\Tools\eclipse;
USERNAME=babak
OS=Windows_NT
PROCESSOR_IDENTIFIER=Intel64 Family 6 Model 58 Stepping 9, GenuineIntel



---------------  S Y S T E M  ---------------

OS: Windows 10.0 , 64 bit Build 10586 (10.0.10586.0)

CPU:total 4 (2 cores per cpu, 2 threads per core) family 6 model 58 stepping 9, cmov, cx8, fxsr, mmx, sse, sse2, sse3, ssse3, sse4.1, sse4.2, popcnt, avx, aes, clmul, erms, ht, tsc, tscinvbit, tscinv

Memory: 4k page, physical 8264984k(291116k free), swap 23418644k(5280k free)

vm_info: Java HotSpot(TM) 64-Bit Server VM (25.60-b23) for windows-amd64 JRE (1.8.0_60-b27), built on Aug  4 2015 11:06:27 by "java_re" with MS VC++ 10.0 (VS2010)

time: Sun Jan 24 07:11:45 2016
elapsed time: 12 seconds (0d 0h 0m 12s)

