#
# There is insufficient memory for the Java Runtime Environment to continue.
# Native memory allocation (malloc) failed to allocate 171376 bytes for Chunk::new
# Possible reasons:
#   The system is out of physical RAM or swap space
#   In 32 bit mode, the process size limit was hit
# Possible solutions:
#   Reduce memory load on the system
#   Increase physical memory or swap space
#   Check if swap backing store is full
#   Use 64 bit Java on a 64 bit OS
#   Decrease Java heap size (-Xmx/-Xms)
#   Decrease number of Java threads
#   Decrease Java thread stack sizes (-Xss)
#   Set larger code cache with -XX:ReservedCodeCacheSize=
# This output file may be truncated or incomplete.
#
#  Out of Memory Error (allocation.cpp:390), pid=8796, tid=10816
#
# JRE version: Java(TM) SE Runtime Environment (8.0_60-b27) (build 1.8.0_60-b27)
# Java VM: Java HotSpot(TM) 64-Bit Server VM (25.60-b23 mixed mode windows-amd64 compressed oops)
# Failed to write core dump. Minidumps are not enabled by default on client versions of Windows
#

---------------  T H R E A D  ---------------

Current thread (0x0000000016e50800):  JavaThread "C2 CompilerThread0" daemon [_thread_in_native, id=10816, stack(0x0000000018480000,0x0000000018580000)]

Stack: [0x0000000018480000,0x0000000018580000]
[error occurred during error reporting (printing stack bounds), id 0xc0000005]

Native frames: (J=compiled Java code, j=interpreted, Vv=VM code, C=native code)


Current CompileTask:
C2:   6569 1615 % !   4       com.mysql.jdbc.PreparedStatement$ParseInfo::<init> @ 184 (1149 bytes)


---------------  P R O C E S S  ---------------

Java Threads: ( => current thread )
  0x000000001890f800 JavaThread "Abandoned connection cleanup thread" daemon [_thread_blocked, id=13120, stack(0x0000000018d80000,0x0000000018e80000)]
  0x0000000016eae000 JavaThread "Service Thread" daemon [_thread_blocked, id=13136, stack(0x0000000018b80000,0x0000000018c80000)]
  0x0000000016e5b800 JavaThread "C1 CompilerThread2" daemon [_thread_in_vm, id=12340, stack(0x0000000018680000,0x0000000018780000)]
  0x0000000016e53000 JavaThread "C2 CompilerThread1" daemon [_thread_in_native, id=11000, stack(0x0000000018580000,0x0000000018680000)]
=>0x0000000016e50800 JavaThread "C2 CompilerThread0" daemon [_thread_in_native, id=10816, stack(0x0000000018480000,0x0000000018580000)]
  0x0000000016e4d800 JavaThread "Attach Listener" daemon [_thread_blocked, id=12468, stack(0x0000000018380000,0x0000000018480000)]
  0x0000000016e4c800 JavaThread "Signal Dispatcher" daemon [_thread_blocked, id=1148, stack(0x0000000018280000,0x0000000018380000)]
  0x0000000002327800 JavaThread "Finalizer" daemon [_thread_blocked, id=11524, stack(0x00000000180a0000,0x00000000181a0000)]
  0x0000000016e19000 JavaThread "Reference Handler" daemon [_thread_blocked, id=12640, stack(0x0000000017fa0000,0x00000000180a0000)]
  0x0000000002232800 JavaThread "main" [_thread_in_Java, id=8036, stack(0x0000000002130000,0x0000000002230000)]

Other Threads:
  0x0000000016e17000 VMThread [stack: 0x0000000017ea0000,0x0000000017fa0000] [id=12956]
  0x0000000016e8c800 WatcherThread [stack: 0x0000000018c80000,0x0000000018d80000] [id=8272]

VM state:not at safepoint (normal execution)

VM Mutex/Monitor currently owned by a thread: None

Heap:
 PSYoungGen      total 71680K, used 31687K [0x00000000d5f80000, 0x00000000ddb80000, 0x0000000100000000)
  eden space 66560K, 39% used [0x00000000d5f80000,0x00000000d7977f10,0x00000000da080000)
  from space 5120K, 99% used [0x00000000da080000,0x00000000da57a038,0x00000000da580000)
  to   space 10240K, 0% used [0x00000000dd180000,0x00000000dd180000,0x00000000ddb80000)
 ParOldGen       total 87552K, used 26493K [0x0000000081e00000, 0x0000000087380000, 0x00000000d5f80000)
  object space 87552K, 30% used [0x0000000081e00000,0x00000000837df6e8,0x0000000087380000)
 Metaspace       used 9292K, capacity 9420K, committed 9728K, reserved 1058816K
  class space    used 887K, capacity 940K, committed 1024K, reserved 1048576K

Card table byte_map: [0x00000000116f0000,0x0000000011af0000] byte_map_base: 0x00000000112e1000

Marking Bits: (ParMarkBitMap*) 0x00000000714aa5b0
 Begin Bits: [0x00000000121a0000, 0x0000000014128000)
 End Bits:   [0x0000000014128000, 0x00000000160b0000)

Polling page: 0x00000000009a0000

CodeCache: size=245760Kb used=7034Kb max_used=7046Kb free=238725Kb
 bounds [0x0000000002330000, 0x0000000002a20000, 0x0000000011330000]
 total_blobs=2012 nmethods=1637 adapters=287
 compilation: disabled (not enough contiguous free space left)

Compilation events (10 events):
Event: 6.530 Thread 0x0000000016e53000 1619       4       java.nio.CharBuffer::arrayOffset (35 bytes)
Event: 6.531 Thread 0x0000000016e53000 nmethod 1619 0x0000000002a13810 code [0x0000000002a13940, 0x0000000002a139d8]
Event: 6.544 Thread 0x0000000016e53000 1639       4       com.mysql.jdbc.ConnectionImpl::getServerCharset (103 bytes)
Event: 6.546 Thread 0x0000000016e5b800 1644   !   3       com.mysql.jdbc.EscapeProcessor::escapeSQL (1052 bytes)
Event: 6.549 Thread 0x0000000016e53000 nmethod 1639 0x0000000002a14e50 code [0x0000000002a14fc0, 0x0000000002a15238]
Event: 6.549 Thread 0x0000000016e53000 1642       4       java.nio.HeapByteBuffer::get (54 bytes)
Event: 6.552 Thread 0x0000000016e53000 nmethod 1642 0x0000000002a14910 code [0x0000000002a14a60, 0x0000000002a14c38]
Event: 6.552 Thread 0x0000000016e53000 1641       4       java.nio.charset.CharsetEncoder::encode (136 bytes)
Event: 6.561 Thread 0x0000000016e53000 nmethod 1641 0x0000000002a13d50 code [0x0000000002a13ec0, 0x0000000002a142f8]
Event: 6.561 Thread 0x0000000016e53000 1640       4       com.mysql.jdbc.StringUtils::getBytes (86 bytes)

GC Heap History (10 events):
Event: 3.297 GC heap before
{Heap before GC invocations=5 (full 0):
 PSYoungGen      total 71680K, used 71652K [0x00000000d5f80000, 0x00000000daa80000, 0x0000000100000000)
  eden space 66560K, 100% used [0x00000000d5f80000,0x00000000da080000,0x00000000da080000)
  from space 5120K, 99% used [0x00000000da580000,0x00000000daa79180,0x00000000daa80000)
  to   space 5120K, 0% used [0x00000000da080000,0x00000000da080000,0x00000000da580000)
 ParOldGen       total 87552K, used 12671K [0x0000000081e00000, 0x0000000087380000, 0x00000000d5f80000)
  object space 87552K, 14% used [0x0000000081e00000,0x0000000082a5fce0,0x0000000087380000)
 Metaspace       used 9023K, capacity 9204K, committed 9472K, reserved 1058816K
  class space    used 880K, capacity 936K, committed 1024K, reserved 1048576K
Event: 3.313 GC heap after
Heap after GC invocations=5 (full 0):
 PSYoungGen      total 71680K, used 5110K [0x00000000d5f80000, 0x00000000daa80000, 0x0000000100000000)
  eden space 66560K, 0% used [0x00000000d5f80000,0x00000000d5f80000,0x00000000da080000)
  from space 5120K, 99% used [0x00000000da080000,0x00000000da57dac8,0x00000000da580000)
  to   space 5120K, 0% used [0x00000000da580000,0x00000000da580000,0x00000000daa80000)
 ParOldGen       total 87552K, used 15636K [0x0000000081e00000, 0x0000000087380000, 0x00000000d5f80000)
  object space 87552K, 17% used [0x0000000081e00000,0x0000000082d45368,0x0000000087380000)
 Metaspace       used 9023K, capacity 9204K, committed 9472K, reserved 1058816K
  class space    used 880K, capacity 936K, committed 1024K, reserved 1048576K
}
Event: 4.160 GC heap before
{Heap before GC invocations=6 (full 0):
 PSYoungGen      total 71680K, used 71670K [0x00000000d5f80000, 0x00000000daa80000, 0x0000000100000000)
  eden space 66560K, 100% used [0x00000000d5f80000,0x00000000da080000,0x00000000da080000)
  from space 5120K, 99% used [0x00000000da080000,0x00000000da57dac8,0x00000000da580000)
  to   space 5120K, 0% used [0x00000000da580000,0x00000000da580000,0x00000000daa80000)
 ParOldGen       total 87552K, used 15636K [0x0000000081e00000, 0x0000000087380000, 0x00000000d5f80000)
  object space 87552K, 17% used [0x0000000081e00000,0x0000000082d45368,0x0000000087380000)
 Metaspace       used 9030K, capacity 9204K, committed 9472K, reserved 1058816K
  class space    used 880K, capacity 936K, committed 1024K, reserved 1048576K
Event: 4.172 GC heap after
Heap after GC invocations=6 (full 0):
 PSYoungGen      total 71680K, used 5106K [0x00000000d5f80000, 0x00000000daa80000, 0x0000000100000000)
  eden space 66560K, 0% used [0x00000000d5f80000,0x00000000d5f80000,0x00000000da080000)
  from space 5120K, 99% used [0x00000000da580000,0x00000000daa7cbc8,0x00000000daa80000)
  to   space 5120K, 0% used [0x00000000da080000,0x00000000da080000,0x00000000da580000)
 ParOldGen       total 87552K, used 19043K [0x0000000081e00000, 0x0000000087380000, 0x00000000d5f80000)
  object space 87552K, 21% used [0x0000000081e00000,0x0000000083098f20,0x0000000087380000)
 Metaspace       used 9030K, capacity 9204K, committed 9472K, reserved 1058816K
  class space    used 880K, capacity 936K, committed 1024K, reserved 1048576K
}
Event: 4.730 GC heap before
{Heap before GC invocations=7 (full 0):
 PSYoungGen      total 71680K, used 71666K [0x00000000d5f80000, 0x00000000daa80000, 0x0000000100000000)
  eden space 66560K, 100% used [0x00000000d5f80000,0x00000000da080000,0x00000000da080000)
  from space 5120K, 99% used [0x00000000da580000,0x00000000daa7cbc8,0x00000000daa80000)
  to   space 5120K, 0% used [0x00000000da080000,0x00000000da080000,0x00000000da580000)
 ParOldGen       total 87552K, used 19043K [0x0000000081e00000, 0x0000000087380000, 0x00000000d5f80000)
  object space 87552K, 21% used [0x0000000081e00000,0x0000000083098f20,0x0000000087380000)
 Metaspace       used 9037K, capacity 9204K, committed 9472K, reserved 1058816K
  class space    used 880K, capacity 936K, committed 1024K, reserved 1048576K
Event: 4.742 GC heap after
Heap after GC invocations=7 (full 0):
 PSYoungGen      total 71680K, used 4710K [0x00000000d5f80000, 0x00000000daa80000, 0x0000000100000000)
  eden space 66560K, 0% used [0x00000000d5f80000,0x00000000d5f80000,0x00000000da080000)
  from space 5120K, 92% used [0x00000000da080000,0x00000000da519a18,0x00000000da580000)
  to   space 5120K, 0% used [0x00000000da580000,0x00000000da580000,0x00000000daa80000)
 ParOldGen       total 87552K, used 22169K [0x0000000081e00000, 0x0000000087380000, 0x00000000d5f80000)
  object space 87552K, 25% used [0x0000000081e00000,0x00000000833a66b0,0x0000000087380000)
 Metaspace       used 9037K, capacity 9204K, committed 9472K, reserved 1058816K
  class space    used 880K, capacity 936K, committed 1024K, reserved 1048576K
}
Event: 5.340 GC heap before
{Heap before GC invocations=8 (full 0):
 PSYoungGen      total 71680K, used 71270K [0x00000000d5f80000, 0x00000000daa80000, 0x0000000100000000)
  eden space 66560K, 100% used [0x00000000d5f80000,0x00000000da080000,0x00000000da080000)
  from space 5120K, 92% used [0x00000000da080000,0x00000000da519a18,0x00000000da580000)
  to   space 5120K, 0% used [0x00000000da580000,0x00000000da580000,0x00000000daa80000)
 ParOldGen       total 87552K, used 22169K [0x0000000081e00000, 0x0000000087380000, 0x00000000d5f80000)
  object space 87552K, 25% used [0x0000000081e00000,0x00000000833a66b0,0x0000000087380000)
 Metaspace       used 9056K, capacity 9210K, committed 9472K, reserved 1058816K
  class space    used 880K, capacity 937K, committed 1024K, reserved 1048576K
Event: 5.349 GC heap after
Heap after GC invocations=8 (full 0):
 PSYoungGen      total 71680K, used 5100K [0x00000000d5f80000, 0x00000000daa80000, 0x0000000100000000)
  eden space 66560K, 0% used [0x00000000d5f80000,0x00000000d5f80000,0x00000000da080000)
  from space 5120K, 99% used [0x00000000da580000,0x00000000daa7b288,0x00000000daa80000)
  to   space 5120K, 0% used [0x00000000da080000,0x00000000da080000,0x00000000da580000)
 ParOldGen       total 87552K, used 23750K [0x0000000081e00000, 0x0000000087380000, 0x00000000d5f80000)
  object space 87552K, 27% used [0x0000000081e00000,0x0000000083531a68,0x0000000087380000)
 Metaspace       used 9056K, capacity 9210K, committed 9472K, reserved 1058816K
  class space    used 880K, capacity 937K, committed 1024K, reserved 1048576K
}
Event: 5.902 GC heap before
{Heap before GC invocations=9 (full 0):
 PSYoungGen      total 71680K, used 71660K [0x00000000d5f80000, 0x00000000daa80000, 0x0000000100000000)
  eden space 66560K, 100% used [0x00000000d5f80000,0x00000000da080000,0x00000000da080000)
  from space 5120K, 99% used [0x00000000da580000,0x00000000daa7b288,0x00000000daa80000)
  to   space 5120K, 0% used [0x00000000da080000,0x00000000da080000,0x00000000da580000)
 ParOldGen       total 87552K, used 23750K [0x0000000081e00000, 0x0000000087380000, 0x00000000d5f80000)
  object space 87552K, 27% used [0x0000000081e00000,0x0000000083531a68,0x0000000087380000)
 Metaspace       used 9075K, capacity 9274K, committed 9472K, reserved 1058816K
  class space    used 880K, capacity 937K, committed 1024K, reserved 1048576K
Event: 5.914 GC heap after
Heap after GC invocations=9 (full 0):
 PSYoungGen      total 71680K, used 5096K [0x00000000d5f80000, 0x00000000ddb80000, 0x0000000100000000)
  eden space 66560K, 0% used [0x00000000d5f80000,0x00000000d5f80000,0x00000000da080000)
  from space 5120K, 99% used [0x00000000da080000,0x00000000da57a038,0x00000000da580000)
  to   space 10240K, 0% used [0x00000000dd180000,0x00000000dd180000,0x00000000ddb80000)
 ParOldGen       total 87552K, used 26493K [0x0000000081e00000, 0x0000000087380000, 0x00000000d5f80000)
  object space 87552K, 30% used [0x0000000081e00000,0x00000000837df6e8,0x0000000087380000)
 Metaspace       used 9075K, capacity 9274K, committed 9472K, reserved 1058816K
  class space    used 880K, capacity 937K, committed 1024K, reserved 1048576K
}

Deoptimization events (10 events):
Event: 2.686 Thread 0x0000000002232800 Uncommon trap: reason=array_check action=maybe_recompile pc=0x000000000284e620 method=java.io.ObjectInputStream.readArray(Z)Ljava/lang/Object; @ 406
Event: 2.686 Thread 0x0000000002232800 Uncommon trap: reason=array_check action=maybe_recompile pc=0x000000000284e620 method=java.io.ObjectInputStream.readArray(Z)Ljava/lang/Object; @ 406
Event: 2.688 Thread 0x0000000002232800 Uncommon trap: reason=array_check action=maybe_recompile pc=0x000000000284e620 method=java.io.ObjectInputStream.readArray(Z)Ljava/lang/Object; @ 406
Event: 3.231 Thread 0x0000000002232800 Uncommon trap: reason=unstable_if action=reinterpret pc=0x00000000025a55a8 method=com.mysql.jdbc.ResultSetRow.getString(Ljava/lang/String;Lcom/mysql/jdbc/MySQLConnection;[BII)Ljava/lang/String; @ 40
Event: 3.350 Thread 0x0000000002232800 Uncommon trap: reason=unstable_if action=reinterpret pc=0x000000000281a74c method=java.io.BufferedInputStream.read()I @ 8
Event: 3.356 Thread 0x0000000002232800 Uncommon trap: reason=unstable_if action=reinterpret pc=0x00000000027487d8 method=java.io.BufferedInputStream.read()I @ 8
Event: 3.425 Thread 0x0000000002232800 Uncommon trap: reason=unstable_if action=reinterpret pc=0x00000000027e56d4 method=weka.classifiers.evaluation.Evaluation.evaluationForSingleInstance([DLweka/core/Instance;Z)D @ 50
Event: 3.434 Thread 0x0000000002232800 Uncommon trap: reason=unstable_if action=reinterpret pc=0x0000000002830948 method=java.io.BufferedInputStream.read()I @ 8
Event: 3.435 Thread 0x0000000002232800 Uncommon trap: reason=unstable_if action=reinterpret pc=0x00000000026a2cac method=java.io.BufferedInputStream.read()I @ 8
Event: 5.194 Thread 0x0000000002232800 Uncommon trap: reason=unstable_if action=reinterpret pc=0x0000000002761160 method=weka.classifiers.evaluation.Evaluation.updateStatsForClassifier([DLweka/core/Instance;)V @ 358

Internal exceptions (10 events):
Event: 0.122 Thread 0x0000000002232800 Exception <a 'java/security/PrivilegedActionException'> (0x00000000d6188ac0) thrown at [C:\re\workspace\8-2-build-windows-amd64-cygwin\jdk8u60\4407\hotspot\src\share\vm\prims\jvm.cpp, line 1386]
Event: 0.122 Thread 0x0000000002232800 Exception <a 'java/security/PrivilegedActionException'> (0x00000000d6188cd0) thrown at [C:\re\workspace\8-2-build-windows-amd64-cygwin\jdk8u60\4407\hotspot\src\share\vm\prims\jvm.cpp, line 1386]
Event: 0.162 Thread 0x0000000002232800 Exception <a 'java/security/PrivilegedActionException'> (0x00000000d6212890) thrown at [C:\re\workspace\8-2-build-windows-amd64-cygwin\jdk8u60\4407\hotspot\src\share\vm\prims\jvm.cpp, line 1386]
Event: 0.162 Thread 0x0000000002232800 Exception <a 'java/security/PrivilegedActionException'> (0x00000000d6212c88) thrown at [C:\re\workspace\8-2-build-windows-amd64-cygwin\jdk8u60\4407\hotspot\src\share\vm\prims\jvm.cpp, line 1386]
Event: 0.162 Thread 0x0000000002232800 Exception <a 'java/security/PrivilegedActionException'> (0x00000000d6216cb8) thrown at [C:\re\workspace\8-2-build-windows-amd64-cygwin\jdk8u60\4407\hotspot\src\share\vm\prims\jvm.cpp, line 1386]
Event: 0.162 Thread 0x0000000002232800 Exception <a 'java/security/PrivilegedActionException'> (0x00000000d62170b0) thrown at [C:\re\workspace\8-2-build-windows-amd64-cygwin\jdk8u60\4407\hotspot\src\share\vm\prims\jvm.cpp, line 1386]
Event: 0.875 Thread 0x0000000002232800 Implicit null exception at 0x00000000025821fd to 0x000000000258271d
Event: 1.404 Thread 0x0000000002232800 Exception <a 'java/lang/NoSuchMethodError': <clinit>> (0x00000000d6209478) thrown at [C:\re\workspace\8-2-build-windows-amd64-cygwin\jdk8u60\4407\hotspot\src\share\vm\prims\jni.cpp, line 1591]
Event: 1.404 Thread 0x0000000002232800 Exception <a 'java/lang/NoSuchMethodError': <clinit>> (0x00000000d620a1e8) thrown at [C:\re\workspace\8-2-build-windows-amd64-cygwin\jdk8u60\4407\hotspot\src\share\vm\prims\jni.cpp, line 1591]
Event: 1.404 Thread 0x0000000002232800 Exception <a 'java/lang/NoSuchMethodError': <clinit>> (0x00000000d620ae90) thrown at [C:\re\workspace\8-2-build-windows-amd64-cygwin\jdk8u60\4407\hotspot\src\share\vm\prims\jni.cpp, line 1591]

Events (10 events):
Event: 6.253 Executing VM operation: BulkRevokeBias
Event: 6.253 Executing VM operation: BulkRevokeBias done
Event: 6.344 Executing VM operation: BulkRevokeBias
Event: 6.344 Executing VM operation: BulkRevokeBias done
Event: 6.480 Thread 0x0000000002232800 DEOPT PACKING pc=0x000000000296f807 sp=0x000000000222eab0
Event: 6.480 Thread 0x0000000002232800 DEOPT UNPACKING pc=0x000000000237787f sp=0x000000000222e908 mode 0
Event: 6.486 Thread 0x0000000002232800 DEOPT PACKING pc=0x000000000296f807 sp=0x000000000222e6b0
Event: 6.486 Thread 0x0000000002232800 DEOPT UNPACKING pc=0x000000000237787f sp=0x000000000222e4d8 mode 0
Event: 6.494 Thread 0x0000000002232800 DEOPT PACKING pc=0x000000000296f807 sp=0x000000000222ea10
Event: 6.494 Thread 0x0000000002232800 DEOPT UNPACKING pc=0x000000000237787f sp=0x000000000222e868 mode 0


Dynamic libraries:
0x00007ff62a8d0000 - 0x00007ff62a907000 	C:\Program Files\Java\jdk1.8.0_60\bin\java.exe
0x00007ff97bb80000 - 0x00007ff97bd41000 	C:\WINDOWS\SYSTEM32\ntdll.dll
0x00007ff97ba90000 - 0x00007ff97bb3d000 	C:\WINDOWS\system32\KERNEL32.DLL
0x00007ff978ab0000 - 0x00007ff978c98000 	C:\WINDOWS\system32\KERNELBASE.dll
0x00007ff976990000 - 0x00007ff976a09000 	C:\WINDOWS\system32\apphelp.dll
0x00007ff97b8a0000 - 0x00007ff97b947000 	C:\WINDOWS\system32\ADVAPI32.dll
0x00007ff9790d0000 - 0x00007ff97916d000 	C:\WINDOWS\system32\msvcrt.dll
0x00007ff97a270000 - 0x00007ff97a2cb000 	C:\WINDOWS\system32\sechost.dll
0x00007ff979880000 - 0x00007ff97999c000 	C:\WINDOWS\system32\RPCRT4.dll
0x00007ff979bb0000 - 0x00007ff979d06000 	C:\WINDOWS\system32\USER32.dll
0x00007ff9796f0000 - 0x00007ff979876000 	C:\WINDOWS\system32\GDI32.dll
0x00007ff96bef0000 - 0x00007ff96c164000 	C:\WINDOWS\WinSxS\amd64_microsoft.windows.common-controls_6595b64144ccf1df_6.0.10586.0_none_8c15ae12515e1c22\COMCTL32.dll
0x00007ff979d10000 - 0x00007ff979f8d000 	C:\WINDOWS\system32\combase.dll
0x00007ff978340000 - 0x00007ff9783aa000 	C:\WINDOWS\system32\bcryptPrimitives.dll
0x00007ff979090000 - 0x00007ff9790cb000 	C:\WINDOWS\system32\IMM32.DLL
0x0000000071530000 - 0x0000000071602000 	C:\Program Files\Java\jdk1.8.0_60\jre\bin\msvcr100.dll
0x0000000070ca0000 - 0x0000000071529000 	C:\Program Files\Java\jdk1.8.0_60\jre\bin\server\jvm.dll
0x00007ff979ff0000 - 0x00007ff979ff8000 	C:\WINDOWS\system32\PSAPI.DLL
0x00007ff971860000 - 0x00007ff971869000 	C:\WINDOWS\SYSTEM32\WSOCK32.dll
0x00007ff9768a0000 - 0x00007ff9768c3000 	C:\WINDOWS\SYSTEM32\WINMM.dll
0x00007ff96f1b0000 - 0x00007ff96f1ba000 	C:\WINDOWS\SYSTEM32\VERSION.dll
0x00007ff97b830000 - 0x00007ff97b89b000 	C:\WINDOWS\system32\ws2_32.DLL
0x00007ff976870000 - 0x00007ff97689c000 	C:\WINDOWS\SYSTEM32\WINMMBASE.dll
0x00007ff978230000 - 0x00007ff978273000 	C:\WINDOWS\system32\cfgmgr32.dll
0x00000000720c0000 - 0x00000000720cf000 	C:\Program Files\Java\jdk1.8.0_60\jre\bin\verify.dll
0x0000000072090000 - 0x00000000720b9000 	C:\Program Files\Java\jdk1.8.0_60\jre\bin\java.dll
0x0000000072070000 - 0x0000000072086000 	C:\Program Files\Java\jdk1.8.0_60\jre\bin\zip.dll
0x00007ff97a2d0000 - 0x00007ff97b82f000 	C:\WINDOWS\system32\SHELL32.dll
0x00007ff9783b0000 - 0x00007ff9789f4000 	C:\WINDOWS\system32\windows.storage.dll
0x00007ff978f80000 - 0x00007ff978fd2000 	C:\WINDOWS\system32\shlwapi.dll
0x00007ff978210000 - 0x00007ff97821f000 	C:\WINDOWS\system32\kernel.appcore.dll
0x00007ff978280000 - 0x00007ff978335000 	C:\WINDOWS\system32\shcore.dll
0x00007ff9781c0000 - 0x00007ff97820b000 	C:\WINDOWS\system32\powrprof.dll
0x00007ff9781a0000 - 0x00007ff9781b4000 	C:\WINDOWS\system32\profapi.dll
0x0000000072050000 - 0x000000007206a000 	C:\Program Files\Java\jdk1.8.0_60\jre\bin\net.dll
0x00007ff977a70000 - 0x00007ff977acc000 	C:\WINDOWS\system32\mswsock.dll
0x00007ff976b20000 - 0x00007ff976bca000 	C:\WINDOWS\SYSTEM32\DNSAPI.dll
0x00007ff97bb40000 - 0x00007ff97bb48000 	C:\WINDOWS\system32\NSI.dll
0x00007ff96db40000 - 0x00007ff96db4a000 	C:\Windows\System32\rasadhlp.dll
0x00007ff9704c0000 - 0x00007ff970527000 	C:\WINDOWS\System32\fwpuclnt.dll
0x00007ff9780d0000 - 0x00007ff9780f9000 	C:\WINDOWS\SYSTEM32\bcrypt.dll

VM Arguments:
java_command: edu.purdue.simulation.BlockStorageSimulator -isTraining false -trainingExperimentID 167 -assessmentPolicy MaxEfficiency -machineLearningAlgorithm J48 -feedBackLearning true -feedbackLearningInterval 180 -modClockBy 300 -StochasticEventGenerator.clockGapProbability 140 -workloadID 161 -devideDeleteFactorBy 2.5 -maxRequest 10000 -startTestDatasetFromRecordRank 10000
java_class_path (initial): D:\Dropbox\WorkSpaceLuna\MLBlockStorage\target\classes;D:\Dropbox\Research\MLScheduler\jar\libs\ant-1.8.2.jar;D:\Dropbox\Research\MLScheduler\jar\libs\ant-launcher-1.8.2.jar;D:\Dropbox\Research\MLScheduler\jar\libs\commons-csv-1.2.jar;D:\Dropbox\Research\MLScheduler\jar\libs\commons-lang3-3.0.jar;D:\Dropbox\Research\MLScheduler\jar\libs\commons-math3-3.2.jar;D:\Dropbox\Research\MLScheduler\jar\libs\java-cup-0.11a.jar;D:\Dropbox\Research\MLScheduler\jar\libs\joda-time-2.9.jar;D:\Dropbox\Research\MLScheduler\jar\libs\mysql-connector-java-5.1.35.jar;D:\Dropbox\Research\MLScheduler\jar\libs\pentaho-package-manager-1.0.8.jar;D:\Dropbox\Research\MLScheduler\jar\libs\weka-dev-3.7.10.jar
Launcher Type: SUN_STANDARD

Environment Variables:
JAVA_HOME=C:\Program Files\Java\jdk1.7.0_11
CLASSPATH=C:\Program Files\libsvm-3.20\java\libsvm.jar;D:\Tools\ML\liblinear.jar
PATH=C:/Program Files/Java/jdk1.7.0_11/bin/../jre/bin/server;C:/Program Files/Java/jdk1.7.0_11/bin/../jre/bin;C:/Program Files/Java/jdk1.7.0_11/bin/../jre/lib/amd64;D:\Python 3.5\Scripts\;D:\Python 3.5\;C:\ProgramData\Oracle\Java\javapath;C:\Program Files (x86)\iis express\PHP\v5.4;C:\Program Files (x86)\Intel\iCLS Client\;C:\Program Files\Intel\iCLS Client\;C:\WINDOWS\system32;C:\WINDOWS;C:\WINDOWS\System32\Wbem;C:\WINDOWS\System32\WindowsPowerShell\v1.0\;C:\Program Files\Intel\Intel(R) Management Engine Components\DAL;C:\Program Files\Intel\Intel(R) Management Engine Components\IPT;C:\Program Files (x86)\Intel\Intel(R) Management Engine Components\DAL;C:\Program Files (x86)\Intel\Intel(R) Management Engine Components\IPT;C:\Program Files (x86)\Intel\OpenCL SDK\2.0\bin\x86;C:\Program Files (x86)\Intel\OpenCL SDK\2.0\bin\x64;C:\Program Files (x86)\Microsoft ASP.NET\ASP.NET Web Pages\v1.0\;C:\Program Files (x86)\Windows Kits\8.0\Windows Performance Toolkit\;C:\Program Files\Microsoft SQL Server\110\Tools\Binn\;C:\Program Files (x86)\Microsoft SQL Server\100\Tools\Binn\;C:\Program Files\Microsoft SQL Server\100\Tools\Binn\;C:\Program Files\Microsoft SQL Server\1;C:\Program Files\MySQL\MySQL Server 5.5\bin;;C:\Program Files (x86)\Windows Kits\8.1\Windows Performance Toolkit\;C:\Program Files (x86)\Windows Live\Shared;C:\Program Files\Microsoft SQL Server\100\DTS\Binn\;C:\Program Files (x86)\Git\cmd;C:\Program Files (x86)\nodejs\;C:\Program Files\Java\jdk1.7.0_11\bin;C:\Users\babak\.dnx\bin;C:\Program Files\Microsoft DNX\Dnvm\;C:\Program Files (x86)\MiKTeX 2.9\miktex\bin\;C:\Program Files (x86)\Skype\Phone\;C:\Program Files (x86)\MySQL\MySQL Fabric 1.5 & MySQL Utilities 1.5\;C:\Program Files (x86)\MySQL\MySQL Fabric 1.5 & MySQL Utilities 1.5\Doctrine extensions for PHP\;C:\Program Files\Microsoft SQL Server\120\Tools\Binn\;C:\WINDOWS\system32;C:\WINDOWS;C:\WINDOWS\System32\Wbem;C:\WINDOWS\System32\WindowsPowerShell\v1.0\;C:\Users\babak\AppData\Roaming\npm;D:\Tools\eclipse;
USERNAME=babak
OS=Windows_NT
PROCESSOR_IDENTIFIER=Intel64 Family 6 Model 58 Stepping 9, GenuineIntel



---------------  S Y S T E M  ---------------

OS: Windows 10.0 , 64 bit Build 10586 (10.0.10586.0)

CPU:total 4 (2 cores per cpu, 2 threads per core) family 6 model 58 stepping 9, cmov, cx8, fxsr, mmx, sse, sse2, sse3, ssse3, sse4.1, sse4.2, popcnt, avx, aes, clmul, erms, ht, tsc, tscinvbit, tscinv

Memory: 4k page, physical 8264984k(866044k free), swap 23418644k(3984k free)

vm_info: Java HotSpot(TM) 64-Bit Server VM (25.60-b23) for windows-amd64 JRE (1.8.0_60-b27), built on Aug  4 2015 11:06:27 by "java_re" with MS VC++ 10.0 (VS2010)

time: Sun Jan 24 07:19:39 2016
elapsed time: 6 seconds (0d 0h 0m 6s)

