#
# There is insufficient memory for the Java Runtime Environment to continue.
# Native memory allocation (malloc) failed to allocate 182416 bytes for Chunk::new
# Possible reasons:
#   The system is out of physical RAM or swap space
#   In 32 bit mode, the process size limit was hit
# Possible solutions:
#   Reduce memory load on the system
#   Increase physical memory or swap space
#   Check if swap backing store is full
#   Use 64 bit Java on a 64 bit OS
#   Decrease Java heap size (-Xmx/-Xms)
#   Decrease number of Java threads
#   Decrease Java thread stack sizes (-Xss)
#   Set larger code cache with -XX:ReservedCodeCacheSize=
# This output file may be truncated or incomplete.
#
#  Out of Memory Error (allocation.cpp:390), pid=12700, tid=9172
#
# JRE version: Java(TM) SE Runtime Environment (8.0_60-b27) (build 1.8.0_60-b27)
# Java VM: Java HotSpot(TM) 64-Bit Server VM (25.60-b23 mixed mode windows-amd64 compressed oops)
# Failed to write core dump. Minidumps are not enabled by default on client versions of Windows
#

---------------  T H R E A D  ---------------

Current thread (0x0000000016e30000):  JavaThread "C2 CompilerThread0" daemon [_thread_in_native, id=9172, stack(0x0000000018470000,0x0000000018570000)]

Stack: [0x0000000018470000,0x0000000018570000]
[error occurred during error reporting (printing stack bounds), id 0xc0000005]

Native frames: (J=compiled Java code, j=interpreted, Vv=VM code, C=native code)


Current CompileTask:
C2:   5626 1424       4       com.mysql.jdbc.StringUtils::indexOfNextChar (859 bytes)


---------------  P R O C E S S  ---------------

Java Threads: ( => current thread )
  0x0000000018909000 JavaThread "Abandoned connection cleanup thread" daemon [_thread_blocked, id=5252, stack(0x0000000018d70000,0x0000000018e70000)]
  0x0000000016e8e000 JavaThread "Service Thread" daemon [_thread_blocked, id=11040, stack(0x0000000018b70000,0x0000000018c70000)]
  0x0000000016e36800 JavaThread "C1 CompilerThread2" daemon [_thread_blocked, id=10844, stack(0x0000000018670000,0x0000000018770000)]
  0x0000000016e33000 JavaThread "C2 CompilerThread1" daemon [_thread_blocked, id=13228, stack(0x0000000018570000,0x0000000018670000)]
=>0x0000000016e30000 JavaThread "C2 CompilerThread0" daemon [_thread_in_native, id=9172, stack(0x0000000018470000,0x0000000018570000)]
  0x0000000016e2d800 JavaThread "Attach Listener" daemon [_thread_blocked, id=3384, stack(0x0000000018370000,0x0000000018470000)]
  0x0000000016e2c800 JavaThread "Signal Dispatcher" daemon [_thread_blocked, id=8560, stack(0x0000000018270000,0x0000000018370000)]
  0x0000000002307800 JavaThread "Finalizer" daemon [_thread_blocked, id=9420, stack(0x0000000018090000,0x0000000018190000)]
  0x0000000016df9000 JavaThread "Reference Handler" daemon [_thread_blocked, id=12492, stack(0x0000000017f90000,0x0000000018090000)]
  0x0000000002212800 JavaThread "main" [_thread_in_vm, id=5684, stack(0x0000000002100000,0x0000000002200000)]

Other Threads:
  0x0000000016df7000 VMThread [stack: 0x0000000017e90000,0x0000000017f90000] [id=7732]
  0x00000000187bf800 WatcherThread [stack: 0x0000000018c70000,0x0000000018d70000] [id=7604]

VM state:not at safepoint (normal execution)

VM Mutex/Monitor currently owned by a thread: None

Heap:
 PSYoungGen      total 71680K, used 24591K [0x00000000d5f80000, 0x00000000ddc80000, 0x0000000100000000)
  eden space 66560K, 29% used [0x00000000d5f80000,0x00000000d72895d0,0x00000000da080000)
  from space 5120K, 99% used [0x00000000da080000,0x00000000da57a918,0x00000000da580000)
  to   space 10752K, 0% used [0x00000000dd200000,0x00000000dd200000,0x00000000ddc80000)
 ParOldGen       total 87552K, used 25366K [0x0000000081e00000, 0x0000000087380000, 0x00000000d5f80000)
  object space 87552K, 28% used [0x0000000081e00000,0x00000000836c5858,0x0000000087380000)
 Metaspace       used 9119K, capacity 9286K, committed 9472K, reserved 1058816K
  class space    used 885K, capacity 939K, committed 1024K, reserved 1048576K

Card table byte_map: [0x00000000116d0000,0x0000000011ad0000] byte_map_base: 0x00000000112c1000

Marking Bits: (ParMarkBitMap*) 0x00000000714aa5b0
 Begin Bits: [0x0000000012180000, 0x0000000014108000)
 End Bits:   [0x0000000014108000, 0x0000000016090000)

Polling page: 0x0000000000500000

CodeCache: size=245760Kb used=6199Kb max_used=6208Kb free=239560Kb
 bounds [0x0000000002310000, 0x0000000002930000, 0x0000000011310000]
 total_blobs=1797 nmethods=1423 adapters=287
 compilation: enabled

Compilation events (10 events):
Event: 5.612 Thread 0x0000000016e36800 nmethod 1421 0x0000000002920b90 code [0x0000000002920d00, 0x0000000002920f30]
Event: 5.615 Thread 0x0000000016e36800 1422       3       java.util.regex.Pattern$CharProperty::match (56 bytes)
Event: 5.615 Thread 0x0000000016e36800 nmethod 1422 0x0000000002921050 code [0x0000000002921200, 0x00000000029216e8]
Event: 5.615 Thread 0x0000000016e36800 1423       3       java.lang.Character::codePointAt (51 bytes)
Event: 5.615 Thread 0x0000000016e30000 1424       4       com.mysql.jdbc.StringUtils::indexOfNextChar (859 bytes)
Event: 5.615 Thread 0x0000000016e33000 1425       4       com.mysql.jdbc.StringUtils::isCharEqualIgnoreCase (22 bytes)
Event: 5.616 Thread 0x0000000016e36800 nmethod 1423 0x0000000002921850 code [0x0000000002921a00, 0x00000000029220a8]
Event: 5.616 Thread 0x0000000016e36800 1426       3       com.mysql.jdbc.Buffer::ensureCapacity (127 bytes)
Event: 5.617 Thread 0x0000000016e36800 nmethod 1426 0x0000000002922250 code [0x0000000002922420, 0x0000000002922928]
Event: 5.617 Thread 0x0000000016e33000 nmethod 1425 0x0000000002925810 code [0x0000000002925960, 0x0000000002925ad8]

GC Heap History (10 events):
Event: 3.034 GC heap before
{Heap before GC invocations=5 (full 0):
 PSYoungGen      total 71680K, used 71649K [0x00000000d5f80000, 0x00000000daa80000, 0x0000000100000000)
  eden space 66560K, 100% used [0x00000000d5f80000,0x00000000da080000,0x00000000da080000)
  from space 5120K, 99% used [0x00000000da580000,0x00000000daa784c8,0x00000000daa80000)
  to   space 5120K, 0% used [0x00000000da080000,0x00000000da080000,0x00000000da580000)
 ParOldGen       total 87552K, used 13011K [0x0000000081e00000, 0x0000000087380000, 0x00000000d5f80000)
  object space 87552K, 14% used [0x0000000081e00000,0x0000000082ab4d38,0x0000000087380000)
 Metaspace       used 9020K, capacity 9204K, committed 9472K, reserved 1058816K
  class space    used 880K, capacity 936K, committed 1024K, reserved 1048576K
Event: 3.046 GC heap after
Heap after GC invocations=5 (full 0):
 PSYoungGen      total 71680K, used 5096K [0x00000000d5f80000, 0x00000000daa80000, 0x0000000100000000)
  eden space 66560K, 0% used [0x00000000d5f80000,0x00000000d5f80000,0x00000000da080000)
  from space 5120K, 99% used [0x00000000da080000,0x00000000da57a080,0x00000000da580000)
  to   space 5120K, 0% used [0x00000000da580000,0x00000000da580000,0x00000000daa80000)
 ParOldGen       total 87552K, used 16113K [0x0000000081e00000, 0x0000000087380000, 0x00000000d5f80000)
  object space 87552K, 18% used [0x0000000081e00000,0x0000000082dbc6b0,0x0000000087380000)
 Metaspace       used 9020K, capacity 9204K, committed 9472K, reserved 1058816K
  class space    used 880K, capacity 936K, committed 1024K, reserved 1048576K
}
Event: 3.700 GC heap before
{Heap before GC invocations=6 (full 0):
 PSYoungGen      total 71680K, used 71656K [0x00000000d5f80000, 0x00000000daa80000, 0x0000000100000000)
  eden space 66560K, 100% used [0x00000000d5f80000,0x00000000da080000,0x00000000da080000)
  from space 5120K, 99% used [0x00000000da080000,0x00000000da57a080,0x00000000da580000)
  to   space 5120K, 0% used [0x00000000da580000,0x00000000da580000,0x00000000daa80000)
 ParOldGen       total 87552K, used 16113K [0x0000000081e00000, 0x0000000087380000, 0x00000000d5f80000)
  object space 87552K, 18% used [0x0000000081e00000,0x0000000082dbc6b0,0x0000000087380000)
 Metaspace       used 9027K, capacity 9204K, committed 9472K, reserved 1058816K
  class space    used 880K, capacity 936K, committed 1024K, reserved 1048576K
Event: 3.711 GC heap after
Heap after GC invocations=6 (full 0):
 PSYoungGen      total 71680K, used 5112K [0x00000000d5f80000, 0x00000000daa80000, 0x0000000100000000)
  eden space 66560K, 0% used [0x00000000d5f80000,0x00000000d5f80000,0x00000000da080000)
  from space 5120K, 99% used [0x00000000da580000,0x00000000daa7e070,0x00000000daa80000)
  to   space 5120K, 0% used [0x00000000da080000,0x00000000da080000,0x00000000da580000)
 ParOldGen       total 87552K, used 19519K [0x0000000081e00000, 0x0000000087380000, 0x00000000d5f80000)
  object space 87552K, 22% used [0x0000000081e00000,0x000000008310fc50,0x0000000087380000)
 Metaspace       used 9027K, capacity 9204K, committed 9472K, reserved 1058816K
  class space    used 880K, capacity 936K, committed 1024K, reserved 1048576K
}
Event: 4.258 GC heap before
{Heap before GC invocations=7 (full 0):
 PSYoungGen      total 71680K, used 71672K [0x00000000d5f80000, 0x00000000daa80000, 0x0000000100000000)
  eden space 66560K, 100% used [0x00000000d5f80000,0x00000000da080000,0x00000000da080000)
  from space 5120K, 99% used [0x00000000da580000,0x00000000daa7e070,0x00000000daa80000)
  to   space 5120K, 0% used [0x00000000da080000,0x00000000da080000,0x00000000da580000)
 ParOldGen       total 87552K, used 19519K [0x0000000081e00000, 0x0000000087380000, 0x00000000d5f80000)
  object space 87552K, 22% used [0x0000000081e00000,0x000000008310fc50,0x0000000087380000)
 Metaspace       used 9035K, capacity 9204K, committed 9472K, reserved 1058816K
  class space    used 880K, capacity 936K, committed 1024K, reserved 1048576K
Event: 4.269 GC heap after
Heap after GC invocations=7 (full 0):
 PSYoungGen      total 71680K, used 4122K [0x00000000d5f80000, 0x00000000daa80000, 0x0000000100000000)
  eden space 66560K, 0% used [0x00000000d5f80000,0x00000000d5f80000,0x00000000da080000)
  from space 5120K, 80% used [0x00000000da080000,0x00000000da486928,0x00000000da580000)
  to   space 5120K, 0% used [0x00000000da580000,0x00000000da580000,0x00000000daa80000)
 ParOldGen       total 87552K, used 23370K [0x0000000081e00000, 0x0000000087380000, 0x00000000d5f80000)
  object space 87552K, 26% used [0x0000000081e00000,0x00000000834d28f8,0x0000000087380000)
 Metaspace       used 9035K, capacity 9204K, committed 9472K, reserved 1058816K
  class space    used 880K, capacity 936K, committed 1024K, reserved 1048576K
}
Event: 4.921 GC heap before
{Heap before GC invocations=8 (full 0):
 PSYoungGen      total 71680K, used 70682K [0x00000000d5f80000, 0x00000000daa80000, 0x0000000100000000)
  eden space 66560K, 100% used [0x00000000d5f80000,0x00000000da080000,0x00000000da080000)
  from space 5120K, 80% used [0x00000000da080000,0x00000000da486928,0x00000000da580000)
  to   space 5120K, 0% used [0x00000000da580000,0x00000000da580000,0x00000000daa80000)
 ParOldGen       total 87552K, used 23370K [0x0000000081e00000, 0x0000000087380000, 0x00000000d5f80000)
  object space 87552K, 26% used [0x0000000081e00000,0x00000000834d28f8,0x0000000087380000)
 Metaspace       used 9055K, capacity 9210K, committed 9472K, reserved 1058816K
  class space    used 880K, capacity 937K, committed 1024K, reserved 1048576K
Event: 4.929 GC heap after
Heap after GC invocations=8 (full 0):
 PSYoungGen      total 71680K, used 5088K [0x00000000d5f80000, 0x00000000daa80000, 0x0000000100000000)
  eden space 66560K, 0% used [0x00000000d5f80000,0x00000000d5f80000,0x00000000da080000)
  from space 5120K, 99% used [0x00000000da580000,0x00000000daa78198,0x00000000daa80000)
  to   space 5120K, 0% used [0x00000000da080000,0x00000000da080000,0x00000000da580000)
 ParOldGen       total 87552K, used 24359K [0x0000000081e00000, 0x0000000087380000, 0x00000000d5f80000)
  object space 87552K, 27% used [0x0000000081e00000,0x00000000835c9cb0,0x0000000087380000)
 Metaspace       used 9055K, capacity 9210K, committed 9472K, reserved 1058816K
  class space    used 880K, capacity 937K, committed 1024K, reserved 1048576K
}
Event: 5.469 GC heap before
{Heap before GC invocations=9 (full 0):
 PSYoungGen      total 71680K, used 71648K [0x00000000d5f80000, 0x00000000daa80000, 0x0000000100000000)
  eden space 66560K, 100% used [0x00000000d5f80000,0x00000000da080000,0x00000000da080000)
  from space 5120K, 99% used [0x00000000da580000,0x00000000daa78198,0x00000000daa80000)
  to   space 5120K, 0% used [0x00000000da080000,0x00000000da080000,0x00000000da580000)
 ParOldGen       total 87552K, used 24359K [0x0000000081e00000, 0x0000000087380000, 0x00000000d5f80000)
  object space 87552K, 27% used [0x0000000081e00000,0x00000000835c9cb0,0x0000000087380000)
 Metaspace       used 9074K, capacity 9274K, committed 9472K, reserved 1058816K
  class space    used 880K, capacity 937K, committed 1024K, reserved 1048576K
Event: 5.476 GC heap after
Heap after GC invocations=9 (full 0):
 PSYoungGen      total 71680K, used 5098K [0x00000000d5f80000, 0x00000000ddc80000, 0x0000000100000000)
  eden space 66560K, 0% used [0x00000000d5f80000,0x00000000d5f80000,0x00000000da080000)
  from space 5120K, 99% used [0x00000000da080000,0x00000000da57a918,0x00000000da580000)
  to   space 10752K, 0% used [0x00000000dd200000,0x00000000dd200000,0x00000000ddc80000)
 ParOldGen       total 87552K, used 25366K [0x0000000081e00000, 0x0000000087380000, 0x00000000d5f80000)
  object space 87552K, 28% used [0x0000000081e00000,0x00000000836c5858,0x0000000087380000)
 Metaspace       used 9074K, capacity 9274K, committed 9472K, reserved 1058816K
  class space    used 880K, capacity 937K, committed 1024K, reserved 1048576K
}

Deoptimization events (10 events):
Event: 2.480 Thread 0x0000000002212800 Uncommon trap: reason=array_check action=maybe_recompile pc=0x0000000002819ea0 method=java.io.ObjectInputStream.readArray(Z)Ljava/lang/Object; @ 406
Event: 2.480 Thread 0x0000000002212800 Uncommon trap: reason=array_check action=maybe_recompile pc=0x0000000002819ea0 method=java.io.ObjectInputStream.readArray(Z)Ljava/lang/Object; @ 406
Event: 2.480 Thread 0x0000000002212800 Uncommon trap: reason=array_check action=maybe_recompile pc=0x0000000002819ea0 method=java.io.ObjectInputStream.readArray(Z)Ljava/lang/Object; @ 406
Event: 2.481 Thread 0x0000000002212800 Uncommon trap: reason=array_check action=maybe_recompile pc=0x0000000002819ea0 method=java.io.ObjectInputStream.readArray(Z)Ljava/lang/Object; @ 406
Event: 2.484 Thread 0x0000000002212800 Uncommon trap: reason=array_check action=maybe_recompile pc=0x0000000002819ea0 method=java.io.ObjectInputStream.readArray(Z)Ljava/lang/Object; @ 406
Event: 3.065 Thread 0x0000000002212800 Uncommon trap: reason=unstable_if action=reinterpret pc=0x00000000027cf70c method=java.io.BufferedInputStream.read()I @ 8
Event: 3.067 Thread 0x0000000002212800 Uncommon trap: reason=unstable_if action=reinterpret pc=0x0000000002708058 method=java.io.BufferedInputStream.read()I @ 8
Event: 3.116 Thread 0x0000000002212800 Uncommon trap: reason=unstable_if action=reinterpret pc=0x00000000027fcf88 method=java.io.BufferedInputStream.read()I @ 8
Event: 3.118 Thread 0x0000000002212800 Uncommon trap: reason=unstable_if action=reinterpret pc=0x000000000266a02c method=java.io.BufferedInputStream.read()I @ 8
Event: 4.694 Thread 0x0000000002212800 Uncommon trap: reason=unstable_if action=reinterpret pc=0x000000000272c920 method=weka.classifiers.evaluation.Evaluation.updateStatsForClassifier([DLweka/core/Instance;)V @ 358

Internal exceptions (10 events):
Event: 0.036 Thread 0x0000000002212800 Exception <a 'java/lang/NoSuchMethodError': Method sun.misc.Unsafe.prefetchRead(Ljava/lang/Object;J)V name or signature does not match> (0x00000000d5f8e978) thrown at [C:\re\workspace\8-2-build-windows-amd64-cygwin\jdk8u60\4407\hotspot\src\share\vm\prims\jdùQå>»?
Event: 0.106 Thread 0x0000000002212800 Exception <a 'java/security/PrivilegedActionException'> (0x00000000d6188df8) thrown at [C:\re\workspace\8-2-build-windows-amd64-cygwin\jdk8u60\4407\hotspot\src\share\vm\prims\jvm.cpp, line 1386]
Event: 0.106 Thread 0x0000000002212800 Exception <a 'java/security/PrivilegedActionException'> (0x00000000d6189008) thrown at [C:\re\workspace\8-2-build-windows-amd64-cygwin\jdk8u60\4407\hotspot\src\share\vm\prims\jvm.cpp, line 1386]
Event: 0.146 Thread 0x0000000002212800 Exception <a 'java/security/PrivilegedActionException'> (0x00000000d6212bc8) thrown at [C:\re\workspace\8-2-build-windows-amd64-cygwin\jdk8u60\4407\hotspot\src\share\vm\prims\jvm.cpp, line 1386]
Event: 0.146 Thread 0x0000000002212800 Exception <a 'java/security/PrivilegedActionException'> (0x00000000d6212fc0) thrown at [C:\re\workspace\8-2-build-windows-amd64-cygwin\jdk8u60\4407\hotspot\src\share\vm\prims\jvm.cpp, line 1386]
Event: 0.147 Thread 0x0000000002212800 Exception <a 'java/security/PrivilegedActionException'> (0x00000000d6216ff0) thrown at [C:\re\workspace\8-2-build-windows-amd64-cygwin\jdk8u60\4407\hotspot\src\share\vm\prims\jvm.cpp, line 1386]
Event: 0.147 Thread 0x0000000002212800 Exception <a 'java/security/PrivilegedActionException'> (0x00000000d62173e8) thrown at [C:\re\workspace\8-2-build-windows-amd64-cygwin\jdk8u60\4407\hotspot\src\share\vm\prims\jvm.cpp, line 1386]
Event: 1.344 Thread 0x0000000002212800 Exception <a 'java/lang/NoSuchMethodError': <clinit>> (0x00000000d6209490) thrown at [C:\re\workspace\8-2-build-windows-amd64-cygwin\jdk8u60\4407\hotspot\src\share\vm\prims\jni.cpp, line 1591]
Event: 1.344 Thread 0x0000000002212800 Exception <a 'java/lang/NoSuchMethodError': <clinit>> (0x00000000d620a200) thrown at [C:\re\workspace\8-2-build-windows-amd64-cygwin\jdk8u60\4407\hotspot\src\share\vm\prims\jni.cpp, line 1591]
Event: 1.344 Thread 0x0000000002212800 Exception <a 'java/lang/NoSuchMethodError': <clinit>> (0x00000000d620aea8) thrown at [C:\re\workspace\8-2-build-windows-amd64-cygwin\jdk8u60\4407\hotspot\src\share\vm\prims\jni.cpp, line 1591]

Events (10 events):
Event: 5.609 loading class edu/purdue/simulation/blockstorage/VolumeSpecifications
Event: 5.609 loading class edu/purdue/simulation/blockstorage/VolumeSpecifications done
Event: 5.610 loading class edu/purdue/simulation/blockstorage/MaxCapacityFirstScheduler$_Vector_Weightening
Event: 5.610 loading class edu/purdue/simulation/blockstorage/MaxCapacityFirstScheduler$_Vector_Weightening done
Event: 5.612 loading class edu/purdue/simulation/blockstorage/MaxCapacityFirstScheduler$1
Event: 5.612 loading class edu/purdue/simulation/blockstorage/MaxCapacityFirstScheduler$1 done
Event: 5.612 loading class edu/purdue/simulation/blockstorage/ScheduleResponse
Event: 5.612 loading class edu/purdue/simulation/blockstorage/ScheduleResponse done
Event: 5.613 loading class edu/purdue/simulation/blockstorage/Volume
Event: 5.613 loading class edu/purdue/simulation/blockstorage/Volume done


Dynamic libraries:
0x00007ff62a8d0000 - 0x00007ff62a907000 	C:\Program Files\Java\jdk1.8.0_60\bin\java.exe
0x00007ff97bb80000 - 0x00007ff97bd41000 	C:\WINDOWS\SYSTEM32\ntdll.dll
0x00007ff97ba90000 - 0x00007ff97bb3d000 	C:\WINDOWS\system32\KERNEL32.DLL
0x00007ff978ab0000 - 0x00007ff978c98000 	C:\WINDOWS\system32\KERNELBASE.dll
0x00007ff976990000 - 0x00007ff976a09000 	C:\WINDOWS\system32\apphelp.dll
0x00007ff97b8a0000 - 0x00007ff97b947000 	C:\WINDOWS\system32\ADVAPI32.dll
0x00007ff9790d0000 - 0x00007ff97916d000 	C:\WINDOWS\system32\msvcrt.dll
0x00007ff97a270000 - 0x00007ff97a2cb000 	C:\WINDOWS\system32\sechost.dll
0x00007ff979880000 - 0x00007ff97999c000 	C:\WINDOWS\system32\RPCRT4.dll
0x00007ff979bb0000 - 0x00007ff979d06000 	C:\WINDOWS\system32\USER32.dll
0x00007ff9796f0000 - 0x00007ff979876000 	C:\WINDOWS\system32\GDI32.dll
0x00007ff96bef0000 - 0x00007ff96c164000 	C:\WINDOWS\WinSxS\amd64_microsoft.windows.common-controls_6595b64144ccf1df_6.0.10586.0_none_8c15ae12515e1c22\COMCTL32.dll
0x00007ff979d10000 - 0x00007ff979f8d000 	C:\WINDOWS\system32\combase.dll
0x00007ff978340000 - 0x00007ff9783aa000 	C:\WINDOWS\system32\bcryptPrimitives.dll
0x00007ff979090000 - 0x00007ff9790cb000 	C:\WINDOWS\system32\IMM32.DLL
0x0000000071530000 - 0x0000000071602000 	C:\Program Files\Java\jdk1.8.0_60\jre\bin\msvcr100.dll
0x0000000070ca0000 - 0x0000000071529000 	C:\Program Files\Java\jdk1.8.0_60\jre\bin\server\jvm.dll
0x00007ff979ff0000 - 0x00007ff979ff8000 	C:\WINDOWS\system32\PSAPI.DLL
0x00007ff9768a0000 - 0x00007ff9768c3000 	C:\WINDOWS\SYSTEM32\WINMM.dll
0x00007ff96f1b0000 - 0x00007ff96f1ba000 	C:\WINDOWS\SYSTEM32\VERSION.dll
0x00007ff971860000 - 0x00007ff971869000 	C:\WINDOWS\SYSTEM32\WSOCK32.dll
0x00007ff97b830000 - 0x00007ff97b89b000 	C:\WINDOWS\system32\WS2_32.dll
0x00000000020d0000 - 0x00000000020fc000 	C:\WINDOWS\SYSTEM32\WINMMBASE.dll
0x00007ff978230000 - 0x00007ff978273000 	C:\WINDOWS\system32\cfgmgr32.dll
0x00000000720c0000 - 0x00000000720cf000 	C:\Program Files\Java\jdk1.8.0_60\jre\bin\verify.dll
0x0000000072090000 - 0x00000000720b9000 	C:\Program Files\Java\jdk1.8.0_60\jre\bin\java.dll
0x0000000072070000 - 0x0000000072086000 	C:\Program Files\Java\jdk1.8.0_60\jre\bin\zip.dll
0x00007ff97a2d0000 - 0x00007ff97b82f000 	C:\WINDOWS\system32\SHELL32.dll
0x00007ff9783b0000 - 0x00007ff9789f4000 	C:\WINDOWS\system32\windows.storage.dll
0x00007ff978f80000 - 0x00007ff978fd2000 	C:\WINDOWS\system32\shlwapi.dll
0x00007ff978210000 - 0x00007ff97821f000 	C:\WINDOWS\system32\kernel.appcore.dll
0x00007ff978280000 - 0x00007ff978335000 	C:\WINDOWS\system32\shcore.dll
0x00007ff9781c0000 - 0x00007ff97820b000 	C:\WINDOWS\system32\powrprof.dll
0x00007ff9781a0000 - 0x00007ff9781b4000 	C:\WINDOWS\system32\profapi.dll
0x0000000072050000 - 0x000000007206a000 	C:\Program Files\Java\jdk1.8.0_60\jre\bin\net.dll
0x00007ff977a70000 - 0x00007ff977acc000 	C:\WINDOWS\system32\mswsock.dll
0x00007ff976b20000 - 0x00007ff976bca000 	C:\WINDOWS\SYSTEM32\DNSAPI.dll
0x00007ff97bb40000 - 0x00007ff97bb48000 	C:\WINDOWS\system32\NSI.dll
0x00007ff96db40000 - 0x00007ff96db4a000 	C:\Windows\System32\rasadhlp.dll
0x00007ff9704c0000 - 0x00007ff970527000 	C:\WINDOWS\System32\fwpuclnt.dll
0x00007ff9780d0000 - 0x00007ff9780f9000 	C:\WINDOWS\SYSTEM32\bcrypt.dll

VM Arguments:
java_command: edu.purdue.simulation.BlockStorageSimulator -isTraining false -trainingExperimentID 167 -assessmentPolicy StrictQoS -machineLearningAlgorithm J48 -feedBackLearning false -feedbackLearningInterval 180 -modClockBy 300 -StochasticEventGenerator.clockGapProbability 140 -workloadID 161 -devideDeleteFactorBy 2.5 -maxRequest 10000 -startTestDatasetFromRecordRank 10000
java_class_path (initial): D:\Dropbox\WorkSpaceLuna\MLBlockStorage\target\classes;D:\Dropbox\Research\MLScheduler\jar\libs\ant-1.8.2.jar;D:\Dropbox\Research\MLScheduler\jar\libs\ant-launcher-1.8.2.jar;D:\Dropbox\Research\MLScheduler\jar\libs\commons-csv-1.2.jar;D:\Dropbox\Research\MLScheduler\jar\libs\commons-lang3-3.0.jar;D:\Dropbox\Research\MLScheduler\jar\libs\commons-math3-3.2.jar;D:\Dropbox\Research\MLScheduler\jar\libs\java-cup-0.11a.jar;D:\Dropbox\Research\MLScheduler\jar\libs\joda-time-2.9.jar;D:\Dropbox\Research\MLScheduler\jar\libs\mysql-connector-java-5.1.35.jar;D:\Dropbox\Research\MLScheduler\jar\libs\pentaho-package-manager-1.0.8.jar;D:\Dropbox\Research\MLScheduler\jar\libs\weka-dev-3.7.10.jar
Launcher Type: SUN_STANDARD

Environment Variables:
JAVA_HOME=C:\Program Files\Java\jdk1.7.0_11
CLASSPATH=C:\Program Files\libsvm-3.20\java\libsvm.jar;D:\Tools\ML\liblinear.jar
PATH=C:/Program Files/Java/jdk1.7.0_11/bin/../jre/bin/server;C:/Program Files/Java/jdk1.7.0_11/bin/../jre/bin;C:/Program Files/Java/jdk1.7.0_11/bin/../jre/lib/amd64;D:\Python 3.5\Scripts\;D:\Python 3.5\;C:\ProgramData\Oracle\Java\javapath;C:\Program Files (x86)\iis express\PHP\v5.4;C:\Program Files (x86)\Intel\iCLS Client\;C:\Program Files\Intel\iCLS Client\;C:\WINDOWS\system32;C:\WINDOWS;C:\WINDOWS\System32\Wbem;C:\WINDOWS\System32\WindowsPowerShell\v1.0\;C:\Program Files\Intel\Intel(R) Management Engine Components\DAL;C:\Program Files\Intel\Intel(R) Management Engine Components\IPT;C:\Program Files (x86)\Intel\Intel(R) Management Engine Components\DAL;C:\Program Files (x86)\Intel\Intel(R) Management Engine Components\IPT;C:\Program Files (x86)\Intel\OpenCL SDK\2.0\bin\x86;C:\Program Files (x86)\Intel\OpenCL SDK\2.0\bin\x64;C:\Program Files (x86)\Microsoft ASP.NET\ASP.NET Web Pages\v1.0\;C:\Program Files (x86)\Windows Kits\8.0\Windows Performance Toolkit\;C:\Program Files\Microsoft SQL Server\110\Tools\Binn\;C:\Program Files (x86)\Microsoft SQL Server\100\Tools\Binn\;C:\Program Files\Microsoft SQL Server\100\Tools\Binn\;C:\Program Files\Microsoft SQL Server\1;C:\Program Files\MySQL\MySQL Server 5.5\bin;;C:\Program Files (x86)\Windows Kits\8.1\Windows Performance Toolkit\;C:\Program Files (x86)\Windows Live\Shared;C:\Program Files\Microsoft SQL Server\100\DTS\Binn\;C:\Program Files (x86)\Git\cmd;C:\Program Files (x86)\nodejs\;C:\Program Files\Java\jdk1.7.0_11\bin;C:\Users\babak\.dnx\bin;C:\Program Files\Microsoft DNX\Dnvm\;C:\Program Files (x86)\MiKTeX 2.9\miktex\bin\;C:\Program Files (x86)\Skype\Phone\;C:\Program Files (x86)\MySQL\MySQL Fabric 1.5 & MySQL Utilities 1.5\;C:\Program Files (x86)\MySQL\MySQL Fabric 1.5 & MySQL Utilities 1.5\Doctrine extensions for PHP\;C:\Program Files\Microsoft SQL Server\120\Tools\Binn\;C:\WINDOWS\system32;C:\WINDOWS;C:\WINDOWS\System32\Wbem;C:\WINDOWS\System32\WindowsPowerShell\v1.0\;C:\Users\babak\AppData\Roaming\npm;D:\Tools\eclipse;
USERNAME=babak
OS=Windows_NT
PROCESSOR_IDENTIFIER=Intel64 Family 6 Model 58 Stepping 9, GenuineIntel



---------------  S Y S T E M  ---------------

OS: Windows 10.0 , 64 bit Build 10586 (10.0.10586.0)

CPU:total 4 (2 cores per cpu, 2 threads per core) family 6 model 58 stepping 9, cmov, cx8, fxsr, mmx, sse, sse2, sse3, ssse3, sse4.1, sse4.2, popcnt, avx, aes, clmul, erms, ht, tsc, tscinvbit, tscinv

Memory: 4k page, physical 8264984k(811264k free), swap 23418644k(4284k free)

vm_info: Java HotSpot(TM) 64-Bit Server VM (25.60-b23) for windows-amd64 JRE (1.8.0_60-b27), built on Aug  4 2015 11:06:27 by "java_re" with MS VC++ 10.0 (VS2010)

time: Sun Jan 24 07:39:38 2016
elapsed time: 5 seconds (0d 0h 0m 5s)

