#
# There is insufficient memory for the Java Runtime Environment to continue.
# Native memory allocation (malloc) failed to allocate 354896 bytes for Chunk::new
# Possible reasons:
#   The system is out of physical RAM or swap space
#   In 32 bit mode, the process size limit was hit
# Possible solutions:
#   Reduce memory load on the system
#   Increase physical memory or swap space
#   Check if swap backing store is full
#   Use 64 bit Java on a 64 bit OS
#   Decrease Java heap size (-Xmx/-Xms)
#   Decrease number of Java threads
#   Decrease Java thread stack sizes (-Xss)
#   Set larger code cache with -XX:ReservedCodeCacheSize=
# This output file may be truncated or incomplete.
#
#  Out of Memory Error (allocation.cpp:390), pid=10592, tid=13280
#
# JRE version: Java(TM) SE Runtime Environment (8.0_60-b27) (build 1.8.0_60-b27)
# Java VM: Java HotSpot(TM) 64-Bit Server VM (25.60-b23 mixed mode windows-amd64 compressed oops)
# Failed to write core dump. Minidumps are not enabled by default on client versions of Windows
#

---------------  T H R E A D  ---------------

Current thread (0x0000000016ddf800):  JavaThread "C2 CompilerThread0" daemon [_thread_in_native, id=13280, stack(0x0000000018440000,0x0000000018540000)]

Stack: [0x0000000018440000,0x0000000018540000]
[error occurred during error reporting (printing stack bounds), id 0xc0000005]

Native frames: (J=compiled Java code, j=interpreted, Vv=VM code, C=native code)


Current CompileTask:
C2:  11808 2255       4       edu.purdue.simulation.blockstorage.VolumePerformanceMeter::toString (70 bytes)


---------------  P R O C E S S  ---------------

Java Threads: ( => current thread )
  0x00000000188d6800 JavaThread "Abandoned connection cleanup thread" daemon [_thread_blocked, id=4412, stack(0x0000000018d40000,0x0000000018e40000)]
  0x0000000016e3d000 JavaThread "Service Thread" daemon [_thread_blocked, id=13004, stack(0x0000000018b40000,0x0000000018c40000)]
  0x0000000016de5000 JavaThread "C1 CompilerThread2" daemon [_thread_blocked, id=12768, stack(0x0000000018640000,0x0000000018740000)]
  0x0000000016de2000 JavaThread "C2 CompilerThread1" daemon [_thread_in_native, id=12420, stack(0x0000000018540000,0x0000000018640000)]
=>0x0000000016ddf800 JavaThread "C2 CompilerThread0" daemon [_thread_in_native, id=13280, stack(0x0000000018440000,0x0000000018540000)]
  0x0000000016ddd000 JavaThread "Attach Listener" daemon [_thread_blocked, id=12644, stack(0x0000000018340000,0x0000000018440000)]
  0x0000000016ddb800 JavaThread "Signal Dispatcher" daemon [_thread_blocked, id=12504, stack(0x0000000018240000,0x0000000018340000)]
  0x0000000002278000 JavaThread "Finalizer" daemon [_thread_blocked, id=12884, stack(0x0000000018050000,0x0000000018150000)]
  0x0000000016da9000 JavaThread "Reference Handler" daemon [_thread_blocked, id=13144, stack(0x0000000017f50000,0x0000000018050000)]
  0x0000000002182800 JavaThread "main" [_thread_in_Java, id=12324, stack(0x0000000002070000,0x0000000002170000)]

Other Threads:
  0x0000000016da7000 VMThread [stack: 0x0000000017e50000,0x0000000017f50000] [id=7324]
  0x0000000018789000 WatcherThread [stack: 0x0000000018c40000,0x0000000018d40000] [id=6508]

VM state:not at safepoint (normal execution)

VM Mutex/Monitor currently owned by a thread: None

Heap:
 PSYoungGen      total 94720K, used 61288K [0x00000000d5f80000, 0x00000000dc500000, 0x0000000100000000)
  eden space 86528K, 70% used [0x00000000d5f80000,0x00000000d9b410c8,0x00000000db400000)
  from space 8192K, 1% used [0x00000000dbd00000,0x00000000dbd18fc8,0x00000000dc500000)
  to   space 8704K, 0% used [0x00000000db400000,0x00000000db400000,0x00000000dbc80000)
 ParOldGen       total 87552K, used 64351K [0x0000000081e00000, 0x0000000087380000, 0x00000000d5f80000)
  object space 87552K, 73% used [0x0000000081e00000,0x0000000085cd7d18,0x0000000087380000)
 Metaspace       used 9874K, capacity 10062K, committed 10240K, reserved 1058816K
  class space    used 908K, capacity 953K, committed 1024K, reserved 1048576K

Card table byte_map: [0x0000000011650000,0x0000000011a50000] byte_map_base: 0x0000000011241000

Marking Bits: (ParMarkBitMap*) 0x00000000714aa5b0
 Begin Bits: [0x0000000012100000, 0x0000000014088000)
 End Bits:   [0x0000000014088000, 0x0000000016010000)

Polling page: 0x0000000000540000

CodeCache: size=245760Kb used=7566Kb max_used=7579Kb free=238193Kb
 bounds [0x0000000002290000, 0x0000000002a10000, 0x0000000011290000]
 total_blobs=2183 nmethods=1805 adapters=291
 compilation: enabled

Compilation events (10 events):
Event: 11.571 Thread 0x0000000016de5000 2250       3       java.lang.StringBuilder::append (8 bytes)
Event: 11.571 Thread 0x0000000016de5000 nmethod 2250 0x00000000029ef2d0 code [0x00000000029ef440, 0x00000000029ef5c8]
Event: 11.573 Thread 0x0000000016ddf800 2251       4       java.lang.AbstractStringBuilder::append (191 bytes)
Event: 11.579 Thread 0x0000000016ddf800 nmethod 2251 0x00000000029f9450 code [0x00000000029f95c0, 0x00000000029f9c18]
Event: 11.612 Thread 0x0000000016de2000 2252       4       com.mysql.jdbc.Buffer::readLong (90 bytes)
Event: 11.613 Thread 0x0000000016de2000 nmethod 2252 0x00000000029fe290 code [0x00000000029fe3c0, 0x00000000029fe4d8]
Event: 11.684 Thread 0x0000000016ddf800 2253       4       com.mysql.jdbc.util.ReadAheadInputStream::fill (284 bytes)
Event: 11.693 Thread 0x0000000016ddf800 nmethod 2253 0x00000000029fb2d0 code [0x00000000029fb480, 0x00000000029fbf98]
Event: 11.739 Thread 0x0000000016de2000 2254       4       edu.purdue.simulation.blockstorage.VolumePerformanceMeter::save (284 bytes)
Event: 11.745 Thread 0x0000000016ddf800 2255       4       edu.purdue.simulation.blockstorage.VolumePerformanceMeter::toString (70 bytes)

GC Heap History (10 events):
Event: 10.000 GC heap before
{Heap before GC invocations=30 (full 0):
 PSYoungGen      total 71680K, used 70593K [0x00000000d5f80000, 0x00000000daa80000, 0x0000000100000000)
  eden space 66560K, 99% used [0x00000000d5f80000,0x00000000da074b78,0x00000000da080000)
  from space 5120K, 79% used [0x00000000da080000,0x00000000da47b9d0,0x00000000da580000)
  to   space 5120K, 0% used [0x00000000da580000,0x00000000da580000,0x00000000daa80000)
 ParOldGen       total 87552K, used 56079K [0x0000000081e00000, 0x0000000087380000, 0x00000000d5f80000)
  object space 87552K, 64% used [0x0000000081e00000,0x00000000854c3d08,0x0000000087380000)
 Metaspace       used 9864K, capacity 10062K, committed 10240K, reserved 1058816K
  class space    used 908K, capacity 953K, committed 1024K, reserved 1048576K
Event: 10.006 GC heap after
Heap after GC invocations=30 (full 0):
 PSYoungGen      total 71680K, used 96K [0x00000000d5f80000, 0x00000000daa80000, 0x0000000100000000)
  eden space 66560K, 0% used [0x00000000d5f80000,0x00000000d5f80000,0x00000000da080000)
  from space 5120K, 1% used [0x00000000da580000,0x00000000da5981d8,0x00000000daa80000)
  to   space 5120K, 0% used [0x00000000da080000,0x00000000da080000,0x00000000da580000)
 ParOldGen       total 87552K, used 60055K [0x0000000081e00000, 0x0000000087380000, 0x00000000d5f80000)
  object space 87552K, 68% used [0x0000000081e00000,0x00000000858a5d18,0x0000000087380000)
 Metaspace       used 9864K, capacity 10062K, committed 10240K, reserved 1058816K
  class space    used 908K, capacity 953K, committed 1024K, reserved 1048576K
}
Event: 10.497 GC heap before
{Heap before GC invocations=31 (full 0):
 PSYoungGen      total 71680K, used 66656K [0x00000000d5f80000, 0x00000000daa80000, 0x0000000100000000)
  eden space 66560K, 100% used [0x00000000d5f80000,0x00000000da080000,0x00000000da080000)
  from space 5120K, 1% used [0x00000000da580000,0x00000000da5981d8,0x00000000daa80000)
  to   space 5120K, 0% used [0x00000000da080000,0x00000000da080000,0x00000000da580000)
 ParOldGen       total 87552K, used 60055K [0x0000000081e00000, 0x0000000087380000, 0x00000000d5f80000)
  object space 87552K, 68% used [0x0000000081e00000,0x00000000858a5d18,0x0000000087380000)
 Metaspace       used 9864K, capacity 10062K, committed 10240K, reserved 1058816K
  class space    used 908K, capacity 953K, committed 1024K, reserved 1048576K
Event: 10.500 GC heap after
Heap after GC invocations=31 (full 0):
 PSYoungGen      total 71680K, used 1536K [0x00000000d5f80000, 0x00000000dc600000, 0x0000000100000000)
  eden space 66560K, 0% used [0x00000000d5f80000,0x00000000d5f80000,0x00000000da080000)
  from space 5120K, 30% used [0x00000000da080000,0x00000000da200000,0x00000000da580000)
  to   space 9216K, 0% used [0x00000000dbd00000,0x00000000dbd00000,0x00000000dc600000)
 ParOldGen       total 87552K, used 60055K [0x0000000081e00000, 0x0000000087380000, 0x00000000d5f80000)
  object space 87552K, 68% used [0x0000000081e00000,0x00000000858a5d18,0x0000000087380000)
 Metaspace       used 9864K, capacity 10062K, committed 10240K, reserved 1058816K
  class space    used 908K, capacity 953K, committed 1024K, reserved 1048576K
}
Event: 10.517 GC heap before
{Heap before GC invocations=32 (full 0):
 PSYoungGen      total 71680K, used 68031K [0x00000000d5f80000, 0x00000000dc600000, 0x0000000100000000)
  eden space 66560K, 99% used [0x00000000d5f80000,0x00000000da06ff08,0x00000000da080000)
  from space 5120K, 30% used [0x00000000da080000,0x00000000da200000,0x00000000da580000)
  to   space 9216K, 0% used [0x00000000dbd00000,0x00000000dbd00000,0x00000000dc600000)
 ParOldGen       total 87552K, used 60055K [0x0000000081e00000, 0x0000000087380000, 0x00000000d5f80000)
  object space 87552K, 68% used [0x0000000081e00000,0x00000000858a5d18,0x0000000087380000)
 Metaspace       used 9864K, capacity 10062K, committed 10240K, reserved 1058816K
  class space    used 908K, capacity 953K, committed 1024K, reserved 1048576K
Event: 10.519 GC heap after
Heap after GC invocations=32 (full 0):
 PSYoungGen      total 94720K, used 73K [0x00000000d5f80000, 0x00000000dc500000, 0x0000000100000000)
  eden space 86528K, 0% used [0x00000000d5f80000,0x00000000d5f80000,0x00000000db400000)
  from space 8192K, 0% used [0x00000000dbd00000,0x00000000dbd126b0,0x00000000dc500000)
  to   space 8704K, 0% used [0x00000000db400000,0x00000000db400000,0x00000000dbc80000)
 ParOldGen       total 87552K, used 61543K [0x0000000081e00000, 0x0000000087380000, 0x00000000d5f80000)
  object space 87552K, 70% used [0x0000000081e00000,0x0000000085a19d18,0x0000000087380000)
 Metaspace       used 9864K, capacity 10062K, committed 10240K, reserved 1058816K
  class space    used 908K, capacity 953K, committed 1024K, reserved 1048576K
}
Event: 11.194 GC heap before
{Heap before GC invocations=33 (full 0):
 PSYoungGen      total 94720K, used 86601K [0x00000000d5f80000, 0x00000000dc500000, 0x0000000100000000)
  eden space 86528K, 100% used [0x00000000d5f80000,0x00000000db400000,0x00000000db400000)
  from space 8192K, 0% used [0x00000000dbd00000,0x00000000dbd126b0,0x00000000dc500000)
  to   space 8704K, 0% used [0x00000000db400000,0x00000000db400000,0x00000000dbc80000)
 ParOldGen       total 87552K, used 61543K [0x0000000081e00000, 0x0000000087380000, 0x00000000d5f80000)
  object space 87552K, 70% used [0x0000000081e00000,0x0000000085a19d18,0x0000000087380000)
 Metaspace       used 9873K, capacity 10062K, committed 10240K, reserved 1058816K
  class space    used 908K, capacity 953K, committed 1024K, reserved 1048576K
Event: 11.198 GC heap after
Heap after GC invocations=33 (full 0):
 PSYoungGen      total 95232K, used 2851K [0x00000000d5f80000, 0x00000000dc500000, 0x0000000100000000)
  eden space 86528K, 0% used [0x00000000d5f80000,0x00000000d5f80000,0x00000000db400000)
  from space 8704K, 32% used [0x00000000db400000,0x00000000db6c8c08,0x00000000dbc80000)
  to   space 8192K, 0% used [0x00000000dbd00000,0x00000000dbd00000,0x00000000dc500000)
 ParOldGen       total 87552K, used 61543K [0x0000000081e00000, 0x0000000087380000, 0x00000000d5f80000)
  object space 87552K, 70% used [0x0000000081e00000,0x0000000085a19d18,0x0000000087380000)
 Metaspace       used 9873K, capacity 10062K, committed 10240K, reserved 1058816K
  class space    used 908K, capacity 953K, committed 1024K, reserved 1048576K
}
Event: 11.216 GC heap before
{Heap before GC invocations=34 (full 0):
 PSYoungGen      total 95232K, used 89254K [0x00000000d5f80000, 0x00000000dc500000, 0x0000000100000000)
  eden space 86528K, 99% used [0x00000000d5f80000,0x00000000db3e0cd0,0x00000000db400000)
  from space 8704K, 32% used [0x00000000db400000,0x00000000db6c8c08,0x00000000dbc80000)
  to   space 8192K, 0% used [0x00000000dbd00000,0x00000000dbd00000,0x00000000dc500000)
 ParOldGen       total 87552K, used 61543K [0x0000000081e00000, 0x0000000087380000, 0x00000000d5f80000)
  object space 87552K, 70% used [0x0000000081e00000,0x0000000085a19d18,0x0000000087380000)
 Metaspace       used 9873K, capacity 10062K, committed 10240K, reserved 1058816K
  class space    used 908K, capacity 953K, committed 1024K, reserved 1048576K
Event: 11.220 GC heap after
Heap after GC invocations=34 (full 0):
 PSYoungGen      total 94720K, used 99K [0x00000000d5f80000, 0x00000000dc500000, 0x0000000100000000)
  eden space 86528K, 0% used [0x00000000d5f80000,0x00000000d5f80000,0x00000000db400000)
  from space 8192K, 1% used [0x00000000dbd00000,0x00000000dbd18fc8,0x00000000dc500000)
  to   space 8704K, 0% used [0x00000000db400000,0x00000000db400000,0x00000000dbc80000)
 ParOldGen       total 87552K, used 64351K [0x0000000081e00000, 0x0000000087380000, 0x00000000d5f80000)
  object space 87552K, 73% used [0x0000000081e00000,0x0000000085cd7d18,0x0000000087380000)
 Metaspace       used 9873K, capacity 10062K, committed 10240K, reserved 1058816K
  class space    used 908K, capacity 953K, committed 1024K, reserved 1048576K
}

Deoptimization events (10 events):
Event: 2.430 Thread 0x0000000002182800 Uncommon trap: reason=array_check action=maybe_recompile pc=0x00000000027faf74 method=java.io.ObjectInputStream.readArray(Z)Ljava/lang/Object; @ 406
Event: 2.430 Thread 0x0000000002182800 Uncommon trap: reason=array_check action=maybe_recompile pc=0x00000000027faf74 method=java.io.ObjectInputStream.readArray(Z)Ljava/lang/Object; @ 406
Event: 2.430 Thread 0x0000000002182800 Uncommon trap: reason=array_check action=maybe_recompile pc=0x00000000027faf74 method=java.io.ObjectInputStream.readArray(Z)Ljava/lang/Object; @ 406
Event: 2.430 Thread 0x0000000002182800 Uncommon trap: reason=array_check action=maybe_recompile pc=0x00000000027faf74 method=java.io.ObjectInputStream.readArray(Z)Ljava/lang/Object; @ 406
Event: 2.730 Thread 0x0000000002182800 Uncommon trap: reason=unstable_if action=reinterpret pc=0x0000000002507bec method=com.mysql.jdbc.ResultSetRow.getString(Ljava/lang/String;Lcom/mysql/jdbc/MySQLConnection;[BII)Ljava/lang/String; @ 40
Event: 3.307 Thread 0x0000000002182800 Uncommon trap: reason=unstable_if action=reinterpret pc=0x00000000028c323c method=weka.classifiers.evaluation.ThresholdCurve.getCurve(Lweka/core/FastVector;I)Lweka/core/Instances; @ 343
Event: 3.314 Thread 0x0000000002182800 Uncommon trap: reason=unstable_if action=reinterpret pc=0x00000000028a9110 method=weka.classifiers.evaluation.ThresholdCurve.getCurve(Lweka/core/FastVector;I)Lweka/core/Instances; @ 343
Event: 5.693 Thread 0x0000000002182800 Uncommon trap: reason=unstable_if action=reinterpret pc=0x00000000026e57a0 method=java.nio.charset.CharsetEncoder.encode(Ljava/nio/CharBuffer;)Ljava/nio/ByteBuffer; @ 18
Event: 5.750 Thread 0x0000000002182800 Uncommon trap: reason=unstable_if action=reinterpret pc=0x00000000024745ec method=java.nio.charset.CharsetEncoder.encode(Ljava/nio/CharBuffer;)Ljava/nio/ByteBuffer; @ 18
Event: 6.692 Thread 0x0000000002182800 Uncommon trap: reason=unstable_if action=reinterpret pc=0x0000000002642b80 method=java.io.BufferedOutputStream.write([BII)V @ 6

Internal exceptions (10 events):
Event: 1.351 Thread 0x0000000002182800 Exception <a 'java/lang/NoSuchMethodError': <clinit>> (0x00000000d64c38c8) thrown at [C:\re\workspace\8-2-build-windows-amd64-cygwin\jdk8u60\4407\hotspot\src\share\vm\prims\jni.cpp, line 1591]
Event: 1.356 Thread 0x0000000002182800 Exception <a 'java/lang/NoSuchMethodError': <clinit>> (0x00000000d64e1090) thrown at [C:\re\workspace\8-2-build-windows-amd64-cygwin\jdk8u60\4407\hotspot\src\share\vm\prims\jni.cpp, line 1591]
Event: 1.356 Thread 0x0000000002182800 Exception <a 'java/lang/NoSuchMethodError': <clinit>> (0x00000000d64e19c0) thrown at [C:\re\workspace\8-2-build-windows-amd64-cygwin\jdk8u60\4407\hotspot\src\share\vm\prims\jni.cpp, line 1591]
Event: 1.357 Thread 0x0000000002182800 Exception <a 'java/lang/NoSuchMethodError': <clinit>> (0x00000000d64e8878) thrown at [C:\re\workspace\8-2-build-windows-amd64-cygwin\jdk8u60\4407\hotspot\src\share\vm\prims\jni.cpp, line 1591]
Event: 1.357 Thread 0x0000000002182800 Exception <a 'java/lang/NoSuchMethodError': <clinit>> (0x00000000d64e9448) thrown at [C:\re\workspace\8-2-build-windows-amd64-cygwin\jdk8u60\4407\hotspot\src\share\vm\prims\jni.cpp, line 1591]
Event: 1.357 Thread 0x0000000002182800 Exception <a 'java/lang/NoSuchMethodError': <clinit>> (0x00000000d64e9e48) thrown at [C:\re\workspace\8-2-build-windows-amd64-cygwin\jdk8u60\4407\hotspot\src\share\vm\prims\jni.cpp, line 1591]
Event: 1.410 Thread 0x0000000002182800 Exception <a 'java/lang/NoSuchMethodError': <clinit>> (0x00000000d675e488) thrown at [C:\re\workspace\8-2-build-windows-amd64-cygwin\jdk8u60\4407\hotspot\src\share\vm\prims\jni.cpp, line 1591]
Event: 1.659 Thread 0x0000000002182800 Implicit null exception at 0x000000000268e439 to 0x0000000002690e69
Event: 2.043 Thread 0x0000000002182800 Implicit null exception at 0x00000000026ea856 to 0x00000000026e9b71
Event: 2.730 Thread 0x0000000002182800 Implicit null exception at 0x000000000250704b to 0x0000000002507b9d

Events (10 events):
Event: 10.000 Executing VM operation: ParallelGCFailedAllocation
Event: 10.006 Executing VM operation: ParallelGCFailedAllocation done
Event: 10.497 Executing VM operation: ParallelGCFailedAllocation
Event: 10.500 Executing VM operation: ParallelGCFailedAllocation done
Event: 10.517 Executing VM operation: ParallelGCFailedAllocation
Event: 10.519 Executing VM operation: ParallelGCFailedAllocation done
Event: 11.194 Executing VM operation: ParallelGCFailedAllocation
Event: 11.198 Executing VM operation: ParallelGCFailedAllocation done
Event: 11.216 Executing VM operation: ParallelGCFailedAllocation
Event: 11.220 Executing VM operation: ParallelGCFailedAllocation done


Dynamic libraries:
0x00007ff62a8d0000 - 0x00007ff62a907000 	C:\Program Files\Java\jdk1.8.0_60\bin\java.exe
0x00007ff97bb80000 - 0x00007ff97bd41000 	C:\WINDOWS\SYSTEM32\ntdll.dll
0x00007ff97ba90000 - 0x00007ff97bb3d000 	C:\WINDOWS\system32\KERNEL32.DLL
0x00007ff978ab0000 - 0x00007ff978c98000 	C:\WINDOWS\system32\KERNELBASE.dll
0x00007ff976990000 - 0x00007ff976a09000 	C:\WINDOWS\system32\apphelp.dll
0x00007ff97b8a0000 - 0x00007ff97b947000 	C:\WINDOWS\system32\ADVAPI32.dll
0x00007ff9790d0000 - 0x00007ff97916d000 	C:\WINDOWS\system32\msvcrt.dll
0x00007ff97a270000 - 0x00007ff97a2cb000 	C:\WINDOWS\system32\sechost.dll
0x00007ff979880000 - 0x00007ff97999c000 	C:\WINDOWS\system32\RPCRT4.dll
0x00007ff979bb0000 - 0x00007ff979d06000 	C:\WINDOWS\system32\USER32.dll
0x00007ff9796f0000 - 0x00007ff979876000 	C:\WINDOWS\system32\GDI32.dll
0x00007ff96bef0000 - 0x00007ff96c164000 	C:\WINDOWS\WinSxS\amd64_microsoft.windows.common-controls_6595b64144ccf1df_6.0.10586.0_none_8c15ae12515e1c22\COMCTL32.dll
0x00007ff979d10000 - 0x00007ff979f8d000 	C:\WINDOWS\system32\combase.dll
0x00007ff978340000 - 0x00007ff9783aa000 	C:\WINDOWS\system32\bcryptPrimitives.dll
0x00007ff979090000 - 0x00007ff9790cb000 	C:\WINDOWS\system32\IMM32.DLL
0x0000000071530000 - 0x0000000071602000 	C:\Program Files\Java\jdk1.8.0_60\jre\bin\msvcr100.dll
0x0000000070ca0000 - 0x0000000071529000 	C:\Program Files\Java\jdk1.8.0_60\jre\bin\server\jvm.dll
0x00007ff979ff0000 - 0x00007ff979ff8000 	C:\WINDOWS\system32\PSAPI.DLL
0x00007ff96f1b0000 - 0x00007ff96f1ba000 	C:\WINDOWS\SYSTEM32\VERSION.dll
0x00007ff971860000 - 0x00007ff971869000 	C:\WINDOWS\SYSTEM32\WSOCK32.dll
0x00007ff9768a0000 - 0x00007ff9768c3000 	C:\WINDOWS\SYSTEM32\WINMM.dll
0x00007ff97b830000 - 0x00007ff97b89b000 	C:\WINDOWS\system32\WS2_32.dll
0x00007ff976870000 - 0x00007ff97689c000 	C:\WINDOWS\SYSTEM32\WINMMBASE.dll
0x00007ff978230000 - 0x00007ff978273000 	C:\WINDOWS\system32\cfgmgr32.dll
0x00000000720c0000 - 0x00000000720cf000 	C:\Program Files\Java\jdk1.8.0_60\jre\bin\verify.dll
0x0000000072090000 - 0x00000000720b9000 	C:\Program Files\Java\jdk1.8.0_60\jre\bin\java.dll
0x0000000072070000 - 0x0000000072086000 	C:\Program Files\Java\jdk1.8.0_60\jre\bin\zip.dll
0x00007ff97a2d0000 - 0x00007ff97b82f000 	C:\WINDOWS\system32\SHELL32.dll
0x00007ff9783b0000 - 0x00007ff9789f4000 	C:\WINDOWS\system32\windows.storage.dll
0x00007ff978f80000 - 0x00007ff978fd2000 	C:\WINDOWS\system32\shlwapi.dll
0x00007ff978210000 - 0x00007ff97821f000 	C:\WINDOWS\system32\kernel.appcore.dll
0x00007ff978280000 - 0x00007ff978335000 	C:\WINDOWS\system32\shcore.dll
0x00007ff9781c0000 - 0x00007ff97820b000 	C:\WINDOWS\system32\powrprof.dll
0x00007ff9781a0000 - 0x00007ff9781b4000 	C:\WINDOWS\system32\profapi.dll
0x0000000072050000 - 0x000000007206a000 	C:\Program Files\Java\jdk1.8.0_60\jre\bin\net.dll
0x00007ff977a70000 - 0x00007ff977acc000 	C:\WINDOWS\system32\mswsock.dll
0x00007ff976b20000 - 0x00007ff976bca000 	C:\WINDOWS\SYSTEM32\DNSAPI.dll
0x00007ff97bb40000 - 0x00007ff97bb48000 	C:\WINDOWS\system32\NSI.dll
0x00007ff96db40000 - 0x00007ff96db4a000 	C:\Windows\System32\rasadhlp.dll
0x00007ff9704c0000 - 0x00007ff970527000 	C:\WINDOWS\System32\fwpuclnt.dll
0x00007ff9780d0000 - 0x00007ff9780f9000 	C:\WINDOWS\SYSTEM32\bcrypt.dll

VM Arguments:
java_command: edu.purdue.simulation.BlockStorageSimulator -isTraining false -trainingExperimentID 167 -assessmentPolicy StrictQoS -machineLearningAlgorithm BayesianNetwork -feedBackLearning false -feedbackLearningInterval 180 -modClockBy 300 -StochasticEventGenerator.clockGapProbability 140 -workloadID 161 -devideDeleteFactorBy 2.5 -maxRequest 10000 -startTestDatasetFromRecordRank 10000
java_class_path (initial): D:\Dropbox\WorkSpaceLuna\MLBlockStorage\target\classes;D:\Dropbox\Research\MLScheduler\jar\libs\ant-1.8.2.jar;D:\Dropbox\Research\MLScheduler\jar\libs\ant-launcher-1.8.2.jar;D:\Dropbox\Research\MLScheduler\jar\libs\commons-csv-1.2.jar;D:\Dropbox\Research\MLScheduler\jar\libs\commons-lang3-3.0.jar;D:\Dropbox\Research\MLScheduler\jar\libs\commons-math3-3.2.jar;D:\Dropbox\Research\MLScheduler\jar\libs\java-cup-0.11a.jar;D:\Dropbox\Research\MLScheduler\jar\libs\joda-time-2.9.jar;D:\Dropbox\Research\MLScheduler\jar\libs\mysql-connector-java-5.1.35.jar;D:\Dropbox\Research\MLScheduler\jar\libs\pentaho-package-manager-1.0.8.jar;D:\Dropbox\Research\MLScheduler\jar\libs\weka-dev-3.7.10.jar
Launcher Type: SUN_STANDARD

Environment Variables:
JAVA_HOME=C:\Program Files\Java\jdk1.7.0_11
CLASSPATH=C:\Program Files\libsvm-3.20\java\libsvm.jar;D:\Tools\ML\liblinear.jar
PATH=C:/Program Files/Java/jdk1.7.0_11/bin/../jre/bin/server;C:/Program Files/Java/jdk1.7.0_11/bin/../jre/bin;C:/Program Files/Java/jdk1.7.0_11/bin/../jre/lib/amd64;D:\Python 3.5\Scripts\;D:\Python 3.5\;C:\ProgramData\Oracle\Java\javapath;C:\Program Files (x86)\iis express\PHP\v5.4;C:\Program Files (x86)\Intel\iCLS Client\;C:\Program Files\Intel\iCLS Client\;C:\WINDOWS\system32;C:\WINDOWS;C:\WINDOWS\System32\Wbem;C:\WINDOWS\System32\WindowsPowerShell\v1.0\;C:\Program Files\Intel\Intel(R) Management Engine Components\DAL;C:\Program Files\Intel\Intel(R) Management Engine Components\IPT;C:\Program Files (x86)\Intel\Intel(R) Management Engine Components\DAL;C:\Program Files (x86)\Intel\Intel(R) Management Engine Components\IPT;C:\Program Files (x86)\Intel\OpenCL SDK\2.0\bin\x86;C:\Program Files (x86)\Intel\OpenCL SDK\2.0\bin\x64;C:\Program Files (x86)\Microsoft ASP.NET\ASP.NET Web Pages\v1.0\;C:\Program Files (x86)\Windows Kits\8.0\Windows Performance Toolkit\;C:\Program Files\Microsoft SQL Server\110\Tools\Binn\;C:\Program Files (x86)\Microsoft SQL Server\100\Tools\Binn\;C:\Program Files\Microsoft SQL Server\100\Tools\Binn\;C:\Program Files\Microsoft SQL Server\1;C:\Program Files\MySQL\MySQL Server 5.5\bin;;C:\Program Files (x86)\Windows Kits\8.1\Windows Performance Toolkit\;C:\Program Files (x86)\Windows Live\Shared;C:\Program Files\Microsoft SQL Server\100\DTS\Binn\;C:\Program Files (x86)\Git\cmd;C:\Program Files (x86)\nodejs\;C:\Program Files\Java\jdk1.7.0_11\bin;C:\Users\babak\.dnx\bin;C:\Program Files\Microsoft DNX\Dnvm\;C:\Program Files (x86)\MiKTeX 2.9\miktex\bin\;C:\Program Files (x86)\Skype\Phone\;C:\Program Files (x86)\MySQL\MySQL Fabric 1.5 & MySQL Utilities 1.5\;C:\Program Files (x86)\MySQL\MySQL Fabric 1.5 & MySQL Utilities 1.5\Doctrine extensions for PHP\;C:\Program Files\Microsoft SQL Server\120\Tools\Binn\;C:\WINDOWS\system32;C:\WINDOWS;C:\WINDOWS\System32\Wbem;C:\WINDOWS\System32\WindowsPowerShell\v1.0\;C:\Users\babak\AppData\Roaming\npm;D:\Tools\eclipse;
USERNAME=babak
OS=Windows_NT
PROCESSOR_IDENTIFIER=Intel64 Family 6 Model 58 Stepping 9, GenuineIntel



---------------  S Y S T E M  ---------------

OS: Windows 10.0 , 64 bit Build 10586 (10.0.10586.0)

CPU:total 4 (2 cores per cpu, 2 threads per core) family 6 model 58 stepping 9, cmov, cx8, fxsr, mmx, sse, sse2, sse3, ssse3, sse4.1, sse4.2, popcnt, avx, aes, clmul, erms, ht, tsc, tscinvbit, tscinv

Memory: 4k page, physical 8264984k(703780k free), swap 23418644k(5444k free)

vm_info: Java HotSpot(TM) 64-Bit Server VM (25.60-b23) for windows-amd64 JRE (1.8.0_60-b27), built on Aug  4 2015 11:06:27 by "java_re" with MS VC++ 10.0 (VS2010)

time: Sun Jan 24 07:55:44 2016
elapsed time: 11 seconds (0d 0h 0m 11s)

