#
# There is insufficient memory for the Java Runtime Environment to continue.
# Native memory allocation (malloc) failed to allocate 32744 bytes for ChunkPool::allocate
# Possible reasons:
#   The system is out of physical RAM or swap space
#   In 32 bit mode, the process size limit was hit
# Possible solutions:
#   Reduce memory load on the system
#   Increase physical memory or swap space
#   Check if swap backing store is full
#   Use 64 bit Java on a 64 bit OS
#   Decrease Java heap size (-Xmx/-Xms)
#   Decrease number of Java threads
#   Decrease Java thread stack sizes (-Xss)
#   Set larger code cache with -XX:ReservedCodeCacheSize=
# This output file may be truncated or incomplete.
#
#  Out of Memory Error (allocation.cpp:273), pid=10136, tid=10660
#
# JRE version: Java(TM) SE Runtime Environment (8.0_60-b27) (build 1.8.0_60-b27)
# Java VM: Java HotSpot(TM) 64-Bit Server VM (25.60-b23 mixed mode windows-amd64 compressed oops)
# Failed to write core dump. Minidumps are not enabled by default on client versions of Windows
#

---------------  T H R E A D  ---------------

Current thread (0x0000000016e3b000):  JavaThread "C2 CompilerThread0" daemon [_thread_in_native, id=10660, stack(0x0000000018460000,0x0000000018560000)]

Stack: [0x0000000018460000,0x0000000018560000]
[error occurred during error reporting (printing stack bounds), id 0xc0000005]

Native frames: (J=compiled Java code, j=interpreted, Vv=VM code, C=native code)


Current CompileTask:
C2:  14718 2266       4       edu.purdue.simulation.blockstorage.Scheduler::validateWithClassifier (660 bytes)


---------------  P R O C E S S  ---------------

Java Threads: ( => current thread )
  0x00000000188f3800 JavaThread "Abandoned connection cleanup thread" daemon [_thread_blocked, id=10188, stack(0x0000000018d60000,0x0000000018e60000)]
  0x0000000016e35000 JavaThread "Service Thread" daemon [_thread_blocked, id=12316, stack(0x0000000018b60000,0x0000000018c60000)]
  0x0000000016e30800 JavaThread "C1 CompilerThread2" daemon [_thread_blocked, id=4232, stack(0x0000000018660000,0x0000000018760000)]
  0x0000000016e3d800 JavaThread "C2 CompilerThread1" daemon [_thread_in_native, id=1040, stack(0x0000000018560000,0x0000000018660000)]
=>0x0000000016e3b000 JavaThread "C2 CompilerThread0" daemon [_thread_in_native, id=10660, stack(0x0000000018460000,0x0000000018560000)]
  0x0000000016e38800 JavaThread "Attach Listener" daemon [_thread_blocked, id=10912, stack(0x0000000018360000,0x0000000018460000)]
  0x0000000016e37000 JavaThread "Signal Dispatcher" daemon [_thread_blocked, id=88, stack(0x0000000018260000,0x0000000018360000)]
  0x00000000022d7800 JavaThread "Finalizer" daemon [_thread_blocked, id=8444, stack(0x0000000018080000,0x0000000018180000)]
  0x0000000016df9000 JavaThread "Reference Handler" daemon [_thread_blocked, id=11624, stack(0x0000000017f80000,0x0000000018080000)]
  0x00000000021e2800 JavaThread "main" [_thread_in_Java, id=13172, stack(0x00000000020e0000,0x00000000021e0000)]

Other Threads:
  0x0000000016df7000 VMThread [stack: 0x0000000017e80000,0x0000000017f80000] [id=4588]
  0x00000000187aa000 WatcherThread [stack: 0x0000000018c60000,0x0000000018d60000] [id=11956]

VM state:not at safepoint (normal execution)

VM Mutex/Monitor currently owned by a thread: None

Heap:
 PSYoungGen      total 87040K, used 14068K [0x00000000d5f80000, 0x00000000dbc00000, 0x0000000100000000)
  eden space 79360K, 15% used [0x00000000d5f80000,0x00000000d6bcd238,0x00000000dad00000)
  from space 7680K, 19% used [0x00000000db480000,0x00000000db5f0000,0x00000000dbc00000)
  to   space 7680K, 0% used [0x00000000dad00000,0x00000000dad00000,0x00000000db480000)
 ParOldGen       total 87552K, used 75042K [0x0000000081e00000, 0x0000000087380000, 0x00000000d5f80000)
  object space 87552K, 85% used [0x0000000081e00000,0x0000000086748ae0,0x0000000087380000)
 Metaspace       used 9862K, capacity 10078K, committed 10240K, reserved 1058816K
  class space    used 908K, capacity 953K, committed 1024K, reserved 1048576K

Card table byte_map: [0x00000000116a0000,0x0000000011aa0000] byte_map_base: 0x0000000011291000

Marking Bits: (ParMarkBitMap*) 0x00000000714aa5b0
 Begin Bits: [0x0000000012150000, 0x00000000140d8000)
 End Bits:   [0x00000000140d8000, 0x0000000016060000)

Polling page: 0x0000000000520000

CodeCache: size=245760Kb used=7456Kb max_used=8093Kb free=238303Kb
 bounds [0x00000000022e0000, 0x0000000002ae0000, 0x00000000112e0000]
 total_blobs=2170 nmethods=1792 adapters=291
 compilation: enabled

Compilation events (10 events):
Event: 14.130 Thread 0x0000000016e3b000 nmethod 2262 0x000000000254b2d0 code [0x000000000254b460, 0x000000000254ba98]
Event: 14.142 Thread 0x0000000016e3d800 nmethod 2261 0x0000000002539010 code [0x0000000002539240, 0x000000000253a938]
Event: 14.413 Thread 0x0000000016e3b000 2264   !   4       java.util.Formatter$FormatSpecifier::index (53 bytes)
Event: 14.413 Thread 0x0000000016e3d800 2263       4       java.util.Formatter$FormatSpecifier::<init> (246 bytes)
Event: 14.414 Thread 0x0000000016e3b000 nmethod 2264 0x00000000025aa950 code [0x00000000025aaa80, 0x00000000025aaaf8]
Event: 14.463 Thread 0x0000000016e3b000 2265       4       weka.core.Instances::setClassIndex (41 bytes)
Event: 14.464 Thread 0x0000000016e3b000 nmethod 2265 0x0000000002a9c290 code [0x0000000002a9c3c0, 0x0000000002a9c458]
Event: 14.507 Thread 0x0000000016e3d800 nmethod 2263 0x0000000002511d90 code [0x0000000002512760, 0x0000000002514e78]
Event: 14.631 Thread 0x0000000016e3b000 2266       4       edu.purdue.simulation.blockstorage.Scheduler::validateWithClassifier (660 bytes)
Event: 14.666 Thread 0x0000000016e3d800 2267   !   4       java.util.Formatter::format (271 bytes)

GC Heap History (10 events):
Event: 13.012 GC heap before
{Heap before GC invocations=42 (full 0):
 PSYoungGen      total 87040K, used 81241K [0x00000000d5f80000, 0x00000000dbc00000, 0x0000000100000000)
  eden space 79360K, 99% used [0x00000000d5f80000,0x00000000dace99b0,0x00000000dad00000)
  from space 7680K, 25% used [0x00000000dad00000,0x00000000daeecbd8,0x00000000db480000)
  to   space 7680K, 0% used [0x00000000db480000,0x00000000db480000,0x00000000dbc00000)
 ParOldGen       total 87552K, used 69362K [0x0000000081e00000, 0x0000000087380000, 0x00000000d5f80000)
  object space 87552K, 79% used [0x0000000081e00000,0x00000000861bcad0,0x0000000087380000)
 Metaspace       used 9862K, capacity 10078K, committed 10240K, reserved 1058816K
  class space    used 908K, capacity 953K, committed 1024K, reserved 1048576K
Event: 13.015 GC heap after
Heap after GC invocations=42 (full 0):
 PSYoungGen      total 87040K, used 107K [0x00000000d5f80000, 0x00000000dbc00000, 0x0000000100000000)
  eden space 79360K, 0% used [0x00000000d5f80000,0x00000000d5f80000,0x00000000dad00000)
  from space 7680K, 1% used [0x00000000db480000,0x00000000db49ad18,0x00000000dbc00000)
  to   space 7680K, 0% used [0x00000000dad00000,0x00000000dad00000,0x00000000db480000)
 ParOldGen       total 87552K, used 71258K [0x0000000081e00000, 0x0000000087380000, 0x00000000d5f80000)
  object space 87552K, 81% used [0x0000000081e00000,0x0000000086396ae0,0x0000000087380000)
 Metaspace       used 9862K, capacity 10078K, committed 10240K, reserved 1058816K
  class space    used 908K, capacity 953K, committed 1024K, reserved 1048576K
}
Event: 13.705 GC heap before
{Heap before GC invocations=43 (full 0):
 PSYoungGen      total 87040K, used 79467K [0x00000000d5f80000, 0x00000000dbc00000, 0x0000000100000000)
  eden space 79360K, 100% used [0x00000000d5f80000,0x00000000dad00000,0x00000000dad00000)
  from space 7680K, 1% used [0x00000000db480000,0x00000000db49ad18,0x00000000dbc00000)
  to   space 7680K, 0% used [0x00000000dad00000,0x00000000dad00000,0x00000000db480000)
 ParOldGen       total 87552K, used 71258K [0x0000000081e00000, 0x0000000087380000, 0x00000000d5f80000)
  object space 87552K, 81% used [0x0000000081e00000,0x0000000086396ae0,0x0000000087380000)
 Metaspace       used 9862K, capacity 10078K, committed 10240K, reserved 1058816K
  class space    used 908K, capacity 953K, committed 1024K, reserved 1048576K
Event: 13.711 GC heap after
Heap after GC invocations=43 (full 0):
 PSYoungGen      total 87040K, used 3264K [0x00000000d5f80000, 0x00000000dbc00000, 0x0000000100000000)
  eden space 79360K, 0% used [0x00000000d5f80000,0x00000000d5f80000,0x00000000dad00000)
  from space 7680K, 42% used [0x00000000dad00000,0x00000000db030398,0x00000000db480000)
  to   space 7680K, 0% used [0x00000000db480000,0x00000000db480000,0x00000000dbc00000)
 ParOldGen       total 87552K, used 71258K [0x0000000081e00000, 0x0000000087380000, 0x00000000d5f80000)
  object space 87552K, 81% used [0x0000000081e00000,0x0000000086396ae0,0x0000000087380000)
 Metaspace       used 9862K, capacity 10078K, committed 10240K, reserved 1058816K
  class space    used 908K, capacity 953K, committed 1024K, reserved 1048576K
}
Event: 14.019 GC heap before
{Heap before GC invocations=44 (full 0):
 PSYoungGen      total 87040K, used 82624K [0x00000000d5f80000, 0x00000000dbc00000, 0x0000000100000000)
  eden space 79360K, 100% used [0x00000000d5f80000,0x00000000dad00000,0x00000000dad00000)
  from space 7680K, 42% used [0x00000000dad00000,0x00000000db030398,0x00000000db480000)
  to   space 7680K, 0% used [0x00000000db480000,0x00000000db480000,0x00000000dbc00000)
 ParOldGen       total 87552K, used 71258K [0x0000000081e00000, 0x0000000087380000, 0x00000000d5f80000)
  object space 87552K, 81% used [0x0000000081e00000,0x0000000086396ae0,0x0000000087380000)
 Metaspace       used 9862K, capacity 10078K, committed 10240K, reserved 1058816K
  class space    used 908K, capacity 953K, committed 1024K, reserved 1048576K
Event: 14.023 GC heap after
Heap after GC invocations=44 (full 0):
 PSYoungGen      total 87040K, used 685K [0x00000000d5f80000, 0x00000000dbc00000, 0x0000000100000000)
  eden space 79360K, 0% used [0x00000000d5f80000,0x00000000d5f80000,0x00000000dad00000)
  from space 7680K, 8% used [0x00000000db480000,0x00000000db52b780,0x00000000dbc00000)
  to   space 7680K, 0% used [0x00000000dad00000,0x00000000dad00000,0x00000000db480000)
 ParOldGen       total 87552K, used 74402K [0x0000000081e00000, 0x0000000087380000, 0x00000000d5f80000)
  object space 87552K, 84% used [0x0000000081e00000,0x00000000866a8ae0,0x0000000087380000)
 Metaspace       used 9862K, capacity 10078K, committed 10240K, reserved 1058816K
  class space    used 908K, capacity 953K, committed 1024K, reserved 1048576K
}
Event: 14.037 GC heap before
{Heap before GC invocations=45 (full 0):
 PSYoungGen      total 87040K, used 79987K [0x00000000d5f80000, 0x00000000dbc00000, 0x0000000100000000)
  eden space 79360K, 99% used [0x00000000d5f80000,0x00000000dacf15c8,0x00000000dad00000)
  from space 7680K, 8% used [0x00000000db480000,0x00000000db52b780,0x00000000dbc00000)
  to   space 7680K, 0% used [0x00000000dad00000,0x00000000dad00000,0x00000000db480000)
 ParOldGen       total 87552K, used 74402K [0x0000000081e00000, 0x0000000087380000, 0x00000000d5f80000)
  object space 87552K, 84% used [0x0000000081e00000,0x00000000866a8ae0,0x0000000087380000)
 Metaspace       used 9862K, capacity 10078K, committed 10240K, reserved 1058816K
  class space    used 908K, capacity 953K, committed 1024K, reserved 1048576K
Event: 14.039 GC heap after
Heap after GC invocations=45 (full 0):
 PSYoungGen      total 87040K, used 91K [0x00000000d5f80000, 0x00000000dbc00000, 0x0000000100000000)
  eden space 79360K, 0% used [0x00000000d5f80000,0x00000000d5f80000,0x00000000dad00000)
  from space 7680K, 1% used [0x00000000dad00000,0x00000000dad16f60,0x00000000db480000)
  to   space 7680K, 0% used [0x00000000db480000,0x00000000db480000,0x00000000dbc00000)
 ParOldGen       total 87552K, used 75042K [0x0000000081e00000, 0x0000000087380000, 0x00000000d5f80000)
  object space 87552K, 85% used [0x0000000081e00000,0x0000000086748ae0,0x0000000087380000)
 Metaspace       used 9862K, capacity 10078K, committed 10240K, reserved 1058816K
  class space    used 908K, capacity 953K, committed 1024K, reserved 1048576K
}
Event: 14.289 GC heap before
{Heap before GC invocations=46 (full 0):
 PSYoungGen      total 87040K, used 79451K [0x00000000d5f80000, 0x00000000dbc00000, 0x0000000100000000)
  eden space 79360K, 100% used [0x00000000d5f80000,0x00000000dad00000,0x00000000dad00000)
  from space 7680K, 1% used [0x00000000dad00000,0x00000000dad16f60,0x00000000db480000)
  to   space 7680K, 0% used [0x00000000db480000,0x00000000db480000,0x00000000dbc00000)
 ParOldGen       total 87552K, used 75042K [0x0000000081e00000, 0x0000000087380000, 0x00000000d5f80000)
  object space 87552K, 85% used [0x0000000081e00000,0x0000000086748ae0,0x0000000087380000)
 Metaspace       used 9862K, capacity 10078K, committed 10240K, reserved 1058816K
  class space    used 908K, capacity 953K, committed 1024K, reserved 1048576K
Event: 14.291 GC heap after
Heap after GC invocations=46 (full 0):
 PSYoungGen      total 87040K, used 1472K [0x00000000d5f80000, 0x00000000dbc00000, 0x0000000100000000)
  eden space 79360K, 0% used [0x00000000d5f80000,0x00000000d5f80000,0x00000000dad00000)
  from space 7680K, 19% used [0x00000000db480000,0x00000000db5f0000,0x00000000dbc00000)
  to   space 7680K, 0% used [0x00000000dad00000,0x00000000dad00000,0x00000000db480000)
 ParOldGen       total 87552K, used 75042K [0x0000000081e00000, 0x0000000087380000, 0x00000000d5f80000)
  object space 87552K, 85% used [0x0000000081e00000,0x0000000086748ae0,0x0000000087380000)
 Metaspace       used 9862K, capacity 10078K, committed 10240K, reserved 1058816K
  class space    used 908K, capacity 953K, committed 1024K, reserved 1048576K
}

Deoptimization events (10 events):
Event: 2.526 Thread 0x00000000021e2800 Uncommon trap: reason=array_check action=maybe_recompile pc=0x000000000285dcb0 method=java.io.ObjectInputStream.readArray(Z)Ljava/lang/Object; @ 406
Event: 2.776 Thread 0x00000000021e2800 Uncommon trap: reason=unstable_if action=reinterpret pc=0x00000000027a2894 method=java.lang.reflect.Constructor.newInstance([Ljava/lang/Object;)Ljava/lang/Object; @ 4
Event: 2.783 Thread 0x00000000021e2800 Uncommon trap: reason=unstable_if action=reinterpret pc=0x0000000002551a14 method=com.mysql.jdbc.ConnectionImpl.getCharsetConverter(Ljava/lang/String;)Lcom/mysql/jdbc/SingleByteCharsetConverter; @ 41
Event: 2.935 Thread 0x00000000021e2800 Uncommon trap: reason=unstable_if action=reinterpret pc=0x0000000002875370 method=weka.classifiers.evaluation.Evaluation.evaluationForSingleInstance([DLweka/core/Instance;Z)D @ 50
Event: 3.262 Thread 0x00000000021e2800 Uncommon trap: reason=unstable_if action=reinterpret pc=0x00000000028d4c8c method=weka.classifiers.evaluation.ThresholdCurve.getCurve(Lweka/core/FastVector;I)Lweka/core/Instances; @ 343
Event: 3.273 Thread 0x00000000021e2800 Uncommon trap: reason=unstable_if action=reinterpret pc=0x00000000028c61b0 method=weka.classifiers.evaluation.ThresholdCurve.getCurve(Lweka/core/FastVector;I)Lweka/core/Instances; @ 343
Event: 3.451 Thread 0x00000000021e2800 Uncommon trap: reason=unstable_if action=reinterpret pc=0x000000000288522c method=weka.classifiers.evaluation.Evaluation.evaluationForSingleInstance([DLweka/core/Instance;Z)D @ 50
Event: 3.999 Thread 0x00000000021e2800 Uncommon trap: reason=unstable_if action=reinterpret pc=0x000000000288edf0 method=weka.classifiers.evaluation.Evaluation.evaluationForSingleInstance([DLweka/core/Instance;Z)D @ 50
Event: 5.808 Thread 0x00000000021e2800 Uncommon trap: reason=unstable_if action=reinterpret pc=0x00000000024c5200 method=java.nio.charset.CharsetEncoder.encode(Ljava/nio/CharBuffer;)Ljava/nio/ByteBuffer; @ 18
Event: 6.536 Thread 0x00000000021e2800 Uncommon trap: reason=unstable_if action=reinterpret pc=0x000000000269acc0 method=java.io.BufferedOutputStream.write([BII)V @ 6

Internal exceptions (10 events):
Event: 0.173 Thread 0x00000000021e2800 Exception <a 'java/security/PrivilegedActionException'> (0x00000000d6217468) thrown at [C:\re\workspace\8-2-build-windows-amd64-cygwin\jdk8u60\4407\hotspot\src\share\vm\prims\jvm.cpp, line 1386]
Event: 1.430 Thread 0x00000000021e2800 Exception <a 'java/lang/NoSuchMethodError': <clinit>> (0x00000000d646f5c8) thrown at [C:\re\workspace\8-2-build-windows-amd64-cygwin\jdk8u60\4407\hotspot\src\share\vm\prims\jni.cpp, line 1591]
Event: 1.431 Thread 0x00000000021e2800 Exception <a 'java/lang/NoSuchMethodError': <clinit>> (0x00000000d6478c28) thrown at [C:\re\workspace\8-2-build-windows-amd64-cygwin\jdk8u60\4407\hotspot\src\share\vm\prims\jni.cpp, line 1591]
Event: 1.435 Thread 0x00000000021e2800 Exception <a 'java/lang/NoSuchMethodError': <clinit>> (0x00000000d64963f0) thrown at [C:\re\workspace\8-2-build-windows-amd64-cygwin\jdk8u60\4407\hotspot\src\share\vm\prims\jni.cpp, line 1591]
Event: 1.435 Thread 0x00000000021e2800 Exception <a 'java/lang/NoSuchMethodError': <clinit>> (0x00000000d6496d20) thrown at [C:\re\workspace\8-2-build-windows-amd64-cygwin\jdk8u60\4407\hotspot\src\share\vm\prims\jni.cpp, line 1591]
Event: 1.436 Thread 0x00000000021e2800 Exception <a 'java/lang/NoSuchMethodError': <clinit>> (0x00000000d649dbd8) thrown at [C:\re\workspace\8-2-build-windows-amd64-cygwin\jdk8u60\4407\hotspot\src\share\vm\prims\jni.cpp, line 1591]
Event: 1.436 Thread 0x00000000021e2800 Exception <a 'java/lang/NoSuchMethodError': <clinit>> (0x00000000d649e7a8) thrown at [C:\re\workspace\8-2-build-windows-amd64-cygwin\jdk8u60\4407\hotspot\src\share\vm\prims\jni.cpp, line 1591]
Event: 1.436 Thread 0x00000000021e2800 Exception <a 'java/lang/NoSuchMethodError': <clinit>> (0x00000000d649f1a8) thrown at [C:\re\workspace\8-2-build-windows-amd64-cygwin\jdk8u60\4407\hotspot\src\share\vm\prims\jni.cpp, line 1591]
Event: 1.483 Thread 0x00000000021e2800 Exception <a 'java/lang/NoSuchMethodError': <clinit>> (0x00000000d6713cf8) thrown at [C:\re\workspace\8-2-build-windows-amd64-cygwin\jdk8u60\4407\hotspot\src\share\vm\prims\jni.cpp, line 1591]
Event: 1.685 Thread 0x00000000021e2800 Implicit null exception at 0x00000000026dfab2 to 0x00000000026e24e9

Events (10 events):
Event: 13.012 Executing VM operation: ParallelGCFailedAllocation
Event: 13.015 Executing VM operation: ParallelGCFailedAllocation done
Event: 13.705 Executing VM operation: ParallelGCFailedAllocation
Event: 13.711 Executing VM operation: ParallelGCFailedAllocation done
Event: 14.019 Executing VM operation: ParallelGCFailedAllocation
Event: 14.023 Executing VM operation: ParallelGCFailedAllocation done
Event: 14.037 Executing VM operation: ParallelGCFailedAllocation
Event: 14.039 Executing VM operation: ParallelGCFailedAllocation done
Event: 14.289 Executing VM operation: ParallelGCFailedAllocation
Event: 14.291 Executing VM operation: ParallelGCFailedAllocation done


Dynamic libraries:
0x00007ff62a8d0000 - 0x00007ff62a907000 	C:\Program Files\Java\jdk1.8.0_60\bin\java.exe
0x00007ff97bb80000 - 0x00007ff97bd41000 	C:\WINDOWS\SYSTEM32\ntdll.dll
0x00007ff97ba90000 - 0x00007ff97bb3d000 	C:\WINDOWS\system32\KERNEL32.DLL
0x00007ff978ab0000 - 0x00007ff978c98000 	C:\WINDOWS\system32\KERNELBASE.dll
0x00007ff976990000 - 0x00007ff976a09000 	C:\WINDOWS\system32\apphelp.dll
0x00007ff97b8a0000 - 0x00007ff97b947000 	C:\WINDOWS\system32\ADVAPI32.dll
0x00007ff9790d0000 - 0x00007ff97916d000 	C:\WINDOWS\system32\msvcrt.dll
0x00007ff97a270000 - 0x00007ff97a2cb000 	C:\WINDOWS\system32\sechost.dll
0x00007ff979880000 - 0x00007ff97999c000 	C:\WINDOWS\system32\RPCRT4.dll
0x00007ff979bb0000 - 0x00007ff979d06000 	C:\WINDOWS\system32\USER32.dll
0x00007ff9796f0000 - 0x00007ff979876000 	C:\WINDOWS\system32\GDI32.dll
0x00007ff96bef0000 - 0x00007ff96c164000 	C:\WINDOWS\WinSxS\amd64_microsoft.windows.common-controls_6595b64144ccf1df_6.0.10586.0_none_8c15ae12515e1c22\COMCTL32.dll
0x00007ff979d10000 - 0x00007ff979f8d000 	C:\WINDOWS\system32\combase.dll
0x00007ff978340000 - 0x00007ff9783aa000 	C:\WINDOWS\system32\bcryptPrimitives.dll
0x00007ff979090000 - 0x00007ff9790cb000 	C:\WINDOWS\system32\IMM32.DLL
0x0000000071530000 - 0x0000000071602000 	C:\Program Files\Java\jdk1.8.0_60\jre\bin\msvcr100.dll
0x0000000070ca0000 - 0x0000000071529000 	C:\Program Files\Java\jdk1.8.0_60\jre\bin\server\jvm.dll
0x00007ff979ff0000 - 0x00007ff979ff8000 	C:\WINDOWS\system32\PSAPI.DLL
0x00007ff971860000 - 0x00007ff971869000 	C:\WINDOWS\SYSTEM32\WSOCK32.dll
0x00007ff9768a0000 - 0x00007ff9768c3000 	C:\WINDOWS\SYSTEM32\WINMM.dll
0x00007ff96f1b0000 - 0x00007ff96f1ba000 	C:\WINDOWS\SYSTEM32\VERSION.dll
0x00007ff97b830000 - 0x00007ff97b89b000 	C:\WINDOWS\system32\WS2_32.dll
0x00007ff976870000 - 0x00007ff97689c000 	C:\WINDOWS\SYSTEM32\WINMMBASE.dll
0x00007ff978230000 - 0x00007ff978273000 	C:\WINDOWS\system32\cfgmgr32.dll
0x00000000720c0000 - 0x00000000720cf000 	C:\Program Files\Java\jdk1.8.0_60\jre\bin\verify.dll
0x0000000072090000 - 0x00000000720b9000 	C:\Program Files\Java\jdk1.8.0_60\jre\bin\java.dll
0x0000000072070000 - 0x0000000072086000 	C:\Program Files\Java\jdk1.8.0_60\jre\bin\zip.dll
0x00007ff97a2d0000 - 0x00007ff97b82f000 	C:\WINDOWS\system32\SHELL32.dll
0x00007ff9783b0000 - 0x00007ff9789f4000 	C:\WINDOWS\system32\windows.storage.dll
0x00007ff978f80000 - 0x00007ff978fd2000 	C:\WINDOWS\system32\shlwapi.dll
0x00007ff978210000 - 0x00007ff97821f000 	C:\WINDOWS\system32\kernel.appcore.dll
0x00007ff978280000 - 0x00007ff978335000 	C:\WINDOWS\system32\shcore.dll
0x00007ff9781c0000 - 0x00007ff97820b000 	C:\WINDOWS\system32\powrprof.dll
0x00007ff9781a0000 - 0x00007ff9781b4000 	C:\WINDOWS\system32\profapi.dll
0x0000000072050000 - 0x000000007206a000 	C:\Program Files\Java\jdk1.8.0_60\jre\bin\net.dll
0x00007ff977a70000 - 0x00007ff977acc000 	C:\WINDOWS\system32\mswsock.dll
0x00007ff976b20000 - 0x00007ff976bca000 	C:\WINDOWS\SYSTEM32\DNSAPI.dll
0x00007ff97bb40000 - 0x00007ff97bb48000 	C:\WINDOWS\system32\NSI.dll
0x00007ff96db40000 - 0x00007ff96db4a000 	C:\Windows\System32\rasadhlp.dll
0x00007ff9704c0000 - 0x00007ff970527000 	C:\WINDOWS\System32\fwpuclnt.dll
0x00007ff9780d0000 - 0x00007ff9780f9000 	C:\WINDOWS\SYSTEM32\bcrypt.dll

VM Arguments:
java_command: edu.purdue.simulation.BlockStorageSimulator -isTraining false -trainingExperimentID 167 -assessmentPolicy QoSFirst -machineLearningAlgorithm BayesianNetwork -feedBackLearning false -feedbackLearningInterval 180 -modClockBy 300 -StochasticEventGenerator.clockGapProbability 140 -workloadID 161 -devideDeleteFactorBy 2.5 -maxRequest 10000 -startTestDatasetFromRecordRank 10000
java_class_path (initial): D:\Dropbox\WorkSpaceLuna\MLBlockStorage\target\classes;D:\Dropbox\Research\MLScheduler\jar\libs\ant-1.8.2.jar;D:\Dropbox\Research\MLScheduler\jar\libs\ant-launcher-1.8.2.jar;D:\Dropbox\Research\MLScheduler\jar\libs\commons-csv-1.2.jar;D:\Dropbox\Research\MLScheduler\jar\libs\commons-lang3-3.0.jar;D:\Dropbox\Research\MLScheduler\jar\libs\commons-math3-3.2.jar;D:\Dropbox\Research\MLScheduler\jar\libs\java-cup-0.11a.jar;D:\Dropbox\Research\MLScheduler\jar\libs\joda-time-2.9.jar;D:\Dropbox\Research\MLScheduler\jar\libs\mysql-connector-java-5.1.35.jar;D:\Dropbox\Research\MLScheduler\jar\libs\pentaho-package-manager-1.0.8.jar;D:\Dropbox\Research\MLScheduler\jar\libs\weka-dev-3.7.10.jar
Launcher Type: SUN_STANDARD

Environment Variables:
JAVA_HOME=C:\Program Files\Java\jdk1.7.0_11
CLASSPATH=C:\Program Files\libsvm-3.20\java\libsvm.jar;D:\Tools\ML\liblinear.jar
PATH=C:/Program Files/Java/jdk1.7.0_11/bin/../jre/bin/server;C:/Program Files/Java/jdk1.7.0_11/bin/../jre/bin;C:/Program Files/Java/jdk1.7.0_11/bin/../jre/lib/amd64;D:\Python 3.5\Scripts\;D:\Python 3.5\;C:\ProgramData\Oracle\Java\javapath;C:\Program Files (x86)\iis express\PHP\v5.4;C:\Program Files (x86)\Intel\iCLS Client\;C:\Program Files\Intel\iCLS Client\;C:\WINDOWS\system32;C:\WINDOWS;C:\WINDOWS\System32\Wbem;C:\WINDOWS\System32\WindowsPowerShell\v1.0\;C:\Program Files\Intel\Intel(R) Management Engine Components\DAL;C:\Program Files\Intel\Intel(R) Management Engine Components\IPT;C:\Program Files (x86)\Intel\Intel(R) Management Engine Components\DAL;C:\Program Files (x86)\Intel\Intel(R) Management Engine Components\IPT;C:\Program Files (x86)\Intel\OpenCL SDK\2.0\bin\x86;C:\Program Files (x86)\Intel\OpenCL SDK\2.0\bin\x64;C:\Program Files (x86)\Microsoft ASP.NET\ASP.NET Web Pages\v1.0\;C:\Program Files (x86)\Windows Kits\8.0\Windows Performance Toolkit\;C:\Program Files\Microsoft SQL Server\110\Tools\Binn\;C:\Program Files (x86)\Microsoft SQL Server\100\Tools\Binn\;C:\Program Files\Microsoft SQL Server\100\Tools\Binn\;C:\Program Files\Microsoft SQL Server\1;C:\Program Files\MySQL\MySQL Server 5.5\bin;;C:\Program Files (x86)\Windows Kits\8.1\Windows Performance Toolkit\;C:\Program Files (x86)\Windows Live\Shared;C:\Program Files\Microsoft SQL Server\100\DTS\Binn\;C:\Program Files (x86)\Git\cmd;C:\Program Files (x86)\nodejs\;C:\Program Files\Java\jdk1.7.0_11\bin;C:\Users\babak\.dnx\bin;C:\Program Files\Microsoft DNX\Dnvm\;C:\Program Files (x86)\MiKTeX 2.9\miktex\bin\;C:\Program Files (x86)\Skype\Phone\;C:\Program Files (x86)\MySQL\MySQL Fabric 1.5 & MySQL Utilities 1.5\;C:\Program Files (x86)\MySQL\MySQL Fabric 1.5 & MySQL Utilities 1.5\Doctrine extensions for PHP\;C:\Program Files\Microsoft SQL Server\120\Tools\Binn\;C:\WINDOWS\system32;C:\WINDOWS;C:\WINDOWS\System32\Wbem;C:\WINDOWS\System32\WindowsPowerShell\v1.0\;C:\Users\babak\AppData\Roaming\npm;D:\Tools\eclipse;
USERNAME=babak
OS=Windows_NT
PROCESSOR_IDENTIFIER=Intel64 Family 6 Model 58 Stepping 9, GenuineIntel



---------------  S Y S T E M  ---------------

OS: Windows 10.0 , 64 bit Build 10586 (10.0.10586.0)

CPU:total 4 (2 cores per cpu, 2 threads per core) family 6 model 58 stepping 9, cmov, cx8, fxsr, mmx, sse, sse2, sse3, ssse3, sse4.1, sse4.2, popcnt, avx, aes, clmul, erms, ht, tsc, tscinvbit, tscinv

Memory: 4k page, physical 8264984k(694556k free), swap 23418644k(5364k free)

vm_info: Java HotSpot(TM) 64-Bit Server VM (25.60-b23) for windows-amd64 JRE (1.8.0_60-b27), built on Aug  4 2015 11:06:27 by "java_re" with MS VC++ 10.0 (VS2010)

time: Sun Jan 24 07:59:47 2016
elapsed time: 14 seconds (0d 0h 0m 14s)

