#
# There is insufficient memory for the Java Runtime Environment to continue.
# Native memory allocation (malloc) failed to allocate 904416 bytes for Chunk::new
# Possible reasons:
#   The system is out of physical RAM or swap space
#   In 32 bit mode, the process size limit was hit
# Possible solutions:
#   Reduce memory load on the system
#   Increase physical memory or swap space
#   Check if swap backing store is full
#   Use 64 bit Java on a 64 bit OS
#   Decrease Java heap size (-Xmx/-Xms)
#   Decrease number of Java threads
#   Decrease Java thread stack sizes (-Xss)
#   Set larger code cache with -XX:ReservedCodeCacheSize=
# This output file may be truncated or incomplete.
#
#  Out of Memory Error (allocation.cpp:390), pid=9196, tid=13260
#
# JRE version: Java(TM) SE Runtime Environment (8.0_60-b27) (build 1.8.0_60-b27)
# Java VM: Java HotSpot(TM) 64-Bit Server VM (25.60-b23 mixed mode windows-amd64 compressed oops)
# Failed to write core dump. Minidumps are not enabled by default on client versions of Windows
#

---------------  T H R E A D  ---------------

Current thread (0x0000000016f30800):  JavaThread "C2 CompilerThread1" daemon [_thread_in_native, id=13260, stack(0x0000000018590000,0x0000000018690000)]

Stack: [0x0000000018590000,0x0000000018690000]
[error occurred during error reporting (printing stack bounds), id 0xc0000005]

Native frames: (J=compiled Java code, j=interpreted, Vv=VM code, C=native code)


Current CompileTask:
C2:  10765 2282       4       edu.purdue.simulation.blockstorage.VolumePerformanceMeter::save (284 bytes)


---------------  P R O C E S S  ---------------

Java Threads: ( => current thread )
  0x0000000018890000 JavaThread "Abandoned connection cleanup thread" daemon [_thread_blocked, id=6032, stack(0x0000000018d90000,0x0000000018e90000)]
  0x0000000016f36000 JavaThread "Service Thread" daemon [_thread_blocked, id=8084, stack(0x0000000018b90000,0x0000000018c90000)]
  0x0000000016f33000 JavaThread "C1 CompilerThread2" daemon [_thread_blocked, id=13048, stack(0x0000000018690000,0x0000000018790000)]
=>0x0000000016f30800 JavaThread "C2 CompilerThread1" daemon [_thread_in_native, id=13260, stack(0x0000000018590000,0x0000000018690000)]
  0x0000000016f3a800 JavaThread "C2 CompilerThread0" daemon [_thread_in_native, id=10324, stack(0x0000000018490000,0x0000000018590000)]
  0x0000000016f38800 JavaThread "Attach Listener" daemon [_thread_blocked, id=12524, stack(0x0000000018390000,0x0000000018490000)]
  0x0000000016f37000 JavaThread "Signal Dispatcher" daemon [_thread_blocked, id=12912, stack(0x0000000018290000,0x0000000018390000)]
  0x0000000002407800 JavaThread "Finalizer" daemon [_thread_blocked, id=9208, stack(0x0000000018190000,0x0000000018290000)]
  0x0000000016ef8800 JavaThread "Reference Handler" daemon [_thread_blocked, id=9876, stack(0x0000000018090000,0x0000000018190000)]
  0x0000000002312800 JavaThread "main" [_thread_in_native, id=8856, stack(0x0000000002110000,0x0000000002210000)]

Other Threads:
  0x0000000016ef7000 VMThread [stack: 0x0000000017f90000,0x0000000018090000] [id=9936]
  0x00000000187b6800 WatcherThread [stack: 0x0000000018c90000,0x0000000018d90000] [id=12360]

VM state:not at safepoint (normal execution)

VM Mutex/Monitor currently owned by a thread: None

Heap:
 PSYoungGen      total 105472K, used 59744K [0x00000000d5f80000, 0x00000000dd480000, 0x0000000100000000)
  eden space 92672K, 61% used [0x00000000d5f80000,0x00000000d978f3b8,0x00000000dba00000)
  from space 12800K, 18% used [0x00000000dc700000,0x00000000dc948eb8,0x00000000dd380000)
  to   space 13312K, 0% used [0x00000000dba00000,0x00000000dba00000,0x00000000dc700000)
 ParOldGen       total 87552K, used 59124K [0x0000000081e00000, 0x0000000087380000, 0x00000000d5f80000)
  object space 87552K, 67% used [0x0000000081e00000,0x00000000857bd000,0x0000000087380000)
 Metaspace       used 9863K, capacity 10078K, committed 10240K, reserved 1058816K
  class space    used 908K, capacity 953K, committed 1024K, reserved 1048576K

Card table byte_map: [0x00000000117d0000,0x0000000011bd0000] byte_map_base: 0x00000000113c1000

Marking Bits: (ParMarkBitMap*) 0x00000000714aa5b0
 Begin Bits: [0x0000000012280000, 0x0000000014208000)
 End Bits:   [0x0000000014208000, 0x0000000016190000)

Polling page: 0x0000000000920000

CodeCache: size=245760Kb used=7769Kb max_used=7782Kb free=237990Kb
 bounds [0x0000000002410000, 0x0000000002bc0000, 0x0000000011410000]
 total_blobs=2206 nmethods=1828 adapters=291
 compilation: enabled

Compilation events (10 events):
Event: 10.557 Thread 0x0000000016f33000 2279       3       java.lang.AbstractStringBuilder::append (62 bytes)
Event: 10.558 Thread 0x0000000016f33000 nmethod 2279 0x0000000002bb32d0 code [0x0000000002bb34a0, 0x0000000002bb3b88]
Event: 10.558 Thread 0x0000000016f33000 2278       3       java.util.ArrayList::fastRemove (57 bytes)
Event: 10.558 Thread 0x0000000016f33000 nmethod 2278 0x0000000002badb90 code [0x0000000002badd00, 0x0000000002bae0e8]
Event: 10.564 Thread 0x0000000016f30800 2280       4       java.util.regex.Pattern$GroupTail::match (111 bytes)
Event: 10.568 Thread 0x0000000016f30800 nmethod 2280 0x0000000002bb1590 code [0x0000000002bb1700, 0x0000000002bb19e8]
Event: 10.618 Thread 0x0000000016f3a800 2281       4       java.lang.AbstractStringBuilder::append (191 bytes)
Event: 10.627 Thread 0x0000000016f3a800 nmethod 2281 0x0000000002bb4d90 code [0x0000000002bb4f00, 0x0000000002bb5558]
Event: 10.696 Thread 0x0000000016f30800 2282       4       edu.purdue.simulation.blockstorage.VolumePerformanceMeter::save (284 bytes)
Event: 10.697 Thread 0x0000000016f3a800 2283       4       edu.purdue.simulation.blockstorage.VolumePerformanceMeter::toString (70 bytes)

GC Heap History (10 events):
Event: 8.389 GC heap before
{Heap before GC invocations=28 (full 0):
 PSYoungGen      total 105984K, used 92924K [0x00000000d5f80000, 0x00000000dd480000, 0x0000000100000000)
  eden space 92672K, 99% used [0x00000000d5f80000,0x00000000db9dcd30,0x00000000dba00000)
  from space 13312K, 2% used [0x00000000dba00000,0x00000000dba62580,0x00000000dc700000)
  to   space 12800K, 0% used [0x00000000dc700000,0x00000000dc700000,0x00000000dd380000)
 ParOldGen       total 87552K, used 59124K [0x0000000081e00000, 0x0000000087380000, 0x00000000d5f80000)
  object space 87552K, 67% used [0x0000000081e00000,0x00000000857bd000,0x0000000087380000)
 Metaspace       used 9828K, capacity 9950K, committed 10240K, reserved 1058816K
  class space    used 908K, capacity 953K, committed 1024K, reserved 1048576K
Event: 8.390 GC heap after
Heap after GC invocations=28 (full 0):
 PSYoungGen      total 105472K, used 207K [0x00000000d5f80000, 0x00000000dd480000, 0x0000000100000000)
  eden space 92672K, 0% used [0x00000000d5f80000,0x00000000d5f80000,0x00000000dba00000)
  from space 12800K, 1% used [0x00000000dc700000,0x00000000dc733d28,0x00000000dd380000)
  to   space 13312K, 0% used [0x00000000dba00000,0x00000000dba00000,0x00000000dc700000)
 ParOldGen       total 87552K, used 59124K [0x0000000081e00000, 0x0000000087380000, 0x00000000d5f80000)
  object space 87552K, 67% used [0x0000000081e00000,0x00000000857bd000,0x0000000087380000)
 Metaspace       used 9828K, capacity 9950K, committed 10240K, reserved 1058816K
  class space    used 908K, capacity 953K, committed 1024K, reserved 1048576K
}
Event: 8.407 GC heap before
{Heap before GC invocations=29 (full 0):
 PSYoungGen      total 105472K, used 92794K [0x00000000d5f80000, 0x00000000dd480000, 0x0000000100000000)
  eden space 92672K, 99% used [0x00000000d5f80000,0x00000000db9ead00,0x00000000dba00000)
  from space 12800K, 1% used [0x00000000dc700000,0x00000000dc733d28,0x00000000dd380000)
  to   space 13312K, 0% used [0x00000000dba00000,0x00000000dba00000,0x00000000dc700000)
 ParOldGen       total 87552K, used 59124K [0x0000000081e00000, 0x0000000087380000, 0x00000000d5f80000)
  object space 87552K, 67% used [0x0000000081e00000,0x00000000857bd000,0x0000000087380000)
 Metaspace       used 9828K, capacity 9950K, committed 10240K, reserved 1058816K
  class space    used 908K, capacity 953K, committed 1024K, reserved 1048576K
Event: 8.408 GC heap after
Heap after GC invocations=29 (full 0):
 PSYoungGen      total 105984K, used 434K [0x00000000d5f80000, 0x00000000dd480000, 0x0000000100000000)
  eden space 92672K, 0% used [0x00000000d5f80000,0x00000000d5f80000,0x00000000dba00000)
  from space 13312K, 3% used [0x00000000dba00000,0x00000000dba6ca90,0x00000000dc700000)
  to   space 12800K, 0% used [0x00000000dc700000,0x00000000dc700000,0x00000000dd380000)
 ParOldGen       total 87552K, used 59124K [0x0000000081e00000, 0x0000000087380000, 0x00000000d5f80000)
  object space 87552K, 67% used [0x0000000081e00000,0x00000000857bd000,0x0000000087380000)
 Metaspace       used 9828K, capacity 9950K, committed 10240K, reserved 1058816K
  class space    used 908K, capacity 953K, committed 1024K, reserved 1048576K
}
Event: 8.425 GC heap before
{Heap before GC invocations=30 (full 0):
 PSYoungGen      total 105984K, used 92986K [0x00000000d5f80000, 0x00000000dd480000, 0x0000000100000000)
  eden space 92672K, 99% used [0x00000000d5f80000,0x00000000db9e1e48,0x00000000dba00000)
  from space 13312K, 3% used [0x00000000dba00000,0x00000000dba6ca90,0x00000000dc700000)
  to   space 12800K, 0% used [0x00000000dc700000,0x00000000dc700000,0x00000000dd380000)
 ParOldGen       total 87552K, used 59124K [0x0000000081e00000, 0x0000000087380000, 0x00000000d5f80000)
  object space 87552K, 67% used [0x0000000081e00000,0x00000000857bd000,0x0000000087380000)
 Metaspace       used 9828K, capacity 9950K, committed 10240K, reserved 1058816K
  class space    used 908K, capacity 953K, committed 1024K, reserved 1048576K
Event: 8.426 GC heap after
Heap after GC invocations=30 (full 0):
 PSYoungGen      total 105472K, used 421K [0x00000000d5f80000, 0x00000000dd480000, 0x0000000100000000)
  eden space 92672K, 0% used [0x00000000d5f80000,0x00000000d5f80000,0x00000000dba00000)
  from space 12800K, 3% used [0x00000000dc700000,0x00000000dc769638,0x00000000dd380000)
  to   space 13312K, 0% used [0x00000000dba00000,0x00000000dba00000,0x00000000dc700000)
 ParOldGen       total 87552K, used 59124K [0x0000000081e00000, 0x0000000087380000, 0x00000000d5f80000)
  object space 87552K, 67% used [0x0000000081e00000,0x00000000857bd000,0x0000000087380000)
 Metaspace       used 9828K, capacity 9950K, committed 10240K, reserved 1058816K
  class space    used 908K, capacity 953K, committed 1024K, reserved 1048576K
}
Event: 8.443 GC heap before
{Heap before GC invocations=31 (full 0):
 PSYoungGen      total 105472K, used 93013K [0x00000000d5f80000, 0x00000000dd480000, 0x0000000100000000)
  eden space 92672K, 99% used [0x00000000d5f80000,0x00000000db9ebe18,0x00000000dba00000)
  from space 12800K, 3% used [0x00000000dc700000,0x00000000dc769638,0x00000000dd380000)
  to   space 13312K, 0% used [0x00000000dba00000,0x00000000dba00000,0x00000000dc700000)
 ParOldGen       total 87552K, used 59124K [0x0000000081e00000, 0x0000000087380000, 0x00000000d5f80000)
  object space 87552K, 67% used [0x0000000081e00000,0x00000000857bd000,0x0000000087380000)
 Metaspace       used 9828K, capacity 9950K, committed 10240K, reserved 1058816K
  class space    used 908K, capacity 953K, committed 1024K, reserved 1048576K
Event: 8.444 GC heap after
Heap after GC invocations=31 (full 0):
 PSYoungGen      total 105984K, used 439K [0x00000000d5f80000, 0x00000000dd480000, 0x0000000100000000)
  eden space 92672K, 0% used [0x00000000d5f80000,0x00000000d5f80000,0x00000000dba00000)
  from space 13312K, 3% used [0x00000000dba00000,0x00000000dba6deb8,0x00000000dc700000)
  to   space 12800K, 0% used [0x00000000dc700000,0x00000000dc700000,0x00000000dd380000)
 ParOldGen       total 87552K, used 59124K [0x0000000081e00000, 0x0000000087380000, 0x00000000d5f80000)
  object space 87552K, 67% used [0x0000000081e00000,0x00000000857bd000,0x0000000087380000)
 Metaspace       used 9828K, capacity 9950K, committed 10240K, reserved 1058816K
  class space    used 908K, capacity 953K, committed 1024K, reserved 1048576K
}
Event: 9.096 GC heap before
{Heap before GC invocations=32 (full 0):
 PSYoungGen      total 105984K, used 93111K [0x00000000d5f80000, 0x00000000dd480000, 0x0000000100000000)
  eden space 92672K, 100% used [0x00000000d5f80000,0x00000000dba00000,0x00000000dba00000)
  from space 13312K, 3% used [0x00000000dba00000,0x00000000dba6deb8,0x00000000dc700000)
  to   space 12800K, 0% used [0x00000000dc700000,0x00000000dc700000,0x00000000dd380000)
 ParOldGen       total 87552K, used 59124K [0x0000000081e00000, 0x0000000087380000, 0x00000000d5f80000)
  object space 87552K, 67% used [0x0000000081e00000,0x00000000857bd000,0x0000000087380000)
 Metaspace       used 9854K, capacity 10078K, committed 10240K, reserved 1058816K
  class space    used 908K, capacity 953K, committed 1024K, reserved 1048576K
Event: 9.100 GC heap after
Heap after GC invocations=32 (full 0):
 PSYoungGen      total 105472K, used 2339K [0x00000000d5f80000, 0x00000000dd480000, 0x0000000100000000)
  eden space 92672K, 0% used [0x00000000d5f80000,0x00000000d5f80000,0x00000000dba00000)
  from space 12800K, 18% used [0x00000000dc700000,0x00000000dc948eb8,0x00000000dd380000)
  to   space 13312K, 0% used [0x00000000dba00000,0x00000000dba00000,0x00000000dc700000)
 ParOldGen       total 87552K, used 59124K [0x0000000081e00000, 0x0000000087380000, 0x00000000d5f80000)
  object space 87552K, 67% used [0x0000000081e00000,0x00000000857bd000,0x0000000087380000)
 Metaspace       used 9854K, capacity 10078K, committed 10240K, reserved 1058816K
  class space    used 908K, capacity 953K, committed 1024K, reserved 1048576K
}

Deoptimization events (10 events):
Event: 8.566 Thread 0x0000000002312800 Uncommon trap: reason=speculate_class_check action=maybe_recompile pc=0x0000000002775dd0 method=com.mysql.jdbc.PreparedStatement.setBigDecimal(ILjava/math/BigDecimal;)V @ 33
Event: 8.566 Thread 0x0000000002312800 Uncommon trap: reason=class_check action=maybe_recompile pc=0x000000000275d80c method=com.mysql.jdbc.PreparedStatement.setInternal(ILjava/lang/String;)V @ 1
Event: 8.566 Thread 0x0000000002312800 Uncommon trap: reason=class_check action=maybe_recompile pc=0x000000000293a9c0 method=com.mysql.jdbc.PreparedStatement.checkBounds(II)V @ 1
Event: 8.566 Thread 0x0000000002312800 Uncommon trap: reason=speculate_class_check action=maybe_recompile pc=0x00000000028d02ac method=com.mysql.jdbc.PreparedStatement.setInt(II)V @ 17
Event: 8.566 Thread 0x0000000002312800 Uncommon trap: reason=class_check action=maybe_recompile pc=0x000000000275d80c method=com.mysql.jdbc.PreparedStatement.setInternal(ILjava/lang/String;)V @ 1
Event: 8.566 Thread 0x0000000002312800 Uncommon trap: reason=class_check action=maybe_recompile pc=0x000000000293a9c0 method=com.mysql.jdbc.PreparedStatement.checkBounds(II)V @ 1
Event: 8.566 Thread 0x0000000002312800 Uncommon trap: reason=speculate_class_check action=maybe_recompile pc=0x00000000028d02ac method=com.mysql.jdbc.PreparedStatement.setInt(II)V @ 17
Event: 8.566 Thread 0x0000000002312800 Uncommon trap: reason=class_check action=maybe_recompile pc=0x000000000275d80c method=com.mysql.jdbc.PreparedStatement.setInternal(ILjava/lang/String;)V @ 1
Event: 8.566 Thread 0x0000000002312800 Uncommon trap: reason=class_check action=maybe_recompile pc=0x000000000293a9c0 method=com.mysql.jdbc.PreparedStatement.checkBounds(II)V @ 1
Event: 8.566 Thread 0x0000000002312800 Uncommon trap: reason=speculate_class_check action=maybe_recompile pc=0x00000000028d02ac method=com.mysql.jdbc.PreparedStatement.setInt(II)V @ 17

Internal exceptions (10 events):
Event: 1.416 Thread 0x0000000002312800 Exception <a 'java/lang/NoSuchMethodError': <clinit>> (0x00000000d64c2db0) thrown at [C:\re\workspace\8-2-build-windows-amd64-cygwin\jdk8u60\4407\hotspot\src\share\vm\prims\jni.cpp, line 1591]
Event: 1.423 Thread 0x0000000002312800 Exception <a 'java/lang/NoSuchMethodError': <clinit>> (0x00000000d64e0578) thrown at [C:\re\workspace\8-2-build-windows-amd64-cygwin\jdk8u60\4407\hotspot\src\share\vm\prims\jni.cpp, line 1591]
Event: 1.424 Thread 0x0000000002312800 Exception <a 'java/lang/NoSuchMethodError': <clinit>> (0x00000000d64e0ea8) thrown at [C:\re\workspace\8-2-build-windows-amd64-cygwin\jdk8u60\4407\hotspot\src\share\vm\prims\jni.cpp, line 1591]
Event: 1.435 Thread 0x0000000002312800 Exception <a 'java/lang/NoSuchMethodError': <clinit>> (0x00000000d64e7d60) thrown at [C:\re\workspace\8-2-build-windows-amd64-cygwin\jdk8u60\4407\hotspot\src\share\vm\prims\jni.cpp, line 1591]
Event: 1.438 Thread 0x0000000002312800 Exception <a 'java/lang/NoSuchMethodError': <clinit>> (0x00000000d64e8930) thrown at [C:\re\workspace\8-2-build-windows-amd64-cygwin\jdk8u60\4407\hotspot\src\share\vm\prims\jni.cpp, line 1591]
Event: 1.439 Thread 0x0000000002312800 Exception <a 'java/lang/NoSuchMethodError': <clinit>> (0x00000000d64e9330) thrown at [C:\re\workspace\8-2-build-windows-amd64-cygwin\jdk8u60\4407\hotspot\src\share\vm\prims\jni.cpp, line 1591]
Event: 1.525 Thread 0x0000000002312800 Exception <a 'java/lang/NoSuchMethodError': <clinit>> (0x00000000d675d968) thrown at [C:\re\workspace\8-2-build-windows-amd64-cygwin\jdk8u60\4407\hotspot\src\share\vm\prims\jni.cpp, line 1591]
Event: 1.797 Thread 0x0000000002312800 Implicit null exception at 0x0000000002809693 to 0x000000000280c269
Event: 1.960 Thread 0x0000000002312800 Implicit null exception at 0x000000000286e811 to 0x000000000286d70d
Event: 2.869 Thread 0x0000000002312800 Implicit null exception at 0x0000000002690c4b to 0x000000000269179d

Events (10 events):
Event: 8.566 Thread 0x0000000002312800 Uncommon trap: trap_request=0xffffff76 fr.pc=0x00000000028d02ac
Event: 8.566 Thread 0x0000000002312800 DEOPT PACKING pc=0x00000000028d02ac sp=0x000000000220f570
Event: 8.566 Thread 0x0000000002312800 DEOPT UNPACKING pc=0x000000000245582a sp=0x000000000220f538 mode 2
Event: 8.666 Thread 0x0000000016f33000 flushing nmethod 0x00000000028bf0d0
Event: 8.666 Thread 0x0000000016f33000 flushing nmethod 0x00000000028ecf50
Event: 8.673 Thread 0x0000000016f33000 flushing nmethod 0x00000000028ff910
Event: 8.675 Thread 0x0000000016f3a800 flushing nmethod 0x0000000002a441d0
Event: 8.677 Thread 0x0000000016f33000 flushing nmethod 0x0000000002ab3a10
Event: 9.096 Executing VM operation: ParallelGCFailedAllocation
Event: 9.100 Executing VM operation: ParallelGCFailedAllocation done


Dynamic libraries:
0x00007ff62a8d0000 - 0x00007ff62a907000 	C:\Program Files\Java\jdk1.8.0_60\bin\java.exe
0x00007ff97bb80000 - 0x00007ff97bd41000 	C:\WINDOWS\SYSTEM32\ntdll.dll
0x00007ff97ba90000 - 0x00007ff97bb3d000 	C:\WINDOWS\system32\KERNEL32.DLL
0x00007ff978ab0000 - 0x00007ff978c98000 	C:\WINDOWS\system32\KERNELBASE.dll
0x00007ff976990000 - 0x00007ff976a09000 	C:\WINDOWS\system32\apphelp.dll
0x00007ff97b8a0000 - 0x00007ff97b947000 	C:\WINDOWS\system32\ADVAPI32.dll
0x00007ff9790d0000 - 0x00007ff97916d000 	C:\WINDOWS\system32\msvcrt.dll
0x00007ff97a270000 - 0x00007ff97a2cb000 	C:\WINDOWS\system32\sechost.dll
0x00007ff979880000 - 0x00007ff97999c000 	C:\WINDOWS\system32\RPCRT4.dll
0x00007ff979bb0000 - 0x00007ff979d06000 	C:\WINDOWS\system32\USER32.dll
0x00007ff9796f0000 - 0x00007ff979876000 	C:\WINDOWS\system32\GDI32.dll
0x00007ff96bef0000 - 0x00007ff96c164000 	C:\WINDOWS\WinSxS\amd64_microsoft.windows.common-controls_6595b64144ccf1df_6.0.10586.0_none_8c15ae12515e1c22\COMCTL32.dll
0x00007ff979d10000 - 0x00007ff979f8d000 	C:\WINDOWS\system32\combase.dll
0x00007ff978340000 - 0x00007ff9783aa000 	C:\WINDOWS\system32\bcryptPrimitives.dll
0x00007ff979090000 - 0x00007ff9790cb000 	C:\WINDOWS\system32\IMM32.DLL
0x0000000071530000 - 0x0000000071602000 	C:\Program Files\Java\jdk1.8.0_60\jre\bin\msvcr100.dll
0x0000000070ca0000 - 0x0000000071529000 	C:\Program Files\Java\jdk1.8.0_60\jre\bin\server\jvm.dll
0x00007ff979ff0000 - 0x00007ff979ff8000 	C:\WINDOWS\system32\PSAPI.DLL
0x00007ff971860000 - 0x00007ff971869000 	C:\WINDOWS\SYSTEM32\WSOCK32.dll
0x00007ff9768a0000 - 0x00007ff9768c3000 	C:\WINDOWS\SYSTEM32\WINMM.dll
0x00007ff96f1b0000 - 0x00007ff96f1ba000 	C:\WINDOWS\SYSTEM32\VERSION.dll
0x00007ff97b830000 - 0x00007ff97b89b000 	C:\WINDOWS\system32\WS2_32.dll
0x00007ff976870000 - 0x00007ff97689c000 	C:\WINDOWS\SYSTEM32\WINMMBASE.dll
0x00007ff978230000 - 0x00007ff978273000 	C:\WINDOWS\system32\cfgmgr32.dll
0x00000000720c0000 - 0x00000000720cf000 	C:\Program Files\Java\jdk1.8.0_60\jre\bin\verify.dll
0x0000000072090000 - 0x00000000720b9000 	C:\Program Files\Java\jdk1.8.0_60\jre\bin\java.dll
0x0000000072070000 - 0x0000000072086000 	C:\Program Files\Java\jdk1.8.0_60\jre\bin\zip.dll
0x00007ff97a2d0000 - 0x00007ff97b82f000 	C:\WINDOWS\system32\SHELL32.dll
0x00007ff9783b0000 - 0x00007ff9789f4000 	C:\WINDOWS\system32\windows.storage.dll
0x00007ff978f80000 - 0x00007ff978fd2000 	C:\WINDOWS\system32\shlwapi.dll
0x00007ff978210000 - 0x00007ff97821f000 	C:\WINDOWS\system32\kernel.appcore.dll
0x00007ff978280000 - 0x00007ff978335000 	C:\WINDOWS\system32\shcore.dll
0x00007ff9781c0000 - 0x00007ff97820b000 	C:\WINDOWS\system32\powrprof.dll
0x00007ff9781a0000 - 0x00007ff9781b4000 	C:\WINDOWS\system32\profapi.dll
0x0000000072050000 - 0x000000007206a000 	C:\Program Files\Java\jdk1.8.0_60\jre\bin\net.dll
0x00007ff977a70000 - 0x00007ff977acc000 	C:\WINDOWS\system32\mswsock.dll
0x00007ff976b20000 - 0x00007ff976bca000 	C:\WINDOWS\SYSTEM32\DNSAPI.dll
0x00007ff97bb40000 - 0x00007ff97bb48000 	C:\WINDOWS\system32\NSI.dll
0x00007ff96db40000 - 0x00007ff96db4a000 	C:\Windows\System32\rasadhlp.dll
0x00007ff9704c0000 - 0x00007ff970527000 	C:\WINDOWS\System32\fwpuclnt.dll
0x00007ff9780d0000 - 0x00007ff9780f9000 	C:\WINDOWS\SYSTEM32\bcrypt.dll

VM Arguments:
java_command: edu.purdue.simulation.BlockStorageSimulator -isTraining false -trainingExperimentID 167 -assessmentPolicy EfficiencyFirst -machineLearningAlgorithm BayesianNetwork -feedBackLearning true -feedbackLearningInterval 180 -modClockBy 300 -StochasticEventGenerator.clockGapProbability 140 -workloadID 161 -devideDeleteFactorBy 2.5 -maxRequest 10000 -startTestDatasetFromRecordRank 10000
java_class_path (initial): D:\Dropbox\WorkSpaceLuna\MLBlockStorage\target\classes;D:\Dropbox\Research\MLScheduler\jar\libs\ant-1.8.2.jar;D:\Dropbox\Research\MLScheduler\jar\libs\ant-launcher-1.8.2.jar;D:\Dropbox\Research\MLScheduler\jar\libs\commons-csv-1.2.jar;D:\Dropbox\Research\MLScheduler\jar\libs\commons-lang3-3.0.jar;D:\Dropbox\Research\MLScheduler\jar\libs\commons-math3-3.2.jar;D:\Dropbox\Research\MLScheduler\jar\libs\java-cup-0.11a.jar;D:\Dropbox\Research\MLScheduler\jar\libs\joda-time-2.9.jar;D:\Dropbox\Research\MLScheduler\jar\libs\mysql-connector-java-5.1.35.jar;D:\Dropbox\Research\MLScheduler\jar\libs\pentaho-package-manager-1.0.8.jar;D:\Dropbox\Research\MLScheduler\jar\libs\weka-dev-3.7.10.jar
Launcher Type: SUN_STANDARD

Environment Variables:
JAVA_HOME=C:\Program Files\Java\jdk1.7.0_11
CLASSPATH=C:\Program Files\libsvm-3.20\java\libsvm.jar;D:\Tools\ML\liblinear.jar
PATH=C:/Program Files/Java/jdk1.7.0_11/bin/../jre/bin/server;C:/Program Files/Java/jdk1.7.0_11/bin/../jre/bin;C:/Program Files/Java/jdk1.7.0_11/bin/../jre/lib/amd64;D:\Python 3.5\Scripts\;D:\Python 3.5\;C:\ProgramData\Oracle\Java\javapath;C:\Program Files (x86)\iis express\PHP\v5.4;C:\Program Files (x86)\Intel\iCLS Client\;C:\Program Files\Intel\iCLS Client\;C:\WINDOWS\system32;C:\WINDOWS;C:\WINDOWS\System32\Wbem;C:\WINDOWS\System32\WindowsPowerShell\v1.0\;C:\Program Files\Intel\Intel(R) Management Engine Components\DAL;C:\Program Files\Intel\Intel(R) Management Engine Components\IPT;C:\Program Files (x86)\Intel\Intel(R) Management Engine Components\DAL;C:\Program Files (x86)\Intel\Intel(R) Management Engine Components\IPT;C:\Program Files (x86)\Intel\OpenCL SDK\2.0\bin\x86;C:\Program Files (x86)\Intel\OpenCL SDK\2.0\bin\x64;C:\Program Files (x86)\Microsoft ASP.NET\ASP.NET Web Pages\v1.0\;C:\Program Files (x86)\Windows Kits\8.0\Windows Performance Toolkit\;C:\Program Files\Microsoft SQL Server\110\Tools\Binn\;C:\Program Files (x86)\Microsoft SQL Server\100\Tools\Binn\;C:\Program Files\Microsoft SQL Server\100\Tools\Binn\;C:\Program Files\Microsoft SQL Server\1;C:\Program Files\MySQL\MySQL Server 5.5\bin;;C:\Program Files (x86)\Windows Kits\8.1\Windows Performance Toolkit\;C:\Program Files (x86)\Windows Live\Shared;C:\Program Files\Microsoft SQL Server\100\DTS\Binn\;C:\Program Files (x86)\Git\cmd;C:\Program Files (x86)\nodejs\;C:\Program Files\Java\jdk1.7.0_11\bin;C:\Users\babak\.dnx\bin;C:\Program Files\Microsoft DNX\Dnvm\;C:\Program Files (x86)\MiKTeX 2.9\miktex\bin\;C:\Program Files (x86)\Skype\Phone\;C:\Program Files (x86)\MySQL\MySQL Fabric 1.5 & MySQL Utilities 1.5\;C:\Program Files (x86)\MySQL\MySQL Fabric 1.5 & MySQL Utilities 1.5\Doctrine extensions for PHP\;C:\Program Files\Microsoft SQL Server\120\Tools\Binn\;C:\WINDOWS\system32;C:\WINDOWS;C:\WINDOWS\System32\Wbem;C:\WINDOWS\System32\WindowsPowerShell\v1.0\;C:\Users\babak\AppData\Roaming\npm;D:\Tools\eclipse;
USERNAME=babak
OS=Windows_NT
PROCESSOR_IDENTIFIER=Intel64 Family 6 Model 58 Stepping 9, GenuineIntel



---------------  S Y S T E M  ---------------

OS: Windows 10.0 , 64 bit Build 10586 (10.0.10586.0)

CPU:total 4 (2 cores per cpu, 2 threads per core) family 6 model 58 stepping 9, cmov, cx8, fxsr, mmx, sse, sse2, sse3, ssse3, sse4.1, sse4.2, popcnt, avx, aes, clmul, erms, ht, tsc, tscinvbit, tscinv

Memory: 4k page, physical 8264984k(763796k free), swap 23418644k(10168k free)

vm_info: Java HotSpot(TM) 64-Bit Server VM (25.60-b23) for windows-amd64 JRE (1.8.0_60-b27), built on Aug  4 2015 11:06:27 by "java_re" with MS VC++ 10.0 (VS2010)

time: Sun Jan 24 07:31:43 2016
elapsed time: 10 seconds (0d 0h 0m 10s)

