#
# There is insufficient memory for the Java Runtime Environment to continue.
# Native memory allocation (malloc) failed to allocate 165776 bytes for Chunk::new
# Possible reasons:
#   The system is out of physical RAM or swap space
#   In 32 bit mode, the process size limit was hit
# Possible solutions:
#   Reduce memory load on the system
#   Increase physical memory or swap space
#   Check if swap backing store is full
#   Use 64 bit Java on a 64 bit OS
#   Decrease Java heap size (-Xmx/-Xms)
#   Decrease number of Java threads
#   Decrease Java thread stack sizes (-Xss)
#   Set larger code cache with -XX:ReservedCodeCacheSize=
# This output file may be truncated or incomplete.
#
#  Out of Memory Error (allocation.cpp:390), pid=12308, tid=12292
#
# JRE version: Java(TM) SE Runtime Environment (8.0_60-b27) (build 1.8.0_60-b27)
# Java VM: Java HotSpot(TM) 64-Bit Server VM (25.60-b23 mixed mode windows-amd64 compressed oops)
# Failed to write core dump. Minidumps are not enabled by default on client versions of Windows
#

---------------  T H R E A D  ---------------

Current thread (0x0000000016ebe000):  JavaThread "C2 CompilerThread1" daemon [_thread_in_native, id=12292, stack(0x00000000185e0000,0x00000000186e0000)]

Stack: [0x00000000185e0000,0x00000000186e0000]
[error occurred during error reporting (printing stack bounds), id 0xc0000005]

Native frames: (J=compiled Java code, j=interpreted, Vv=VM code, C=native code)


Current CompileTask:
C2:  10072 1881   !   4       com.mysql.jdbc.StringUtils::getBytes (125 bytes)


---------------  P R O C E S S  ---------------

Java Threads: ( => current thread )
  0x000000001894a000 JavaThread "Abandoned connection cleanup thread" daemon [_thread_blocked, id=12264, stack(0x0000000018de0000,0x0000000018ee0000)]
  0x0000000016f0e800 JavaThread "Service Thread" daemon [_thread_blocked, id=11596, stack(0x0000000018be0000,0x0000000018ce0000)]
  0x0000000016eae800 JavaThread "C1 CompilerThread2" daemon [_thread_blocked, id=7408, stack(0x00000000186e0000,0x00000000187e0000)]
=>0x0000000016ebe000 JavaThread "C2 CompilerThread1" daemon [_thread_in_native, id=12292, stack(0x00000000185e0000,0x00000000186e0000)]
  0x0000000016ebb800 JavaThread "C2 CompilerThread0" daemon [_thread_in_native, id=676, stack(0x00000000184e0000,0x00000000185e0000)]
  0x0000000016eb9800 JavaThread "Attach Listener" daemon [_thread_blocked, id=11204, stack(0x00000000183e0000,0x00000000184e0000)]
  0x0000000016eb8800 JavaThread "Signal Dispatcher" daemon [_thread_blocked, id=3664, stack(0x00000000182e0000,0x00000000183e0000)]
  0x0000000002309800 JavaThread "Finalizer" daemon [_thread_blocked, id=12920, stack(0x0000000018100000,0x0000000018200000)]
  0x0000000002300800 JavaThread "Reference Handler" daemon [_thread_blocked, id=12496, stack(0x0000000018000000,0x0000000018100000)]
  0x0000000002212800 JavaThread "main" [_thread_in_Java, id=3456, stack(0x0000000000970000,0x0000000000a70000)]

Other Threads:
  0x0000000016e78000 VMThread [stack: 0x0000000017f00000,0x0000000018000000] [id=10400]
  0x0000000018825800 WatcherThread [stack: 0x0000000018ce0000,0x0000000018de0000] [id=6704]

VM state:not at safepoint (normal execution)

VM Mutex/Monitor currently owned by a thread: None

Heap:
 PSYoungGen      total 226304K, used 148076K [0x00000000d5f80000, 0x00000000e4980000, 0x0000000100000000)
  eden space 212992K, 66% used [0x00000000d5f80000,0x00000000de9a0a18,0x00000000e2f80000)
  from space 13312K, 49% used [0x00000000e3c80000,0x00000000e42fa828,0x00000000e4980000)
  to   space 13312K, 0% used [0x00000000e2f80000,0x00000000e2f80000,0x00000000e3c80000)
 ParOldGen       total 87552K, used 41729K [0x0000000081e00000, 0x0000000087380000, 0x00000000d5f80000)
  object space 87552K, 47% used [0x0000000081e00000,0x00000000846c0700,0x0000000087380000)
 Metaspace       used 9638K, capacity 9806K, committed 9984K, reserved 1058816K
  class space    used 907K, capacity 953K, committed 1024K, reserved 1048576K

Card table byte_map: [0x0000000011750000,0x0000000011b50000] byte_map_base: 0x0000000011341000

Marking Bits: (ParMarkBitMap*) 0x00000000714aa5b0
 Begin Bits: [0x0000000012200000, 0x0000000014188000)
 End Bits:   [0x0000000014188000, 0x0000000016110000)

Polling page: 0x0000000000450000

CodeCache: size=245760Kb used=5805Kb max_used=7709Kb free=239954Kb
 bounds [0x0000000002390000, 0x0000000002b30000, 0x0000000011390000]
 total_blobs=1857 nmethods=1479 adapters=291
 compilation: enabled

Compilation events (10 events):
Event: 10.032 Thread 0x0000000016eae800 1901       3       java.util.Formatter$FormatSpecifier::adjustWidth (29 bytes)
Event: 10.033 Thread 0x0000000016eae800 nmethod 1901 0x000000000275ae50 code [0x000000000275afc0, 0x000000000275b2d0]
Event: 10.033 Thread 0x0000000016eae800 1902       3       java.util.Formatter$FormatSpecifier::getZero (36 bytes)
Event: 10.034 Thread 0x0000000016eae800 nmethod 1902 0x00000000027946d0 code [0x0000000002794880, 0x0000000002794e38]
Event: 10.034 Thread 0x0000000016eae800 1903       3       java.util.Formatter::locale (9 bytes)
Event: 10.034 Thread 0x0000000016eae800 nmethod 1903 0x00000000027664d0 code [0x0000000002766640, 0x00000000027668a8]
Event: 10.034 Thread 0x0000000016eae800 1904       3       java.util.Formatter$FormatSpecifier::trailingSign (26 bytes)
Event: 10.035 Thread 0x0000000016eae800 nmethod 1904 0x00000000026a8f10 code [0x00000000026a90c0, 0x00000000026a96a8]
Event: 10.046 Thread 0x0000000016eae800 1905       3       java.util.Formatter::checkText (58 bytes)
Event: 10.047 Thread 0x0000000016eae800 nmethod 1905 0x00000000025ed890 code [0x00000000025eda80, 0x00000000025ee408]

GC Heap History (10 events):
Event: 6.696 GC heap before
{Heap before GC invocations=6 (full 0):
 PSYoungGen      total 138240K, used 138216K [0x00000000d5f80000, 0x00000000deb80000, 0x0000000100000000)
  eden space 133120K, 100% used [0x00000000d5f80000,0x00000000de180000,0x00000000de180000)
  from space 5120K, 99% used [0x00000000de180000,0x00000000de67a3b0,0x00000000de680000)
  to   space 5120K, 0% used [0x00000000de680000,0x00000000de680000,0x00000000deb80000)
 ParOldGen       total 87552K, used 16333K [0x0000000081e00000, 0x0000000087380000, 0x00000000d5f80000)
  object space 87552K, 18% used [0x0000000081e00000,0x0000000082df3718,0x0000000087380000)
 Metaspace       used 9330K, capacity 9526K, committed 9728K, reserved 1058816K
  class space    used 900K, capacity 949K, committed 1024K, reserved 1048576K
Event: 6.716 GC heap after
Heap after GC invocations=6 (full 0):
 PSYoungGen      total 138240K, used 5103K [0x00000000d5f80000, 0x00000000deb80000, 0x0000000100000000)
  eden space 133120K, 0% used [0x00000000d5f80000,0x00000000d5f80000,0x00000000de180000)
  from space 5120K, 99% used [0x00000000de680000,0x00000000deb7bca0,0x00000000deb80000)
  to   space 5120K, 0% used [0x00000000de180000,0x00000000de180000,0x00000000de680000)
 ParOldGen       total 87552K, used 24783K [0x0000000081e00000, 0x0000000087380000, 0x00000000d5f80000)
  object space 87552K, 28% used [0x0000000081e00000,0x0000000083633d70,0x0000000087380000)
 Metaspace       used 9330K, capacity 9526K, committed 9728K, reserved 1058816K
  class space    used 900K, capacity 949K, committed 1024K, reserved 1048576K
}
Event: 7.282 GC heap before
{Heap before GC invocations=7 (full 0):
 PSYoungGen      total 138240K, used 138223K [0x00000000d5f80000, 0x00000000deb80000, 0x0000000100000000)
  eden space 133120K, 100% used [0x00000000d5f80000,0x00000000de180000,0x00000000de180000)
  from space 5120K, 99% used [0x00000000de680000,0x00000000deb7bca0,0x00000000deb80000)
  to   space 5120K, 0% used [0x00000000de180000,0x00000000de180000,0x00000000de680000)
 ParOldGen       total 87552K, used 24783K [0x0000000081e00000, 0x0000000087380000, 0x00000000d5f80000)
  object space 87552K, 28% used [0x0000000081e00000,0x0000000083633d70,0x0000000087380000)
 Metaspace       used 9344K, capacity 9526K, committed 9728K, reserved 1058816K
  class space    used 900K, capacity 949K, committed 1024K, reserved 1048576K
Event: 7.298 GC heap after
Heap after GC invocations=7 (full 0):
 PSYoungGen      total 138240K, used 5104K [0x00000000d5f80000, 0x00000000deb80000, 0x0000000100000000)
  eden space 133120K, 0% used [0x00000000d5f80000,0x00000000d5f80000,0x00000000de180000)
  from space 5120K, 99% used [0x00000000de180000,0x00000000de67c298,0x00000000de680000)
  to   space 5120K, 0% used [0x00000000de680000,0x00000000de680000,0x00000000deb80000)
 ParOldGen       total 87552K, used 30252K [0x0000000081e00000, 0x0000000087380000, 0x00000000d5f80000)
  object space 87552K, 34% used [0x0000000081e00000,0x0000000083b8b280,0x0000000087380000)
 Metaspace       used 9344K, capacity 9526K, committed 9728K, reserved 1058816K
  class space    used 900K, capacity 949K, committed 1024K, reserved 1048576K
}
Event: 7.890 GC heap before
{Heap before GC invocations=8 (full 0):
 PSYoungGen      total 138240K, used 138224K [0x00000000d5f80000, 0x00000000deb80000, 0x0000000100000000)
  eden space 133120K, 100% used [0x00000000d5f80000,0x00000000de180000,0x00000000de180000)
  from space 5120K, 99% used [0x00000000de180000,0x00000000de67c298,0x00000000de680000)
  to   space 5120K, 0% used [0x00000000de680000,0x00000000de680000,0x00000000deb80000)
 ParOldGen       total 87552K, used 30252K [0x0000000081e00000, 0x0000000087380000, 0x00000000d5f80000)
  object space 87552K, 34% used [0x0000000081e00000,0x0000000083b8b280,0x0000000087380000)
 Metaspace       used 9354K, capacity 9526K, committed 9728K, reserved 1058816K
  class space    used 900K, capacity 949K, committed 1024K, reserved 1048576K
Event: 7.897 GC heap after
Heap after GC invocations=8 (full 0):
 PSYoungGen      total 138240K, used 5089K [0x00000000d5f80000, 0x00000000deb80000, 0x0000000100000000)
  eden space 133120K, 0% used [0x00000000d5f80000,0x00000000d5f80000,0x00000000de180000)
  from space 5120K, 99% used [0x00000000de680000,0x00000000deb786d8,0x00000000deb80000)
  to   space 5120K, 0% used [0x00000000de180000,0x00000000de180000,0x00000000de680000)
 ParOldGen       total 87552K, used 32934K [0x0000000081e00000, 0x0000000087380000, 0x00000000d5f80000)
  object space 87552K, 37% used [0x0000000081e00000,0x0000000083e29958,0x0000000087380000)
 Metaspace       used 9354K, capacity 9526K, committed 9728K, reserved 1058816K
  class space    used 900K, capacity 949K, committed 1024K, reserved 1048576K
}
Event: 8.403 GC heap before
{Heap before GC invocations=9 (full 0):
 PSYoungGen      total 138240K, used 138209K [0x00000000d5f80000, 0x00000000deb80000, 0x0000000100000000)
  eden space 133120K, 100% used [0x00000000d5f80000,0x00000000de180000,0x00000000de180000)
  from space 5120K, 99% used [0x00000000de680000,0x00000000deb786d8,0x00000000deb80000)
  to   space 5120K, 0% used [0x00000000de180000,0x00000000de180000,0x00000000de680000)
 ParOldGen       total 87552K, used 32934K [0x0000000081e00000, 0x0000000087380000, 0x00000000d5f80000)
  object space 87552K, 37% used [0x0000000081e00000,0x0000000083e29958,0x0000000087380000)
 Metaspace       used 9370K, capacity 9532K, committed 9728K, reserved 1058816K
  class space    used 901K, capacity 950K, committed 1024K, reserved 1048576K
Event: 8.418 GC heap after
Heap after GC invocations=9 (full 0):
 PSYoungGen      total 138240K, used 5114K [0x00000000d5f80000, 0x00000000e4980000, 0x0000000100000000)
  eden space 133120K, 0% used [0x00000000d5f80000,0x00000000d5f80000,0x00000000de180000)
  from space 5120K, 99% used [0x00000000de180000,0x00000000de67ebd8,0x00000000de680000)
  to   space 13312K, 0% used [0x00000000e3c80000,0x00000000e3c80000,0x00000000e4980000)
 ParOldGen       total 87552K, used 37699K [0x0000000081e00000, 0x0000000087380000, 0x00000000d5f80000)
  object space 87552K, 43% used [0x0000000081e00000,0x00000000842d0d30,0x0000000087380000)
 Metaspace       used 9370K, capacity 9532K, committed 9728K, reserved 1058816K
  class space    used 901K, capacity 950K, committed 1024K, reserved 1048576K
}
Event: 9.047 GC heap before
{Heap before GC invocations=10 (full 0):
 PSYoungGen      total 138240K, used 138234K [0x00000000d5f80000, 0x00000000e4980000, 0x0000000100000000)
  eden space 133120K, 100% used [0x00000000d5f80000,0x00000000de180000,0x00000000de180000)
  from space 5120K, 99% used [0x00000000de180000,0x00000000de67ebd8,0x00000000de680000)
  to   space 13312K, 0% used [0x00000000e3c80000,0x00000000e3c80000,0x00000000e4980000)
 ParOldGen       total 87552K, used 37699K [0x0000000081e00000, 0x0000000087380000, 0x00000000d5f80000)
  object space 87552K, 43% used [0x0000000081e00000,0x00000000842d0d30,0x0000000087380000)
 Metaspace       used 9390K, capacity 9596K, committed 9728K, reserved 1058816K
  class space    used 901K, capacity 950K, committed 1024K, reserved 1048576K
Event: 9.063 GC heap after
Heap after GC invocations=10 (full 0):
 PSYoungGen      total 226304K, used 6634K [0x00000000d5f80000, 0x00000000e4980000, 0x0000000100000000)
  eden space 212992K, 0% used [0x00000000d5f80000,0x00000000d5f80000,0x00000000e2f80000)
  from space 13312K, 49% used [0x00000000e3c80000,0x00000000e42fa828,0x00000000e4980000)
  to   space 13312K, 0% used [0x00000000e2f80000,0x00000000e2f80000,0x00000000e3c80000)
 ParOldGen       total 87552K, used 41729K [0x0000000081e00000, 0x0000000087380000, 0x00000000d5f80000)
  object space 87552K, 47% used [0x0000000081e00000,0x00000000846c0700,0x0000000087380000)
 Metaspace       used 9390K, capacity 9596K, committed 9728K, reserved 1058816K
  class space    used 901K, capacity 950K, committed 1024K, reserved 1048576K
}

Deoptimization events (10 events):
Event: 4.576 Thread 0x0000000002212800 Uncommon trap: reason=array_check action=maybe_recompile pc=0x00000000028e01f0 method=java.io.ObjectInputStream.readArray(Z)Ljava/lang/Object; @ 406
Event: 4.576 Thread 0x0000000002212800 Uncommon trap: reason=array_check action=maybe_recompile pc=0x00000000028e01f0 method=java.io.ObjectInputStream.readArray(Z)Ljava/lang/Object; @ 406
Event: 4.576 Thread 0x0000000002212800 Uncommon trap: reason=array_check action=maybe_recompile pc=0x00000000028e01f0 method=java.io.ObjectInputStream.readArray(Z)Ljava/lang/Object; @ 406
Event: 5.210 Thread 0x0000000002212800 Uncommon trap: reason=unstable_if action=reinterpret pc=0x00000000026177ec method=com.mysql.jdbc.ResultSetRow.getString(Ljava/lang/String;Lcom/mysql/jdbc/MySQLConnection;[BII)Ljava/lang/String; @ 40
Event: 5.445 Thread 0x0000000002212800 Uncommon trap: reason=unstable_if action=reinterpret pc=0x000000000293b7d4 method=weka.classifiers.evaluation.Evaluation.evaluationForSingleInstance([DLweka/core/Instance;Z)D @ 50
Event: 6.254 Thread 0x0000000002212800 Uncommon trap: reason=unstable_if action=reinterpret pc=0x00000000029a934c method=weka.classifiers.evaluation.ThresholdCurve.getCurve(Lweka/core/FastVector;I)Lweka/core/Instances; @ 343
Event: 6.268 Thread 0x0000000002212800 Uncommon trap: reason=unstable_if action=reinterpret pc=0x0000000002987890 method=weka.classifiers.evaluation.ThresholdCurve.getCurve(Lweka/core/FastVector;I)Lweka/core/Instances; @ 343
Event: 6.295 Thread 0x0000000002212800 Uncommon trap: reason=unstable_if action=reinterpret pc=0x00000000029f1310 method=weka.classifiers.evaluation.ThresholdCurve.getCurve(Lweka/core/FastVector;I)Lweka/core/Instances; @ 343
Event: 8.651 Thread 0x0000000002212800 Uncommon trap: reason=unstable_if action=reinterpret pc=0x0000000002a7ceb8 method=java.util.HashMap.removeNode(ILjava/lang/Object;Ljava/lang/Object;ZZ)Ljava/util/HashMap$Node; @ 89
Event: 9.992 Thread 0x0000000002212800 Uncommon trap: reason=unstable_if action=reinterpret pc=0x0000000002700958 method=java.nio.charset.CharsetEncoder.encode(Ljava/nio/CharBuffer;)Ljava/nio/ByteBuffer; @ 18

Internal exceptions (10 events):
Event: 2.849 Thread 0x0000000002212800 Exception <a 'java/lang/NoSuchMethodError': <clinit>> (0x00000000d649e0f8) thrown at [C:\re\workspace\8-2-build-windows-amd64-cygwin\jdk8u60\4407\hotspot\src\share\vm\prims\jni.cpp, line 1591]
Event: 2.859 Thread 0x0000000002212800 Exception <a 'java/lang/NoSuchMethodError': <clinit>> (0x00000000d64bb8c0) thrown at [C:\re\workspace\8-2-build-windows-amd64-cygwin\jdk8u60\4407\hotspot\src\share\vm\prims\jni.cpp, line 1591]
Event: 2.860 Thread 0x0000000002212800 Exception <a 'java/lang/NoSuchMethodError': <clinit>> (0x00000000d64bc1f0) thrown at [C:\re\workspace\8-2-build-windows-amd64-cygwin\jdk8u60\4407\hotspot\src\share\vm\prims\jni.cpp, line 1591]
Event: 2.863 Thread 0x0000000002212800 Exception <a 'java/lang/NoSuchMethodError': <clinit>> (0x00000000d64c30a8) thrown at [C:\re\workspace\8-2-build-windows-amd64-cygwin\jdk8u60\4407\hotspot\src\share\vm\prims\jni.cpp, line 1591]
Event: 2.865 Thread 0x0000000002212800 Exception <a 'java/lang/NoSuchMethodError': <clinit>> (0x00000000d64c3c78) thrown at [C:\re\workspace\8-2-build-windows-amd64-cygwin\jdk8u60\4407\hotspot\src\share\vm\prims\jni.cpp, line 1591]
Event: 2.866 Thread 0x0000000002212800 Exception <a 'java/lang/NoSuchMethodError': <clinit>> (0x00000000d64c4678) thrown at [C:\re\workspace\8-2-build-windows-amd64-cygwin\jdk8u60\4407\hotspot\src\share\vm\prims\jni.cpp, line 1591]
Event: 2.977 Thread 0x0000000002212800 Exception <a 'java/lang/NoSuchMethodError': <clinit>> (0x00000000d6838c20) thrown at [C:\re\workspace\8-2-build-windows-amd64-cygwin\jdk8u60\4407\hotspot\src\share\vm\prims\jni.cpp, line 1591]
Event: 3.484 Thread 0x0000000002212800 Implicit null exception at 0x00000000027a3081 to 0x00000000027a5d21
Event: 3.541 Thread 0x0000000002212800 Implicit null exception at 0x00000000027b16a0 to 0x00000000027b28f1
Event: 5.210 Thread 0x0000000002212800 Implicit null exception at 0x0000000002616c4b to 0x000000000261779d

Events (10 events):
Event: 9.809 Thread 0x0000000002212800 DEOPT UNPACKING pc=0x00000000023d787f sp=0x0000000000a6e188 mode 0
Event: 9.815 Thread 0x0000000002212800 DEOPT PACKING pc=0x0000000002ad4547 sp=0x0000000000a6e310
Event: 9.815 Thread 0x0000000002212800 DEOPT UNPACKING pc=0x00000000023d787f sp=0x0000000000a6e138 mode 0
Event: 9.820 Thread 0x0000000002212800 DEOPT PACKING pc=0x0000000002ad4547 sp=0x0000000000a6e000
Event: 9.820 Thread 0x0000000002212800 DEOPT UNPACKING pc=0x00000000023d787f sp=0x0000000000a6de28 mode 0
Event: 9.826 Thread 0x0000000002212800 DEOPT PACKING pc=0x0000000002ad4547 sp=0x0000000000a6e450
Event: 9.827 Thread 0x0000000002212800 DEOPT UNPACKING pc=0x00000000023d787f sp=0x0000000000a6e2a8 mode 0
Event: 9.992 Thread 0x0000000002212800 Uncommon trap: trap_request=0xffffff65 fr.pc=0x0000000002700958
Event: 9.992 Thread 0x0000000002212800 DEOPT PACKING pc=0x0000000002700958 sp=0x0000000000a6e4e0
Event: 9.992 Thread 0x0000000002212800 DEOPT UNPACKING pc=0x00000000023d582a sp=0x0000000000a6e3b0 mode 2


Dynamic libraries:
0x00007ff62a8d0000 - 0x00007ff62a907000 	C:\Program Files\Java\jdk1.8.0_60\bin\java.exe
0x00007ff97bb80000 - 0x00007ff97bd41000 	C:\WINDOWS\SYSTEM32\ntdll.dll
0x00007ff97ba90000 - 0x00007ff97bb3d000 	C:\WINDOWS\system32\KERNEL32.DLL
0x00007ff978ab0000 - 0x00007ff978c98000 	C:\WINDOWS\system32\KERNELBASE.dll
0x00007ff976990000 - 0x00007ff976a09000 	C:\WINDOWS\system32\apphelp.dll
0x00007ff97b8a0000 - 0x00007ff97b947000 	C:\WINDOWS\system32\ADVAPI32.dll
0x00007ff9790d0000 - 0x00007ff97916d000 	C:\WINDOWS\system32\msvcrt.dll
0x00007ff97a270000 - 0x00007ff97a2cb000 	C:\WINDOWS\system32\sechost.dll
0x00007ff979880000 - 0x00007ff97999c000 	C:\WINDOWS\system32\RPCRT4.dll
0x00007ff979bb0000 - 0x00007ff979d06000 	C:\WINDOWS\system32\USER32.dll
0x00007ff9796f0000 - 0x00007ff979876000 	C:\WINDOWS\system32\GDI32.dll
0x00007ff96bef0000 - 0x00007ff96c164000 	C:\WINDOWS\WinSxS\amd64_microsoft.windows.common-controls_6595b64144ccf1df_6.0.10586.0_none_8c15ae12515e1c22\COMCTL32.dll
0x00007ff979d10000 - 0x00007ff979f8d000 	C:\WINDOWS\system32\combase.dll
0x00007ff978340000 - 0x00007ff9783aa000 	C:\WINDOWS\system32\bcryptPrimitives.dll
0x00007ff979090000 - 0x00007ff9790cb000 	C:\WINDOWS\system32\IMM32.DLL
0x0000000071530000 - 0x0000000071602000 	C:\Program Files\Java\jdk1.8.0_60\jre\bin\msvcr100.dll
0x0000000070ca0000 - 0x0000000071529000 	C:\Program Files\Java\jdk1.8.0_60\jre\bin\server\jvm.dll
0x00007ff979ff0000 - 0x00007ff979ff8000 	C:\WINDOWS\system32\PSAPI.DLL
0x00007ff971860000 - 0x00007ff971869000 	C:\WINDOWS\SYSTEM32\WSOCK32.dll
0x00007ff9768a0000 - 0x00007ff9768c3000 	C:\WINDOWS\SYSTEM32\WINMM.dll
0x00007ff97b830000 - 0x00007ff97b89b000 	C:\WINDOWS\system32\WS2_32.dll
0x00007ff96f1b0000 - 0x00007ff96f1ba000 	C:\WINDOWS\SYSTEM32\VERSION.dll
0x00007ff976870000 - 0x00007ff97689c000 	C:\WINDOWS\SYSTEM32\WINMMBASE.dll
0x00007ff978230000 - 0x00007ff978273000 	C:\WINDOWS\system32\cfgmgr32.dll
0x00000000720c0000 - 0x00000000720cf000 	C:\Program Files\Java\jdk1.8.0_60\jre\bin\verify.dll
0x0000000072090000 - 0x00000000720b9000 	C:\Program Files\Java\jdk1.8.0_60\jre\bin\java.dll
0x0000000072070000 - 0x0000000072086000 	C:\Program Files\Java\jdk1.8.0_60\jre\bin\zip.dll
0x00007ff97a2d0000 - 0x00007ff97b82f000 	C:\WINDOWS\system32\SHELL32.dll
0x00007ff9783b0000 - 0x00007ff9789f4000 	C:\WINDOWS\system32\windows.storage.dll
0x00007ff978f80000 - 0x00007ff978fd2000 	C:\WINDOWS\system32\shlwapi.dll
0x00007ff978210000 - 0x00007ff97821f000 	C:\WINDOWS\system32\kernel.appcore.dll
0x00007ff978280000 - 0x00007ff978335000 	C:\WINDOWS\system32\shcore.dll
0x00007ff9781c0000 - 0x00007ff97820b000 	C:\WINDOWS\system32\powrprof.dll
0x00007ff9781a0000 - 0x00007ff9781b4000 	C:\WINDOWS\system32\profapi.dll
0x0000000072050000 - 0x000000007206a000 	C:\Program Files\Java\jdk1.8.0_60\jre\bin\net.dll
0x00007ff977a70000 - 0x00007ff977acc000 	C:\WINDOWS\system32\mswsock.dll
0x00007ff976b20000 - 0x00007ff976bca000 	C:\WINDOWS\SYSTEM32\DNSAPI.dll
0x00007ff97bb40000 - 0x00007ff97bb48000 	C:\WINDOWS\system32\NSI.dll
0x00007ff96db40000 - 0x00007ff96db4a000 	C:\Windows\System32\rasadhlp.dll
0x00007ff9704c0000 - 0x00007ff970527000 	C:\WINDOWS\System32\fwpuclnt.dll
0x00007ff9780d0000 - 0x00007ff9780f9000 	C:\WINDOWS\SYSTEM32\bcrypt.dll

VM Arguments:
java_command: edu.purdue.simulation.BlockStorageSimulator -isTraining false -trainingExperimentID 167 -assessmentPolicy EfficiencyFirst -machineLearningAlgorithm BayesianNetwork -feedBackLearning true -feedbackLearningInterval 180 -modClockBy 300 -StochasticEventGenerator.clockGapProbability 140 -workloadID 161 -devideDeleteFactorBy 2.5 -maxRequest 10000 -startTestDatasetFromRecordRank 10000
java_class_path (initial): D:\Dropbox\WorkSpaceLuna\MLBlockStorage\target\classes;D:\Dropbox\Research\MLScheduler\jar\libs\ant-1.8.2.jar;D:\Dropbox\Research\MLScheduler\jar\libs\ant-launcher-1.8.2.jar;D:\Dropbox\Research\MLScheduler\jar\libs\commons-csv-1.2.jar;D:\Dropbox\Research\MLScheduler\jar\libs\commons-lang3-3.0.jar;D:\Dropbox\Research\MLScheduler\jar\libs\commons-math3-3.2.jar;D:\Dropbox\Research\MLScheduler\jar\libs\java-cup-0.11a.jar;D:\Dropbox\Research\MLScheduler\jar\libs\joda-time-2.9.jar;D:\Dropbox\Research\MLScheduler\jar\libs\mysql-connector-java-5.1.35.jar;D:\Dropbox\Research\MLScheduler\jar\libs\pentaho-package-manager-1.0.8.jar;D:\Dropbox\Research\MLScheduler\jar\libs\weka-dev-3.7.10.jar
Launcher Type: SUN_STANDARD

Environment Variables:
JAVA_HOME=C:\Program Files\Java\jdk1.7.0_11
CLASSPATH=C:\Program Files\libsvm-3.20\java\libsvm.jar;D:\Tools\ML\liblinear.jar
PATH=C:/Program Files/Java/jdk1.7.0_11/bin/../jre/bin/server;C:/Program Files/Java/jdk1.7.0_11/bin/../jre/bin;C:/Program Files/Java/jdk1.7.0_11/bin/../jre/lib/amd64;D:\Python 3.5\Scripts\;D:\Python 3.5\;C:\ProgramData\Oracle\Java\javapath;C:\Program Files (x86)\iis express\PHP\v5.4;C:\Program Files (x86)\Intel\iCLS Client\;C:\Program Files\Intel\iCLS Client\;C:\WINDOWS\system32;C:\WINDOWS;C:\WINDOWS\System32\Wbem;C:\WINDOWS\System32\WindowsPowerShell\v1.0\;C:\Program Files\Intel\Intel(R) Management Engine Components\DAL;C:\Program Files\Intel\Intel(R) Management Engine Components\IPT;C:\Program Files (x86)\Intel\Intel(R) Management Engine Components\DAL;C:\Program Files (x86)\Intel\Intel(R) Management Engine Components\IPT;C:\Program Files (x86)\Intel\OpenCL SDK\2.0\bin\x86;C:\Program Files (x86)\Intel\OpenCL SDK\2.0\bin\x64;C:\Program Files (x86)\Microsoft ASP.NET\ASP.NET Web Pages\v1.0\;C:\Program Files (x86)\Windows Kits\8.0\Windows Performance Toolkit\;C:\Program Files\Microsoft SQL Server\110\Tools\Binn\;C:\Program Files (x86)\Microsoft SQL Server\100\Tools\Binn\;C:\Program Files\Microsoft SQL Server\100\Tools\Binn\;C:\Program Files\Microsoft SQL Server\1;C:\Program Files\MySQL\MySQL Server 5.5\bin;;C:\Program Files (x86)\Windows Kits\8.1\Windows Performance Toolkit\;C:\Program Files (x86)\Windows Live\Shared;C:\Program Files\Microsoft SQL Server\100\DTS\Binn\;C:\Program Files (x86)\Git\cmd;C:\Program Files (x86)\nodejs\;C:\Program Files\Java\jdk1.7.0_11\bin;C:\Users\babak\.dnx\bin;C:\Program Files\Microsoft DNX\Dnvm\;C:\Program Files (x86)\MiKTeX 2.9\miktex\bin\;C:\Program Files (x86)\Skype\Phone\;C:\Program Files (x86)\MySQL\MySQL Fabric 1.5 & MySQL Utilities 1.5\;C:\Program Files (x86)\MySQL\MySQL Fabric 1.5 & MySQL Utilities 1.5\Doctrine extensions for PHP\;C:\Program Files\Microsoft SQL Server\120\Tools\Binn\;C:\WINDOWS\system32;C:\WINDOWS;C:\WINDOWS\System32\Wbem;C:\WINDOWS\System32\WindowsPowerShell\v1.0\;C:\Users\babak\AppData\Roaming\npm;D:\Tools\eclipse;
USERNAME=babak
OS=Windows_NT
PROCESSOR_IDENTIFIER=Intel64 Family 6 Model 58 Stepping 9, GenuineIntel



---------------  S Y S T E M  ---------------

OS: Windows 10.0 , 64 bit Build 10586 (10.0.10586.0)

CPU:total 4 (2 cores per cpu, 2 threads per core) family 6 model 58 stepping 9, cmov, cx8, fxsr, mmx, sse, sse2, sse3, ssse3, sse4.1, sse4.2, popcnt, avx, aes, clmul, erms, ht, tsc, tscinvbit, tscinv

Memory: 4k page, physical 8264984k(523720k free), swap 23418644k(5604k free)

vm_info: Java HotSpot(TM) 64-Bit Server VM (25.60-b23) for windows-amd64 JRE (1.8.0_60-b27), built on Aug  4 2015 11:06:27 by "java_re" with MS VC++ 10.0 (VS2010)

time: Sun Jan 24 12:51:43 2016
elapsed time: 10 seconds (0d 0h 0m 10s)

