#
# There is insufficient memory for the Java Runtime Environment to continue.
# Native memory allocation (malloc) failed to allocate 822256 bytes for Chunk::new
# Possible reasons:
#   The system is out of physical RAM or swap space
#   In 32 bit mode, the process size limit was hit
# Possible solutions:
#   Reduce memory load on the system
#   Increase physical memory or swap space
#   Check if swap backing store is full
#   Use 64 bit Java on a 64 bit OS
#   Decrease Java heap size (-Xmx/-Xms)
#   Decrease number of Java threads
#   Decrease Java thread stack sizes (-Xss)
#   Set larger code cache with -XX:ReservedCodeCacheSize=
# This output file may be truncated or incomplete.
#
#  Out of Memory Error (allocation.cpp:390), pid=7780, tid=11156
#
# JRE version: Java(TM) SE Runtime Environment (8.0_60-b27) (build 1.8.0_60-b27)
# Java VM: Java HotSpot(TM) 64-Bit Server VM (25.60-b23 mixed mode windows-amd64 compressed oops)
# Failed to write core dump. Minidumps are not enabled by default on client versions of Windows
#

---------------  T H R E A D  ---------------

Current thread (0x0000000016e21800):  JavaThread "C2 CompilerThread1" daemon [_thread_in_native, id=11156, stack(0x0000000018560000,0x0000000018660000)]

Stack: [0x0000000018560000,0x0000000018660000]
[error occurred during error reporting (printing stack bounds), id 0xc0000005]

Native frames: (J=compiled Java code, j=interpreted, Vv=VM code, C=native code)


Current CompileTask:
C2:  10859 2007       4       edu.purdue.simulation.blockstorage.VolumePerformanceMeter::save (284 bytes)


---------------  P R O C E S S  ---------------

Java Threads: ( => current thread )
  0x00000000188f9000 JavaThread "Abandoned connection cleanup thread" daemon [_thread_blocked, id=3668, stack(0x0000000018d60000,0x0000000018e60000)]
  0x0000000018790000 JavaThread "Service Thread" daemon [_thread_blocked, id=13308, stack(0x0000000018b60000,0x0000000018c60000)]
  0x0000000016e1d800 JavaThread "C1 CompilerThread2" daemon [_thread_blocked, id=12392, stack(0x0000000018660000,0x0000000018760000)]
=>0x0000000016e21800 JavaThread "C2 CompilerThread1" daemon [_thread_in_native, id=11156, stack(0x0000000018560000,0x0000000018660000)]
  0x0000000016e2b000 JavaThread "C2 CompilerThread0" daemon [_thread_in_native, id=12924, stack(0x0000000018460000,0x0000000018560000)]
  0x0000000016e28800 JavaThread "Attach Listener" daemon [_thread_blocked, id=12528, stack(0x0000000018360000,0x0000000018460000)]
  0x0000000016e27000 JavaThread "Signal Dispatcher" daemon [_thread_blocked, id=1804, stack(0x0000000018260000,0x0000000018360000)]
  0x0000000002267800 JavaThread "Finalizer" daemon [_thread_blocked, id=11932, stack(0x0000000018080000,0x0000000018180000)]
  0x0000000016de9000 JavaThread "Reference Handler" daemon [_thread_blocked, id=10060, stack(0x0000000017f80000,0x0000000018080000)]
  0x0000000002172800 JavaThread "main" [_thread_in_native, id=13176, stack(0x0000000000910000,0x0000000000a10000)]

Other Threads:
  0x0000000016de7000 VMThread [stack: 0x0000000017e80000,0x0000000017f80000] [id=12332]
  0x00000000187b5000 WatcherThread [stack: 0x0000000018c60000,0x0000000018d60000] [id=2280]

VM state:not at safepoint (normal execution)

VM Mutex/Monitor currently owned by a thread: None

Heap:
 PSYoungGen      total 102400K, used 72216K [0x00000000d5f80000, 0x00000000dcd80000, 0x0000000100000000)
  eden space 93184K, 77% used [0x00000000d5f80000,0x00000000da5eeb00,0x00000000dba80000)
  from space 9216K, 1% used [0x00000000dc480000,0x00000000dc497688,0x00000000dcd80000)
  to   space 9728K, 0% used [0x00000000dba80000,0x00000000dba80000,0x00000000dc400000)
 ParOldGen       total 87552K, used 46991K [0x0000000081e00000, 0x0000000087380000, 0x00000000d5f80000)
  object space 87552K, 53% used [0x0000000081e00000,0x0000000084be3d10,0x0000000087380000)
 Metaspace       used 9565K, capacity 9744K, committed 9984K, reserved 1058816K
  class space    used 887K, capacity 940K, committed 1024K, reserved 1048576K

Card table byte_map: [0x00000000116c0000,0x0000000011ac0000] byte_map_base: 0x00000000112b1000

Marking Bits: (ParMarkBitMap*) 0x00000000714aa5b0
 Begin Bits: [0x0000000012170000, 0x00000000140f8000)
 End Bits:   [0x00000000140f8000, 0x0000000016080000)

Polling page: 0x0000000000a10000

CodeCache: size=245760Kb used=6870Kb max_used=8957Kb free=238889Kb
 bounds [0x0000000002300000, 0x0000000002bd0000, 0x0000000011300000]
 total_blobs=2027 nmethods=1653 adapters=287
 compilation: enabled

Compilation events (10 events):
Event: 10.664 Thread 0x0000000016e1d800 2003       3       java.util.ArrayList::fastRemove (57 bytes)
Event: 10.665 Thread 0x0000000016e1d800 nmethod 2003 0x0000000002486ad0 code [0x0000000002486c40, 0x0000000002487028]
Event: 10.686 Thread 0x0000000016e2b000 2004       4       java.math.BigDecimal::valueOf (57 bytes)
Event: 10.687 Thread 0x0000000016e2b000 nmethod 2004 0x0000000002473650 code [0x00000000024737a0, 0x00000000024738d8]
Event: 10.708 Thread 0x0000000016e21800 2005       4       java.util.regex.Pattern$BitClass::isSatisfiedBy (22 bytes)
Event: 10.709 Thread 0x0000000016e21800 nmethod 2005 0x0000000002634d50 code [0x0000000002634e80, 0x0000000002634f38]
Event: 10.739 Thread 0x0000000016e2b000 2006       4       java.lang.AbstractStringBuilder::append (191 bytes)
Event: 10.748 Thread 0x0000000016e2b000 nmethod 2006 0x00000000024f7e90 code [0x00000000024f8000, 0x00000000024f8658]
Event: 10.823 Thread 0x0000000016e21800 2007       4       edu.purdue.simulation.blockstorage.VolumePerformanceMeter::save (284 bytes)
Event: 10.823 Thread 0x0000000016e2b000 2008       4       edu.purdue.simulation.blockstorage.VolumePerformanceMeter::toString (70 bytes)

GC Heap History (10 events):
Event: 9.579 GC heap before
{Heap before GC invocations=20 (full 0):
 PSYoungGen      total 71680K, used 66628K [0x00000000d5f80000, 0x00000000daa80000, 0x0000000100000000)
  eden space 66560K, 99% used [0x00000000d5f80000,0x00000000da07d930,0x00000000da080000)
  from space 5120K, 1% used [0x00000000da080000,0x00000000da093810,0x00000000da580000)
  to   space 5120K, 0% used [0x00000000da580000,0x00000000da580000,0x00000000daa80000)
 ParOldGen       total 87552K, used 39815K [0x0000000081e00000, 0x0000000087380000, 0x00000000d5f80000)
  object space 87552K, 45% used [0x0000000081e00000,0x00000000844e1d00,0x0000000087380000)
 Metaspace       used 9556K, capacity 9744K, committed 9984K, reserved 1058816K
  class space    used 887K, capacity 940K, committed 1024K, reserved 1048576K
Event: 9.583 GC heap after
Heap after GC invocations=20 (full 0):
 PSYoungGen      total 71680K, used 3325K [0x00000000d5f80000, 0x00000000daa80000, 0x0000000100000000)
  eden space 66560K, 0% used [0x00000000d5f80000,0x00000000d5f80000,0x00000000da080000)
  from space 5120K, 64% used [0x00000000da580000,0x00000000da8bf4b8,0x00000000daa80000)
  to   space 5120K, 0% used [0x00000000da080000,0x00000000da080000,0x00000000da580000)
 ParOldGen       total 87552K, used 39815K [0x0000000081e00000, 0x0000000087380000, 0x00000000d5f80000)
  object space 87552K, 45% used [0x0000000081e00000,0x00000000844e1d00,0x0000000087380000)
 Metaspace       used 9556K, capacity 9744K, committed 9984K, reserved 1058816K
  class space    used 887K, capacity 940K, committed 1024K, reserved 1048576K
}
Event: 9.597 GC heap before
{Heap before GC invocations=21 (full 0):
 PSYoungGen      total 71680K, used 69829K [0x00000000d5f80000, 0x00000000daa80000, 0x0000000100000000)
  eden space 66560K, 99% used [0x00000000d5f80000,0x00000000da0722d8,0x00000000da080000)
  from space 5120K, 64% used [0x00000000da580000,0x00000000da8bf4b8,0x00000000daa80000)
  to   space 5120K, 0% used [0x00000000da080000,0x00000000da080000,0x00000000da580000)
 ParOldGen       total 87552K, used 39815K [0x0000000081e00000, 0x0000000087380000, 0x00000000d5f80000)
  object space 87552K, 45% used [0x0000000081e00000,0x00000000844e1d00,0x0000000087380000)
 Metaspace       used 9556K, capacity 9744K, committed 9984K, reserved 1058816K
  class space    used 887K, capacity 940K, committed 1024K, reserved 1048576K
Event: 9.601 GC heap after
Heap after GC invocations=21 (full 0):
 PSYoungGen      total 71680K, used 90K [0x00000000d5f80000, 0x00000000daa80000, 0x0000000100000000)
  eden space 66560K, 0% used [0x00000000d5f80000,0x00000000d5f80000,0x00000000da080000)
  from space 5120K, 1% used [0x00000000da080000,0x00000000da0968a8,0x00000000da580000)
  to   space 5120K, 0% used [0x00000000da580000,0x00000000da580000,0x00000000daa80000)
 ParOldGen       total 87552K, used 43079K [0x0000000081e00000, 0x0000000087380000, 0x00000000d5f80000)
  object space 87552K, 49% used [0x0000000081e00000,0x0000000084811d00,0x0000000087380000)
 Metaspace       used 9556K, capacity 9744K, committed 9984K, reserved 1058816K
  class space    used 887K, capacity 940K, committed 1024K, reserved 1048576K
}
Event: 9.615 GC heap before
{Heap before GC invocations=22 (full 0):
 PSYoungGen      total 71680K, used 66619K [0x00000000d5f80000, 0x00000000daa80000, 0x0000000100000000)
  eden space 66560K, 99% used [0x00000000d5f80000,0x00000000da0785d8,0x00000000da080000)
  from space 5120K, 1% used [0x00000000da080000,0x00000000da0968a8,0x00000000da580000)
  to   space 5120K, 0% used [0x00000000da580000,0x00000000da580000,0x00000000daa80000)
 ParOldGen       total 87552K, used 43079K [0x0000000081e00000, 0x0000000087380000, 0x00000000d5f80000)
  object space 87552K, 49% used [0x0000000081e00000,0x0000000084811d00,0x0000000087380000)
 Metaspace       used 9556K, capacity 9744K, committed 9984K, reserved 1058816K
  class space    used 887K, capacity 940K, committed 1024K, reserved 1048576K
Event: 9.616 GC heap after
Heap after GC invocations=22 (full 0):
 PSYoungGen      total 71680K, used 185K [0x00000000d5f80000, 0x00000000daa80000, 0x0000000100000000)
  eden space 66560K, 0% used [0x00000000d5f80000,0x00000000d5f80000,0x00000000da080000)
  from space 5120K, 3% used [0x00000000da580000,0x00000000da5ae7a0,0x00000000daa80000)
  to   space 5120K, 0% used [0x00000000da080000,0x00000000da080000,0x00000000da580000)
 ParOldGen       total 87552K, used 43079K [0x0000000081e00000, 0x0000000087380000, 0x00000000d5f80000)
  object space 87552K, 49% used [0x0000000081e00000,0x0000000084811d00,0x0000000087380000)
 Metaspace       used 9556K, capacity 9744K, committed 9984K, reserved 1058816K
  class space    used 887K, capacity 940K, committed 1024K, reserved 1048576K
}
Event: 10.571 GC heap before
{Heap before GC invocations=23 (full 0):
 PSYoungGen      total 71680K, used 66697K [0x00000000d5f80000, 0x00000000daa80000, 0x0000000100000000)
  eden space 66560K, 99% used [0x00000000d5f80000,0x00000000da073e78,0x00000000da080000)
  from space 5120K, 3% used [0x00000000da580000,0x00000000da5ae7a0,0x00000000daa80000)
  to   space 5120K, 0% used [0x00000000da080000,0x00000000da080000,0x00000000da580000)
 ParOldGen       total 87552K, used 43079K [0x0000000081e00000, 0x0000000087380000, 0x00000000d5f80000)
  object space 87552K, 49% used [0x0000000081e00000,0x0000000084811d00,0x0000000087380000)
 Metaspace       used 9564K, capacity 9744K, committed 9984K, reserved 1058816K
  class space    used 887K, capacity 940K, committed 1024K, reserved 1048576K
Event: 10.576 GC heap after
Heap after GC invocations=23 (full 0):
 PSYoungGen      total 71680K, used 3971K [0x00000000d5f80000, 0x00000000dce80000, 0x0000000100000000)
  eden space 66560K, 0% used [0x00000000d5f80000,0x00000000d5f80000,0x00000000da080000)
  from space 5120K, 77% used [0x00000000da080000,0x00000000da460ea0,0x00000000da580000)
  to   space 10240K, 0% used [0x00000000dc480000,0x00000000dc480000,0x00000000dce80000)
 ParOldGen       total 87552K, used 43079K [0x0000000081e00000, 0x0000000087380000, 0x00000000d5f80000)
  object space 87552K, 49% used [0x0000000081e00000,0x0000000084811d00,0x0000000087380000)
 Metaspace       used 9564K, capacity 9744K, committed 9984K, reserved 1058816K
  class space    used 887K, capacity 940K, committed 1024K, reserved 1048576K
}
Event: 10.588 GC heap before
{Heap before GC invocations=24 (full 0):
 PSYoungGen      total 71680K, used 70472K [0x00000000d5f80000, 0x00000000dce80000, 0x0000000100000000)
  eden space 66560K, 99% used [0x00000000d5f80000,0x00000000da071548,0x00000000da080000)
  from space 5120K, 77% used [0x00000000da080000,0x00000000da460ea0,0x00000000da580000)
  to   space 10240K, 0% used [0x00000000dc480000,0x00000000dc480000,0x00000000dce80000)
 ParOldGen       total 87552K, used 43079K [0x0000000081e00000, 0x0000000087380000, 0x00000000d5f80000)
  object space 87552K, 49% used [0x0000000081e00000,0x0000000084811d00,0x0000000087380000)
 Metaspace       used 9564K, capacity 9744K, committed 9984K, reserved 1058816K
  class space    used 887K, capacity 940K, committed 1024K, reserved 1048576K
Event: 10.592 GC heap after
Heap after GC invocations=24 (full 0):
 PSYoungGen      total 102400K, used 93K [0x00000000d5f80000, 0x00000000dcd80000, 0x0000000100000000)
  eden space 93184K, 0% used [0x00000000d5f80000,0x00000000d5f80000,0x00000000dba80000)
  from space 9216K, 1% used [0x00000000dc480000,0x00000000dc497688,0x00000000dcd80000)
  to   space 9728K, 0% used [0x00000000dba80000,0x00000000dba80000,0x00000000dc400000)
 ParOldGen       total 87552K, used 46991K [0x0000000081e00000, 0x0000000087380000, 0x00000000d5f80000)
  object space 87552K, 53% used [0x0000000081e00000,0x0000000084be3d10,0x0000000087380000)
 Metaspace       used 9564K, capacity 9744K, committed 9984K, reserved 1058816K
  class space    used 887K, capacity 940K, committed 1024K, reserved 1048576K
}

Deoptimization events (10 events):
Event: 2.371 Thread 0x0000000002172800 Uncommon trap: reason=array_check action=maybe_recompile pc=0x0000000002806498 method=java.io.ObjectInputStream.readArray(Z)Ljava/lang/Object; @ 406
Event: 2.374 Thread 0x0000000002172800 Uncommon trap: reason=array_check action=maybe_recompile pc=0x0000000002806498 method=java.io.ObjectInputStream.readArray(Z)Ljava/lang/Object; @ 406
Event: 3.053 Thread 0x0000000002172800 Uncommon trap: reason=unstable_if action=reinterpret pc=0x00000000027d1c4c method=java.io.BufferedInputStream.read()I @ 8
Event: 3.055 Thread 0x0000000002172800 Uncommon trap: reason=unstable_if action=reinterpret pc=0x00000000026fed18 method=java.io.BufferedInputStream.read()I @ 8
Event: 3.110 Thread 0x0000000002172800 Uncommon trap: reason=unstable_if action=reinterpret pc=0x000000000278a30c method=java.io.BufferedInputStream.read()I @ 8
Event: 3.111 Thread 0x0000000002172800 Uncommon trap: reason=unstable_if action=reinterpret pc=0x00000000026651ec method=java.io.BufferedInputStream.read()I @ 8
Event: 4.743 Thread 0x0000000002172800 Uncommon trap: reason=unstable_if action=reinterpret pc=0x0000000002719a00 method=weka.classifiers.evaluation.Evaluation.updateStatsForClassifier([DLweka/core/Instance;)V @ 358
Event: 6.081 Thread 0x0000000002172800 Uncommon trap: reason=unstable_if action=reinterpret pc=0x0000000002a08580 method=java.nio.charset.CharsetEncoder.encode(Ljava/nio/CharBuffer;)Ljava/nio/ByteBuffer; @ 18
Event: 6.124 Thread 0x0000000002172800 Uncommon trap: reason=unstable_if action=reinterpret pc=0x0000000002a10de0 method=java.nio.charset.CharsetEncoder.encode(Ljava/nio/CharBuffer;)Ljava/nio/ByteBuffer; @ 18
Event: 6.777 Thread 0x0000000002172800 Uncommon trap: reason=unstable_if action=reinterpret pc=0x000000000271d300 method=java.io.BufferedOutputStream.write([BII)V @ 6

Internal exceptions (10 events):
Event: 0.035 Thread 0x0000000002172800 Exception <a 'java/lang/NoSuchMethodError': Method sun.misc.Unsafe.prefetchRead(Ljava/lang/Object;J)V name or signature does not match> (0x00000000d5f8e988) thrown at [C:\re\workspace\8-2-build-windows-amd64-cygwin\jdk8u60\4407\hotspot\src\share\vm\prims\j¢EJ*¿I¼?
Event: 0.111 Thread 0x0000000002172800 Exception <a 'java/security/PrivilegedActionException'> (0x00000000d6188df8) thrown at [C:\re\workspace\8-2-build-windows-amd64-cygwin\jdk8u60\4407\hotspot\src\share\vm\prims\jvm.cpp, line 1386]
Event: 0.111 Thread 0x0000000002172800 Exception <a 'java/security/PrivilegedActionException'> (0x00000000d6189008) thrown at [C:\re\workspace\8-2-build-windows-amd64-cygwin\jdk8u60\4407\hotspot\src\share\vm\prims\jvm.cpp, line 1386]
Event: 0.151 Thread 0x0000000002172800 Exception <a 'java/security/PrivilegedActionException'> (0x00000000d6212bc8) thrown at [C:\re\workspace\8-2-build-windows-amd64-cygwin\jdk8u60\4407\hotspot\src\share\vm\prims\jvm.cpp, line 1386]
Event: 0.151 Thread 0x0000000002172800 Exception <a 'java/security/PrivilegedActionException'> (0x00000000d6212fc0) thrown at [C:\re\workspace\8-2-build-windows-amd64-cygwin\jdk8u60\4407\hotspot\src\share\vm\prims\jvm.cpp, line 1386]
Event: 0.152 Thread 0x0000000002172800 Exception <a 'java/security/PrivilegedActionException'> (0x00000000d6216ff0) thrown at [C:\re\workspace\8-2-build-windows-amd64-cygwin\jdk8u60\4407\hotspot\src\share\vm\prims\jvm.cpp, line 1386]
Event: 0.152 Thread 0x0000000002172800 Exception <a 'java/security/PrivilegedActionException'> (0x00000000d62173e8) thrown at [C:\re\workspace\8-2-build-windows-amd64-cygwin\jdk8u60\4407\hotspot\src\share\vm\prims\jvm.cpp, line 1386]
Event: 1.301 Thread 0x0000000002172800 Exception <a 'java/lang/NoSuchMethodError': <clinit>> (0x00000000d620aff8) thrown at [C:\re\workspace\8-2-build-windows-amd64-cygwin\jdk8u60\4407\hotspot\src\share\vm\prims\jni.cpp, line 1591]
Event: 1.301 Thread 0x0000000002172800 Exception <a 'java/lang/NoSuchMethodError': <clinit>> (0x00000000d620bd68) thrown at [C:\re\workspace\8-2-build-windows-amd64-cygwin\jdk8u60\4407\hotspot\src\share\vm\prims\jni.cpp, line 1591]
Event: 1.301 Thread 0x0000000002172800 Exception <a 'java/lang/NoSuchMethodError': <clinit>> (0x00000000d620ca10) thrown at [C:\re\workspace\8-2-build-windows-amd64-cygwin\jdk8u60\4407\hotspot\src\share\vm\prims\jni.cpp, line 1591]

Events (10 events):
Event: 10.709 Thread 0x0000000016e21800 flushing nmethod 0x00000000024db750
Event: 10.709 Thread 0x0000000016e21800 flushing nmethod 0x00000000024e0cd0
Event: 10.709 Thread 0x0000000016e21800 flushing nmethod 0x0000000002530f50
Event: 10.709 Thread 0x0000000016e21800 flushing nmethod 0x000000000254e390
Event: 10.709 Thread 0x0000000016e21800 flushing nmethod 0x0000000002569650
Event: 10.748 Thread 0x0000000016e2b000 flushing nmethod 0x0000000002570e50
Event: 10.748 Thread 0x0000000016e2b000 flushing nmethod 0x0000000002576590
Event: 10.748 Thread 0x0000000016e2b000 flushing nmethod 0x00000000025a3590
Event: 10.748 Thread 0x0000000016e2b000 flushing nmethod 0x00000000025a40d0
Event: 10.748 Thread 0x0000000016e2b000 flushing nmethod 0x00000000025a4490


Dynamic libraries:
0x00007ff62a8d0000 - 0x00007ff62a907000 	C:\Program Files\Java\jdk1.8.0_60\bin\java.exe
0x00007ff97bb80000 - 0x00007ff97bd41000 	C:\WINDOWS\SYSTEM32\ntdll.dll
0x00007ff97ba90000 - 0x00007ff97bb3d000 	C:\WINDOWS\system32\KERNEL32.DLL
0x00007ff978ab0000 - 0x00007ff978c98000 	C:\WINDOWS\system32\KERNELBASE.dll
0x00007ff976990000 - 0x00007ff976a09000 	C:\WINDOWS\system32\apphelp.dll
0x00007ff97b8a0000 - 0x00007ff97b947000 	C:\WINDOWS\system32\ADVAPI32.dll
0x00007ff9790d0000 - 0x00007ff97916d000 	C:\WINDOWS\system32\msvcrt.dll
0x00007ff97a270000 - 0x00007ff97a2cb000 	C:\WINDOWS\system32\sechost.dll
0x00007ff979880000 - 0x00007ff97999c000 	C:\WINDOWS\system32\RPCRT4.dll
0x00007ff979bb0000 - 0x00007ff979d06000 	C:\WINDOWS\system32\USER32.dll
0x00007ff9796f0000 - 0x00007ff979876000 	C:\WINDOWS\system32\GDI32.dll
0x00007ff96bef0000 - 0x00007ff96c164000 	C:\WINDOWS\WinSxS\amd64_microsoft.windows.common-controls_6595b64144ccf1df_6.0.10586.0_none_8c15ae12515e1c22\COMCTL32.dll
0x00007ff979d10000 - 0x00007ff979f8d000 	C:\WINDOWS\system32\combase.dll
0x00007ff978340000 - 0x00007ff9783aa000 	C:\WINDOWS\system32\bcryptPrimitives.dll
0x00007ff979090000 - 0x00007ff9790cb000 	C:\WINDOWS\system32\IMM32.DLL
0x0000000071530000 - 0x0000000071602000 	C:\Program Files\Java\jdk1.8.0_60\jre\bin\msvcr100.dll
0x0000000070ca0000 - 0x0000000071529000 	C:\Program Files\Java\jdk1.8.0_60\jre\bin\server\jvm.dll
0x00007ff979ff0000 - 0x00007ff979ff8000 	C:\WINDOWS\system32\PSAPI.DLL
0x00007ff96f1b0000 - 0x00007ff96f1ba000 	C:\WINDOWS\SYSTEM32\VERSION.dll
0x00007ff9768a0000 - 0x00007ff9768c3000 	C:\WINDOWS\SYSTEM32\WINMM.dll
0x00007ff971860000 - 0x00007ff971869000 	C:\WINDOWS\SYSTEM32\WSOCK32.dll
0x00007ff97b830000 - 0x00007ff97b89b000 	C:\WINDOWS\system32\WS2_32.dll
0x00007ff976870000 - 0x00007ff97689c000 	C:\WINDOWS\SYSTEM32\WINMMBASE.dll
0x00007ff978230000 - 0x00007ff978273000 	C:\WINDOWS\system32\cfgmgr32.dll
0x00000000720c0000 - 0x00000000720cf000 	C:\Program Files\Java\jdk1.8.0_60\jre\bin\verify.dll
0x0000000072090000 - 0x00000000720b9000 	C:\Program Files\Java\jdk1.8.0_60\jre\bin\java.dll
0x0000000072070000 - 0x0000000072086000 	C:\Program Files\Java\jdk1.8.0_60\jre\bin\zip.dll
0x00007ff97a2d0000 - 0x00007ff97b82f000 	C:\WINDOWS\system32\SHELL32.dll
0x00007ff9783b0000 - 0x00007ff9789f4000 	C:\WINDOWS\system32\windows.storage.dll
0x00007ff978f80000 - 0x00007ff978fd2000 	C:\WINDOWS\system32\shlwapi.dll
0x00007ff978210000 - 0x00007ff97821f000 	C:\WINDOWS\system32\kernel.appcore.dll
0x00007ff978280000 - 0x00007ff978335000 	C:\WINDOWS\system32\shcore.dll
0x00007ff9781c0000 - 0x00007ff97820b000 	C:\WINDOWS\system32\powrprof.dll
0x00007ff9781a0000 - 0x00007ff9781b4000 	C:\WINDOWS\system32\profapi.dll
0x0000000072050000 - 0x000000007206a000 	C:\Program Files\Java\jdk1.8.0_60\jre\bin\net.dll
0x00007ff977a70000 - 0x00007ff977acc000 	C:\WINDOWS\system32\mswsock.dll
0x00007ff976b20000 - 0x00007ff976bca000 	C:\WINDOWS\SYSTEM32\DNSAPI.dll
0x00007ff97bb40000 - 0x00007ff97bb48000 	C:\WINDOWS\system32\NSI.dll
0x00007ff96db40000 - 0x00007ff96db4a000 	C:\Windows\System32\rasadhlp.dll
0x00007ff9704c0000 - 0x00007ff970527000 	C:\WINDOWS\System32\fwpuclnt.dll
0x00007ff9780d0000 - 0x00007ff9780f9000 	C:\WINDOWS\SYSTEM32\bcrypt.dll

VM Arguments:
java_command: edu.purdue.simulation.BlockStorageSimulator -isTraining false -trainingExperimentID 167 -assessmentPolicy EfficiencyFirst -machineLearningAlgorithm J48 -feedBackLearning false -feedbackLearningInterval 180 -modClockBy 300 -StochasticEventGenerator.clockGapProbability 140 -workloadID 161 -devideDeleteFactorBy 2.5 -maxRequest 10000 -startTestDatasetFromRecordRank 10000
java_class_path (initial): D:\Dropbox\WorkSpaceLuna\MLBlockStorage\target\classes;D:\Dropbox\Research\MLScheduler\jar\libs\ant-1.8.2.jar;D:\Dropbox\Research\MLScheduler\jar\libs\ant-launcher-1.8.2.jar;D:\Dropbox\Research\MLScheduler\jar\libs\commons-csv-1.2.jar;D:\Dropbox\Research\MLScheduler\jar\libs\commons-lang3-3.0.jar;D:\Dropbox\Research\MLScheduler\jar\libs\commons-math3-3.2.jar;D:\Dropbox\Research\MLScheduler\jar\libs\java-cup-0.11a.jar;D:\Dropbox\Research\MLScheduler\jar\libs\joda-time-2.9.jar;D:\Dropbox\Research\MLScheduler\jar\libs\mysql-connector-java-5.1.35.jar;D:\Dropbox\Research\MLScheduler\jar\libs\pentaho-package-manager-1.0.8.jar;D:\Dropbox\Research\MLScheduler\jar\libs\weka-dev-3.7.10.jar
Launcher Type: SUN_STANDARD

Environment Variables:
JAVA_HOME=C:\Program Files\Java\jdk1.7.0_11
CLASSPATH=C:\Program Files\libsvm-3.20\java\libsvm.jar;D:\Tools\ML\liblinear.jar
PATH=C:/Program Files/Java/jdk1.7.0_11/bin/../jre/bin/server;C:/Program Files/Java/jdk1.7.0_11/bin/../jre/bin;C:/Program Files/Java/jdk1.7.0_11/bin/../jre/lib/amd64;D:\Python 3.5\Scripts\;D:\Python 3.5\;C:\ProgramData\Oracle\Java\javapath;C:\Program Files (x86)\iis express\PHP\v5.4;C:\Program Files (x86)\Intel\iCLS Client\;C:\Program Files\Intel\iCLS Client\;C:\WINDOWS\system32;C:\WINDOWS;C:\WINDOWS\System32\Wbem;C:\WINDOWS\System32\WindowsPowerShell\v1.0\;C:\Program Files\Intel\Intel(R) Management Engine Components\DAL;C:\Program Files\Intel\Intel(R) Management Engine Components\IPT;C:\Program Files (x86)\Intel\Intel(R) Management Engine Components\DAL;C:\Program Files (x86)\Intel\Intel(R) Management Engine Components\IPT;C:\Program Files (x86)\Intel\OpenCL SDK\2.0\bin\x86;C:\Program Files (x86)\Intel\OpenCL SDK\2.0\bin\x64;C:\Program Files (x86)\Microsoft ASP.NET\ASP.NET Web Pages\v1.0\;C:\Program Files (x86)\Windows Kits\8.0\Windows Performance Toolkit\;C:\Program Files\Microsoft SQL Server\110\Tools\Binn\;C:\Program Files (x86)\Microsoft SQL Server\100\Tools\Binn\;C:\Program Files\Microsoft SQL Server\100\Tools\Binn\;C:\Program Files\Microsoft SQL Server\1;C:\Program Files\MySQL\MySQL Server 5.5\bin;;C:\Program Files (x86)\Windows Kits\8.1\Windows Performance Toolkit\;C:\Program Files (x86)\Windows Live\Shared;C:\Program Files\Microsoft SQL Server\100\DTS\Binn\;C:\Program Files (x86)\Git\cmd;C:\Program Files (x86)\nodejs\;C:\Program Files\Java\jdk1.7.0_11\bin;C:\Users\babak\.dnx\bin;C:\Program Files\Microsoft DNX\Dnvm\;C:\Program Files (x86)\MiKTeX 2.9\miktex\bin\;C:\Program Files (x86)\Skype\Phone\;C:\Program Files (x86)\MySQL\MySQL Fabric 1.5 & MySQL Utilities 1.5\;C:\Program Files (x86)\MySQL\MySQL Fabric 1.5 & MySQL Utilities 1.5\Doctrine extensions for PHP\;C:\Program Files\Microsoft SQL Server\120\Tools\Binn\;C:\WINDOWS\system32;C:\WINDOWS;C:\WINDOWS\System32\Wbem;C:\WINDOWS\System32\WindowsPowerShell\v1.0\;C:\Users\babak\AppData\Roaming\npm;D:\Tools\eclipse;
USERNAME=babak
OS=Windows_NT
PROCESSOR_IDENTIFIER=Intel64 Family 6 Model 58 Stepping 9, GenuineIntel



---------------  S Y S T E M  ---------------

OS: Windows 10.0 , 64 bit Build 10586 (10.0.10586.0)

CPU:total 4 (2 cores per cpu, 2 threads per core) family 6 model 58 stepping 9, cmov, cx8, fxsr, mmx, sse, sse2, sse3, ssse3, sse4.1, sse4.2, popcnt, avx, aes, clmul, erms, ht, tsc, tscinvbit, tscinv

Memory: 4k page, physical 8264984k(772820k free), swap 23418644k(5620k free)

vm_info: Java HotSpot(TM) 64-Bit Server VM (25.60-b23) for windows-amd64 JRE (1.8.0_60-b27), built on Aug  4 2015 11:06:27 by "java_re" with MS VC++ 10.0 (VS2010)

time: Sun Jan 24 07:47:43 2016
elapsed time: 10 seconds (0d 0h 0m 10s)

